[    0.000000] Initializing cgroup subsys cpuset
[    0.000000] Initializing cgroup subsys cpu
[    0.000000] Initializing cgroup subsys cpuacct
[    0.000000] Linux version 4.4.0-210-generic (buildd@lgw01-amd64-009) (gcc version 5.4.0 20160609 (Ubuntu 5.4.0-6ubuntu1~16.04.12) ) #242-Ubuntu SMP Fri Apr 16 09:57:56 UTC 2021 (Ubuntu 4.4.0-210.242-generic 4.4.262)
[    0.000000] Command line: BOOT_IMAGE=/boot/vmlinuz-4.4.0-210-generic root=LABEL=cloudimg-rootfs ro console=tty1 console=ttyS0
[    0.000000] KERNEL supported cpus:
[    0.000000]   Intel GenuineIntel
[    0.000000]   AMD AuthenticAMD
[    0.000000]   Centaur CentaurHauls
[    0.000000] x86/fpu: xstate_offset[2]:  576, xstate_sizes[2]:  256
[    0.000000] x86/fpu: Supporting XSAVE feature 0x01: 'x87 floating point registers'
[    0.000000] x86/fpu: Supporting XSAVE feature 0x02: 'SSE registers'
[    0.000000] x86/fpu: Supporting XSAVE feature 0x04: 'AVX registers'
[    0.000000] x86/fpu: Enabled xstate features 0x7, context size is 832 bytes, using 'standard' format.
[    0.000000] e820: BIOS-provided physical RAM map:
[    0.000000] BIOS-e820: [mem 0x0000000000000000-0x000000000009fbff] usable
[    0.000000] BIOS-e820: [mem 0x000000000009fc00-0x000000000009ffff] reserved
[    0.000000] BIOS-e820: [mem 0x00000000000f0000-0x00000000000fffff] reserved
[    0.000000] BIOS-e820: [mem 0x0000000000100000-0x000000003ffeffff] usable
[    0.000000] BIOS-e820: [mem 0x000000003fff0000-0x000000003fffffff] ACPI data
[    0.000000] BIOS-e820: [mem 0x00000000fec00000-0x00000000fec00fff] reserved
[    0.000000] BIOS-e820: [mem 0x00000000fee00000-0x00000000fee00fff] reserved
[    0.000000] BIOS-e820: [mem 0x00000000fffc0000-0x00000000ffffffff] reserved
[    0.000000] NX (Execute Disable) protection: active
[    0.000000] SMBIOS 2.5 present.
[    0.000000] Hypervisor detected: KVM
[    0.000000] Kernel/User page tables isolation: disabled
[    0.000000] e820: last_pfn = 0x3fff0 max_arch_pfn = 0x400000000
[    0.000000] MTRR: Disabled
[    0.000000] x86/PAT: MTRRs disabled, skipping PAT initialization too.
[    0.000000] CPU MTRRs all blank - virtualized system.
[    0.000000] x86/PAT: Configuration [0-7]: WB  WT  UC- UC  WB  WT  UC- UC  
[    0.000000] found SMP MP-table at [mem 0x0009fff0-0x0009ffff] mapped at [ffff88000009fff0]
[    0.000000] Scanning 1 areas for low memory corruption
[    0.000000] RAMDISK: [mem 0x362dc000-0x37165fff]
[    0.000000] ACPI: Early table checksum verification disabled
[    0.000000] ACPI: RSDP 0x00000000000E0000 000024 (v02 VBOX  )
[    0.000000] ACPI: XSDT 0x000000003FFF0030 00003C (v01 VBOX   VBOXXSDT 00000001 ASL  00000061)
[    0.000000] ACPI: FACP 0x000000003FFF00F0 0000F4 (v04 VBOX   VBOXFACP 00000001 ASL  00000061)
[    0.000000] ACPI: DSDT 0x000000003FFF0470 002325 (v02 VBOX   VBOXBIOS 00000002 INTL 20100528)
[    0.000000] ACPI: FACS 0x000000003FFF0200 000040
[    0.000000] ACPI: FACS 0x000000003FFF0200 000040
[    0.000000] ACPI: APIC 0x000000003FFF0240 000054 (v02 VBOX   VBOXAPIC 00000001 ASL  00000061)
[    0.000000] ACPI: SSDT 0x000000003FFF02A0 0001CC (v01 VBOX   VBOXCPUT 00000002 INTL 20100528)
[    0.000000] No NUMA configuration found
[    0.000000] Faking a node at [mem 0x0000000000000000-0x000000003ffeffff]
[    0.000000] NODE_DATA(0) allocated [mem 0x3ffeb000-0x3ffeffff]
[    0.000000] kvm-clock: Using msrs 4b564d01 and 4b564d00
[    0.000000] kvm-clock: cpu 0, msr 0:3ffe3001, primary cpu clock
[    0.000000] kvm-clock: using sched offset of 3289679591 cycles
[    0.000000] clocksource: kvm-clock: mask: 0xffffffffffffffff max_cycles: 0x1cd42e4dffb, max_idle_ns: 881590591483 ns
[    0.000000] Zone ranges:
[    0.000000]   DMA      [mem 0x0000000000001000-0x0000000000ffffff]
[    0.000000]   DMA32    [mem 0x0000000001000000-0x000000003ffeffff]
[    0.000000]   Normal   empty
[    0.000000]   Device   empty
[    0.000000] Movable zone start for each node
[    0.000000] Early memory node ranges
[    0.000000]   node   0: [mem 0x0000000000001000-0x000000000009efff]
[    0.000000]   node   0: [mem 0x0000000000100000-0x000000003ffeffff]
[    0.000000] Initmem setup node 0 [mem 0x0000000000001000-0x000000003ffeffff]
[    0.000000] ACPI: PM-Timer IO Port: 0x4008
[    0.000000] IOAPIC[0]: apic_id 1, version 32, address 0xfec00000, GSI 0-23
[    0.000000] ACPI: INT_SRC_OVR (bus 0 bus_irq 0 global_irq 2 dfl dfl)
[    0.000000] ACPI: INT_SRC_OVR (bus 0 bus_irq 9 global_irq 9 low level)
[    0.000000] Using ACPI (MADT) for SMP configuration information
[    0.000000] smpboot: Allowing 1 CPUs, 0 hotplug CPUs
[    0.000000] PM: Registered nosave memory: [mem 0x00000000-0x00000fff]
[    0.000000] PM: Registered nosave memory: [mem 0x0009f000-0x0009ffff]
[    0.000000] PM: Registered nosave memory: [mem 0x000a0000-0x000effff]
[    0.000000] PM: Registered nosave memory: [mem 0x000f0000-0x000fffff]
[    0.000000] e820: [mem 0x40000000-0xfebfffff] available for PCI devices
[    0.000000] Booting paravirtualized kernel on KVM
[    0.000000] clocksource: refined-jiffies: mask: 0xffffffff max_cycles: 0xffffffff, max_idle_ns: 7645519600211568 ns
[    0.000000] setup_percpu: NR_CPUS:512 nr_cpumask_bits:512 nr_cpu_ids:1 nr_node_ids:1
[    0.000000] PERCPU: Embedded 33 pages/cpu @ffff88003fc00000 s95192 r8192 d31784 u2097152
[    0.000000] Built 1 zonelists in Node order, mobility grouping on.  Total pages: 257912
[    0.000000] Policy zone: DMA32
[    0.000000] Kernel command line: BOOT_IMAGE=/boot/vmlinuz-4.4.0-210-generic root=LABEL=cloudimg-rootfs ro console=tty1 console=ttyS0
[    0.000000] PID hash table entries: 4096 (order: 3, 32768 bytes)
[    0.000000] Memory: 997924K/1048120K available (8644K kernel code, 1332K rwdata, 4044K rodata, 1492K init, 1164K bss, 50196K reserved, 0K cma-reserved)
[    0.000000] SLUB: HWalign=64, Order=0-3, MinObjects=0, CPUs=1, Nodes=1
[    0.000000] Hierarchical RCU implementation.
[    0.000000] 	Build-time adjustment of leaf fanout to 64.
[    0.000000] 	RCU restricting CPUs from NR_CPUS=512 to nr_cpu_ids=1.
[    0.000000] RCU: Adjusting geometry for rcu_fanout_leaf=64, nr_cpu_ids=1
[    0.000000] NR_IRQS:33024 nr_irqs:256 16
[    0.000000] Console: colour VGA+ 80x25
[    0.000000] console [tty1] enabled
[    0.000000] console [ttyS0] enabled
[    0.000000] tsc: Detected 2904.000 MHz processor
[    0.130288] Calibrating delay loop (skipped) preset value.. 5808.00 BogoMIPS (lpj=11616000)
[    0.131714] pid_max: default: 32768 minimum: 301
[    0.132512] ACPI: Core revision 20150930
[    0.133983] ACPI: 2 ACPI AML tables successfully acquired and loaded
[    0.135185] Security Framework initialized
[    0.136009] Yama: becoming mindful.
[    0.136629] AppArmor: AppArmor initialized
[    0.137373] Dentry cache hash table entries: 131072 (order: 8, 1048576 bytes)
[    0.139068] Inode-cache hash table entries: 65536 (order: 7, 524288 bytes)
[    0.140382] Mount-cache hash table entries: 2048 (order: 2, 16384 bytes)
[    0.141386] Mountpoint-cache hash table entries: 2048 (order: 2, 16384 bytes)
[    0.143015] Initializing cgroup subsys io
[    0.143730] Initializing cgroup subsys memory
[    0.144525] Initializing cgroup subsys devices
[    0.145271] Initializing cgroup subsys freezer
[    0.146219] Initializing cgroup subsys net_cls
[    0.147118] Initializing cgroup subsys perf_event
[    0.147922] Initializing cgroup subsys net_prio
[    0.148737] Initializing cgroup subsys hugetlb
[    0.149477] Initializing cgroup subsys pids
[    0.151409] mce: CPU supports 0 MCE banks
[    0.152207] process: using mwait in idle threads
[    0.152973] Last level iTLB entries: 4KB 128, 2MB 8, 4MB 8
[    0.153889] Last level dTLB entries: 4KB 64, 2MB 0, 4MB 0, 1GB 4
[    0.154950] Spectre V1 : Mitigation: usercopy/swapgs barriers and __user pointer sanitization
[    0.156711] Spectre V2 : Mitigation: Full generic retpoline
[    0.157598] Spectre V2 : Spectre v2 / SpectreRSB mitigation: Filling RSB on context switch
[    0.159199] Speculative Store Bypass: Vulnerable
[    0.160412] SRBDS: Mitigation: TSX disabled
[    0.179012] Freeing SMP alternatives memory: 36K
[    0.187412] ftrace: allocating 32380 entries in 127 pages
[    0.241779] smpboot: APIC(0) Converting physical 0 to logical package 0
[    0.242975] smpboot: Max logical packages: 1
[    0.243937] x2apic enabled
[    0.244701] Switched APIC routing to physical x2apic.
[    0.246443] ..TIMER: vector=0x30 apic1=0 pin1=2 apic2=-1 pin2=-1
[    0.355836] smpboot: CPU0: Intel(R) Core(TM) i5-9400F CPU @ 2.90GHz (family: 0x6, model: 0x9e, stepping: 0xd)
[    0.358159] Performance Events: unsupported p6 CPU model 158 no PMU driver, software events only.
[    0.367405] KVM setup paravirtual spinlock
[    0.368784] x86: Booted up 1 node, 1 CPUs
[    0.369698] smpboot: Total of 1 processors activated (5808.00 BogoMIPS)
[    0.371202] devtmpfs: initialized
[    0.374307] evm: security.selinux
[    0.375268] evm: security.SMACK64
[    0.376260] evm: security.SMACK64EXEC
[    0.377405] evm: security.SMACK64TRANSMUTE
[    0.378301] evm: security.SMACK64MMAP
[    0.379345] evm: security.ima
[    0.380080] evm: security.capability
[    0.381033] clocksource: jiffies: mask: 0xffffffff max_cycles: 0xffffffff, max_idle_ns: 7645041785100000 ns
[    0.382906] futex hash table entries: 256 (order: 2, 16384 bytes)
[    0.384289] pinctrl core: initialized pinctrl subsystem
[    0.385594] RTC time: 15:28:39, date: 10/25/21
[    0.386580] NET: Registered protocol family 16
[    0.388376] cpuidle: using governor ladder
[    0.389222] cpuidle: using governor menu
[    0.389965] PCCT header not found.
[    0.390716] ACPI: bus type PCI registered
[    0.391442] acpiphp: ACPI Hot Plug PCI Controller Driver version: 0.5
[    0.392959] PCI: Using configuration type 1 for base access
[    0.395141] ACPI: Added _OSI(Module Device)
[    0.396093] ACPI: Added _OSI(Processor Device)
[    0.396922] ACPI: Added _OSI(3.0 _SCP Extensions)
[    0.397740] ACPI: Added _OSI(Processor Aggregator Device)
[    0.399224] ACPI: Executed 1 blocks of module-level executable AML code
[    0.401863] ACPI: Interpreter enabled
[    0.402622] ACPI: (supports S0 S5)
[    0.403464] ACPI: Using IOAPIC for interrupt routing
[    0.404717] PCI: Using host bridge windows from ACPI; if necessary, use "pci=nocrs" and report a bug
[    0.409632] ACPI: PCI Root Bridge [PCI0] (domain 0000 [bus 00-ff])
[    0.410719] acpi PNP0A03:00: _OSC: OS supports [ASPM ClockPM Segments MSI]
[    0.412355] acpi PNP0A03:00: _OSC: not requesting OS control; OS requires [ExtendedConfig ASPM ClockPM MSI]
[    0.414428] acpi PNP0A03:00: fail to add MMCONFIG information, can't access extended PCI configuration space under this bridge.
[    0.416670] PCI host bridge to bus 0000:00
[    0.417664] pci_bus 0000:00: root bus resource [io  0x0000-0x0cf7 window]
[    0.418796] pci_bus 0000:00: root bus resource [io  0x0d00-0xffff window]
[    0.420040] pci_bus 0000:00: root bus resource [mem 0x000a0000-0x000bffff window]
[    0.421669] pci_bus 0000:00: root bus resource [mem 0x40000000-0xfdffffff window]
[    0.423492] pci_bus 0000:00: root bus resource [bus 00-ff]
[    0.425814] pci 0000:00:01.1: legacy IDE quirk: reg 0x10: [io  0x01f0-0x01f7]
[    0.427199] pci 0000:00:01.1: legacy IDE quirk: reg 0x14: [io  0x03f6]
[    0.428214] pci 0000:00:01.1: legacy IDE quirk: reg 0x18: [io  0x0170-0x0177]
[    0.429354] pci 0000:00:01.1: legacy IDE quirk: reg 0x1c: [io  0x0376]
[    0.440638] pci 0000:00:07.0: quirk: [io  0x4000-0x403f] claimed by PIIX4 ACPI
[    0.449812] pci 0000:00:07.0: quirk: [io  0x4100-0x410f] claimed by PIIX4 SMB
[    0.458978] ACPI: PCI Interrupt Link [LNKA] (IRQs 5 9 10 *11)
[    0.460831] ACPI: PCI Interrupt Link [LNKB] (IRQs 5 9 *10 11)
[    0.462418] ACPI: PCI Interrupt Link [LNKC] (IRQs 5 *9 10 11)
[    0.464138] ACPI: PCI Interrupt Link [LNKD] (IRQs 5 9 10 *11)
[    0.465549] ACPI: Enabled 2 GPEs in block 00 to 07
[    0.466626] vgaarb: setting as boot device: PCI:0000:00:02.0
[    0.467759] vgaarb: device added: PCI:0000:00:02.0,decodes=io+mem,owns=io+mem,locks=none
[    0.469474] vgaarb: loaded
[    0.470085] vgaarb: bridge control possible 0000:00:02.0
[    0.471496] SCSI subsystem initialized
[    0.472488] ACPI: bus type USB registered
[    0.473414] usbcore: registered new interface driver usbfs
[    0.474493] usbcore: registered new interface driver hub
[    0.475522] usbcore: registered new device driver usb
[    0.476492] PCI: Using ACPI for IRQ routing
[    0.477830] NetLabel: Initializing
[    0.478675] NetLabel:  domain hash size = 128
[    0.479576] NetLabel:  protocols = UNLABELED CIPSOv4
[    0.480462] NetLabel:  unlabeled traffic allowed by default
[    0.481831] amd_nb: Cannot enumerate AMD northbridges
[    0.482931] clocksource: Switched to clocksource kvm-clock
[    0.488739] AppArmor: AppArmor Filesystem Enabled
[    0.489685] pnp: PnP ACPI init
[    0.490841] pnp: PnP ACPI: found 3 devices
[    0.497191] clocksource: acpi_pm: mask: 0xffffff max_cycles: 0xffffff, max_idle_ns: 2085701024 ns
[    0.499024] NET: Registered protocol family 2
[    0.500082] TCP established hash table entries: 8192 (order: 4, 65536 bytes)
[    0.501299] TCP bind hash table entries: 8192 (order: 5, 131072 bytes)
[    0.502342] TCP: Hash tables configured (established 8192 bind 8192)
[    0.503369] UDP hash table entries: 512 (order: 2, 16384 bytes)
[    0.504268] UDP-Lite hash table entries: 512 (order: 2, 16384 bytes)
[    0.505442] NET: Registered protocol family 1
[    0.506354] pci 0000:00:00.0: Limiting direct PCI/PCI transfers
[    0.507336] pci 0000:00:01.0: Activating ISA DMA hang workarounds
[    0.508423] Unpacking initramfs...
[    0.691832] Freeing initrd memory: 14888K
[    0.692942] clocksource: tsc: mask: 0xffffffffffffffff max_cycles: 0x29dc05e54fc, max_idle_ns: 440795291716 ns
[    0.695417] platform rtc_cmos: registered platform RTC device (no PNP device found)
[    0.696885] Scanning for low memory corruption every 60 seconds
[    0.698048] audit: initializing netlink subsys (disabled)
[    0.699229] audit: type=2000 audit(1635175725.085:1): initialized
[    0.700782] Initialise system trusted keyring
[    0.701968] HugeTLB registered 2 MB page size, pre-allocated 0 pages
[    0.703888] zbud: loaded
[    0.704651] VFS: Disk quotas dquot_6.6.0
[    0.705491] VFS: Dquot-cache hash table entries: 512 (order 0, 4096 bytes)
[    0.706805] squashfs: version 4.0 (2009/01/31) Phillip Lougher
[    0.708267] fuse init (API version 7.23)
[    0.709298] Key type big_key registered
[    0.710098] Allocating IMA MOK and blacklist keyrings.
[    0.711396] Key type asymmetric registered
[    0.712275] Asymmetric key parser 'x509' registered
[    0.713258] Block layer SCSI generic (bsg) driver version 0.4 loaded (major 249)
[    0.714775] io scheduler noop registered
[    0.715529] io scheduler deadline registered (default)
[    0.716456] io scheduler cfq registered
[    0.717181] pci_hotplug: PCI Hot Plug PCI Core version: 0.5
[    0.718222] pciehp: PCI Express Hot Plug Controller Driver version: 0.4
[    0.719461] ACPI: AC Adapter [AC] (on-line)
[    0.720209] input: Power Button as /devices/LNXSYSTM:00/LNXPWRBN:00/input/input0
[    0.721828] ACPI: Power Button [PWRF]
[    0.722778] input: Sleep Button as /devices/LNXSYSTM:00/LNXSLPBN:00/input/input1
[    0.724180] ACPI: Sleep Button [SLPF]
[    0.725024] GHES: HEST is not enabled!
[    0.725771] Serial: 8250/16550 driver, 32 ports, IRQ sharing enabled
[    0.747558] 00:02: ttyS0 at I/O 0x3f8 (irq = 4, base_baud = 115200) is a 16550A
[    0.750146] Linux agpgart interface v0.103
[    0.751968] loop: module loaded
[    0.752945] scsi host0: ata_piix
[    0.753575] scsi host1: ata_piix
[    0.754175] ata1: PATA max UDMA/33 cmd 0x1f0 ctl 0x3f6 bmdma 0xd000 irq 14
[    0.755307] ata2: PATA max UDMA/33 cmd 0x170 ctl 0x376 bmdma 0xd008 irq 15
[    0.756793] libphy: Fixed MDIO Bus: probed
[    0.757526] tun: Universal TUN/TAP device driver, 1.6
[    0.758365] tun: (C) 1999-2004 Max Krasnyansky <maxk@qualcomm.com>
[    0.759633] PPP generic driver version 2.4.2
[    0.760481] ehci_hcd: USB 2.0 'Enhanced' Host Controller (EHCI) Driver
[    0.761486] ehci-pci: EHCI PCI platform driver
[    0.762351] ehci-platform: EHCI generic platform driver
[    0.763654] ohci_hcd: USB 1.1 'Open' Host Controller (OHCI) Driver
[    0.765057] ohci-pci: OHCI PCI platform driver
[    0.766753] ohci-platform: OHCI generic platform driver
[    0.767932] uhci_hcd: USB Universal Host Controller Interface driver
[    0.769048] i8042: PNP: PS/2 Controller [PNP0303:PS2K,PNP0f03:PS2M] at 0x60,0x64 irq 1,12
[    0.771161] serio: i8042 KBD port at 0x60,0x64 irq 1
[    0.772178] serio: i8042 AUX port at 0x60,0x64 irq 12
[    0.773272] mousedev: PS/2 mouse device common for all mice
[    0.774667] input: AT Translated Set 2 keyboard as /devices/platform/i8042/serio0/input/input2
[    0.776702] rtc_cmos rtc_cmos: rtc core: registered rtc_cmos as rtc0
[    0.778093] rtc_cmos rtc_cmos: alarms up to one day, 114 bytes nvram
[    0.779369] i2c /dev entries driver
[    0.780144] device-mapper: uevent: version 1.0.3
[    0.781266] device-mapper: ioctl: 4.34.0-ioctl (2015-10-28) initialised: dm-devel@redhat.com
[    0.782909] ledtrig-cpu: registered to indicate activity on CPUs
[    0.784172] NET: Registered protocol family 10
[    0.785278] NET: Registered protocol family 17
[    0.786178] Key type dns_resolver registered
[    0.787103] registered taskstats version 1
[    0.787888] Loading compiled-in X.509 certificates
[    0.789342] Loaded X.509 cert 'Build time autogenerated kernel key: cf00e047681d67edb2720680708b7d9498083038'
[    0.791778] zswap: loaded using pool lzo/zbud
[    0.793655] Key type trusted registered
[    0.796137] Key type encrypted registered
[    0.797347] AppArmor: AppArmor sha1 policy hashing enabled
[    0.798540] ima: No TPM chip found, activating TPM-bypass!
[    0.799715] ima: Allocated hash algorithm: sha1
[    0.800456] evm: HMAC attrs: 0x1
[    0.801517]   Magic number: 9:421:488
[    0.802343] regulator regulator.0: hash matches
[    0.803324] rtc_cmos rtc_cmos: setting system clock to 2021-10-25 15:28:40 UTC (1635175720)
[    0.804980] BIOS EDD facility v0.16 2004-Jun-25, 0 devices found
[    0.806097] EDD information not available.
[    0.936886] Freeing unused kernel memory: 1492K
[    0.937846] Write protecting the kernel read-only data: 14336k
[    0.939172] Freeing unused kernel memory: 1584K
[    0.940344] Freeing unused kernel memory: 52K
Loading, please wait...
starting version 229
[    0.948377] random: udevadm: uninitialized urandom read (16 bytes read, 3 bits of entropy available)
[    0.950323] random: udevadm: uninitialized urandom read (16 bytes read, 3 bits of entropy available)
[    0.953088] random: systemd-udevd: uninitialized urandom read (16 bytes read, 3 bits of entropy available)
[    0.955529] random: systemd-udevd: uninitialized urandom read (16 bytes read, 3 bits of entropy available)
[    0.957662] random: systemd-udevd: uninitialized urandom read (16 bytes read, 3 bits of entropy available)
[    0.959752] random: systemd-udevd: uninitialized urandom read (16 bytes read, 3 bits of entropy available)
[    0.966719] random: systemd-udevd: uninitialized urandom read (16 bytes read, 3 bits of entropy available)
[    0.968940] random: systemd-udevd: uninitialized urandom read (16 bytes read, 3 bits of entropy available)
[    0.972450] random: udevadm: uninitialized urandom read (16 bytes read, 3 bits of entropy available)
[    0.974452] random: udevadm: uninitialized urandom read (16 bytes read, 3 bits of entropy available)
[    1.021464] e1000: Intel(R) PRO/1000 Network Driver - version 7.3.21-k8-NAPI
[    1.022915] e1000: Copyright (c) 1999-2006 Intel Corporation.
[    1.025758] Fusion MPT base driver 3.04.20
[    1.026541] Copyright (c) 1999-2008 LSI Corporation
[    1.048920] Fusion MPT SPI Host driver 3.04.20
[    1.054807] AVX2 version of gcm_enc/dec engaged.
[    1.055868] AES CTR mode by8 optimization enabled
[    1.239881] input: ImExPS/2 Generic Explorer Mouse as /devices/platform/i8042/serio1/input/input4
[    1.407106] e1000 0000:00:03.0 eth0: (PCI:33MHz:32-bit) 02:be:82:6b:cc:1d
[    1.408533] e1000 0000:00:03.0 eth0: Intel(R) PRO/1000 Network Connection
[    1.410227] mptbase: ioc0: Initiating bringup
[    1.475121] ioc0: LSI53C1030 A0: Capabilities={Initiator}
[    1.637489] scsi host2: ioc0: LSI53C1030 A0, FwRev=00000000h, Ports=1, MaxQ=256, IRQ=20
[    1.752250] scsi 2:0:0:0: Direct-Access     VBOX     HARDDISK         1.0  PQ: 0 ANSI: 5
[    1.754551] scsi target2:0:0: Beginning Domain Validation
[    1.757498] scsi target2:0:0: Domain Validation skipping write tests
[    1.759115] scsi target2:0:0: Ending Domain Validation
[    1.760333] scsi target2:0:0: asynchronous
[    1.761934] scsi 2:0:1:0: Direct-Access     VBOX     HARDDISK         1.0  PQ: 0 ANSI: 5
[    1.763751] scsi target2:0:1: Beginning Domain Validation
[    1.766294] scsi target2:0:1: Domain Validation skipping write tests
[    1.767832] scsi target2:0:1: Ending Domain Validation
[    1.769578] scsi target2:0:1: asynchronous
[    1.774379] sd 2:0:0:0: Attached scsi generic sg0 type 0
[    1.775673] sd 2:0:0:0: [sda] 83886080 512-byte logical blocks: (42.9 GB/40.0 GiB)
[    1.789957] sd 2:0:1:0: Attached scsi generic sg1 type 0
[    1.791224] sd 2:0:1:0: [sdb] 20480 512-byte logical blocks: (10.5 MB/10.0 MiB)
[    1.797282] sd 2:0:1:0: [sdb] Write Protect is off
[    1.798750] sd 2:0:1:0: [sdb] Incomplete mode parameter data
[    1.800095] sd 2:0:1:0: [sdb] Assuming drive cache: write through
[    1.836374] sd 2:0:0:0: [sda] Write Protect is off
[    1.838128] sd 2:0:0:0: [sda] Incomplete mode parameter data
[    1.839593] sd 2:0:0:0: [sda] Assuming drive cache: write through
[    1.850839] sd 2:0:1:0: [sdb] Attached SCSI disk
[    1.851942]  sda: sda1
[    1.870446] sd 2:0:0:0: [sda] Attached SCSI disk
[    2.147281] e1000 0000:00:08.0 eth1: (PCI:33MHz:32-bit) 08:00:27:50:6c:d9
[    2.148699] e1000 0000:00:08.0 eth1: Intel(R) PRO/1000 Network Connection
[    2.150876] e1000 0000:00:03.0 enp0s3: renamed from eth0
[    2.153505] e1000 0000:00:08.0 enp0s8: renamed from eth1
Begin: Loading essential drivers ... [    3.404286] md: linear personality registered for level -1
[    3.407700] md: multipath personality registered for level -4
[    3.410755] md: raid0 personality registered for level 0
[    3.414829] md: raid1 personality registered for level 1
[    3.486993] raid6: sse2x1   gen() 11002 MB/s
[    3.555005] raid6: sse2x1   xor()  7167 MB/s
[    3.622976] raid6: sse2x2   gen() 15534 MB/s
[    3.691015] raid6: sse2x2   xor()  9978 MB/s
[    3.758989] raid6: sse2x4   gen() 16585 MB/s
[    3.826997] raid6: sse2x4   xor() 10069 MB/s
[    3.895013] raid6: avx2x1   gen() 21469 MB/s
[    3.962998] raid6: avx2x2   gen() 28551 MB/s
[    4.030979] raid6: avx2x4   gen() 31600 MB/s
[    4.031957] raid6: using algorithm avx2x4 gen() 31600 MB/s
[    4.033119] raid6: using avx2x2 recovery algorithm
[    4.035552] xor: automatically using best checksumming function:
[    4.074969]    avx       : 24549.000 MB/sec
[    4.077286] async_tx: api initialized (async)
[    4.086907] md: raid6 personality registered for level 6
[    4.088066] md: raid5 personality registered for level 5
[    4.089384] md: raid4 personality registered for level 4
[    4.094202] md: raid10 personality registered for level 10
done.
Begin: Running /scripts/init-premount ... done.
Begin: Mounting root file system ... Begin: Running /scripts/local-top ... done.
Begin: Running /scripts/local-premount ... [    4.120563] Btrfs loaded
Scanning for Btrfs filesystems
done.
Warning: fsck not present, so skipping root file system
[    4.147589] EXT4-fs (sda1): mounted filesystem with ordered data mode. Opts: (null)
done.
Begin: Running /scripts/local-bottom ... done.
Begin: Running /scripts/init-bottom ... done.
[    4.229584] systemd[1]: systemd 229 running in system mode. (+PAM +AUDIT +SELINUX +IMA +APPARMOR +SMACK +SYSVINIT +UTMP +LIBCRYPTSETUP +GCRYPT +GNUTLS +ACL +XZ -LZ4 +SECCOMP +BLKID +ELFUTILS +KMOD -IDN)
[    4.233436] systemd[1]: Detected virtualization oracle.
[    4.234732] systemd[1]: Detected architecture x86-64.

Welcome to [1mUbuntu 16.04.7 LTS[0m!

[    4.243877] systemd[1]: Set hostname to <ubuntu>.
[    4.246655] systemd[1]: Initializing machine ID from random generator.
[    4.248434] systemd[1]: Installed transient /etc/machine-id file.
[    4.367671] systemd[1]: Listening on LVM2 poll daemon socket.
[[0;32m  OK  [0m] Listening on LVM2 poll daemon socket.
[    4.375398] systemd[1]: Listening on Syslog Socket.
[[0;32m  OK  [0m] Listening on Syslog Socket.
[    4.383713] systemd[1]: Listening on Journal Socket (/dev/log).
[[0;32m  OK  [0m] Listening on Journal Socket (/dev/log).
[    4.391455] systemd[1]: Listening on udev Control Socket.
[[0;32m  OK  [0m] Listening on udev Control Socket.
[    4.399390] systemd[1]: Listening on Journal Socket.
[[0;32m  OK  [0m] Listening on Journal Socket.
[    4.401543] systemd[1]: Listening on fsck to fsckd communication Socket.
[[0;32m  OK  [0m] Listening on fsck to fsckd communication Socket.
[    4.411374] systemd[1]: Set up automount Arbitrary Executable File Formats File System Automount Point.
[[0;32m  OK  [0m] Set up automount Arbitrary Executab...ats File System Automount Point.
[    4.414601] systemd[1]: Listening on udev Kernel Socket.
[[0;32m  OK  [0m] Listening on udev Kernel Socket.
[    4.423198] systemd[1]: Listening on Device-mapper event daemon FIFOs.
[[0;32m  OK  [0m] Listening on Device-mapper event daemon FIFOs.
[    4.431511] systemd[1]: Created slice User and Session Slice.
[[0;32m  OK  [0m] Created slice User and Session Slice.
[    4.439181] systemd[1]: Listening on Journal Audit Socket.
[[0;32m  OK  [0m] Listening on Journal Audit Socket.
[    4.447246] systemd[1]: Started Forward Password Requests to Wall Directory Watch.
[[0;32m  OK  [0m] Started Forward Password Requests to Wall Directory Watch.
[    4.455165] systemd[1]: Listening on LVM2 metadata daemon socket.
[[0;32m  OK  [0m] Listening on LVM2 metadata daemon socket.
[    4.463210] systemd[1]: Started Trigger resolvconf update for networkd DNS.
[[0;32m  OK  [0m] Started Trigger resolvconf update for networkd DNS.
[    4.471239] systemd[1]: Reached target User and Group Name Lookups.
[[0;32m  OK  [0m] Reached target User and Group Name Lookups.
[    4.479412] systemd[1]: Listening on /dev/initctl Compatibility Named Pipe.
[[0;32m  OK  [0m] Listening on /dev/initctl Compatibility Named Pipe.
[    4.487219] systemd[1]: Reached target Encrypted Volumes.
[[0;32m  OK  [0m] Reached target Encrypted Volumes.
[    4.489316] systemd[1]: Reached target System Time Synchronized.
[[0;32m  OK  [0m] Reached target System Time Synchronized.
[    4.491095] systemd[1]: Reached target Swap.
[[0;32m  OK  [0m] Reached target Swap.
[    4.499315] systemd[1]: Created slice System Slice.
[[0;32m  OK  [0m] Created slice System Slice.
[    4.507468] systemd[1]: Mounting Huge Pages File System...
         Mounting Huge Pages File System...
[    4.515306] systemd[1]: Created slice system-serial\x2dgetty.slice.
[[0;32m  OK  [0m] Created slice system-serial\x2dgetty.slice.
[    4.523924] systemd[1]: Mounting POSIX Message Queue File System...
         Mounting POSIX Message Queue File System...
[    4.531781] systemd[1]: Starting Monitoring of LVM2 mirrors, snapshots etc. using dmeventd or progress polling...
         Starting Monitoring of LVM2 mirrors... dmeventd or progress polling...
[    4.535520] systemd[1]: Starting File System Check on Root Device...
         Starting File System Check on Root Device...
[    4.540172] systemd[1]: Starting Nameserver information manager...
         Starting Nameserver information manager...
[    4.547171] systemd[1]: Mounting Debug File System...
         Mounting Debug File System...
[    4.550426] systemd[1]: Reached target Slices.
[[0;32m  OK  [0m] Reached target Slices.
[    4.554397] systemd[1]: Starting Set console keymap...
         Starting Set console keymap...
[    4.559886] systemd[1]: Starting Load Kernel Modules...
         Starting Load Kernel Modules...
[    4.565128] systemd[1]: Starting Journal Service...
         Starting Journal Service...
[    4.569340] systemd[1]: Starting Create list of required static device nodes for the current kernel...
         Starting Create list of required st... nodes for the current kernel...
[    4.577622] Loading iSCSI transport class v2.0-870.
[    4.579281] systemd[1]: Starting Uncomplicated firewall...
         Starting Uncomplicated firewall...
[    4.583743] systemd[1]: Mounted Huge Pages File System.
[[0;32m  OK  [0m] Mounted Huge Pages File System.
[    4.591103] systemd[1]: Mounted POSIX Message Queue File System.
[[0;32m  OK  [0m] Mounted POSIX Message Queue File System.
[    4.599111] systemd[1]: Mounted Debug File System.
[[0;32m  OK  [0m] Mounted Debug File System.
[    4.603746] iscsi: registered transport (tcp)
[    4.607187] systemd[1]: Started Journal Service.
[[0;32m  OK  [0m] Started Journal Service.
[[0;32m  OK  [0m] Started File System Check on Root Device.
[[0;32m  OK  [0m] Started Create list of required sta...ce nodes for the current kernel.
[[0;32m  OK  [0m] Started Uncomplicated firewall.
[[0;32m  OK  [0m] Started File System Check Daemon to report status.
[[0;32m  OK  [0m] Started LVM2 metadata daemon.
         Starting Create Static Device Nodes in /dev...
         Starting Remount Root and Kernel File Systems...
[[0;32m  OK  [0m] Started Nameserver information manager.
[    4.649385] EXT4-fs (sda1): re-mounted. Opts: (null)
[[0;32m  OK  [0m] Started Remount Root and Kernel File Systems.
[[0;32m  OK  [0m] Started Set console keymap.
         Starting Flush Journal to Persistent Storage...
         Starting udev Coldplug all Devices...
         Starting Load/Save Random Seed...
[[0;32m  OK  [0m] Started Create Static Device Nodes in /dev.
[[0;32m  OK  [0m] Started Load/Save Random Seed.
[    4.691291] iscsi: registered transport (iser)
[[0;32m  OK  [0m] Started Load Kernel Modules.
         Starting Apply Kernel Variables...
         Mounting FUSE Control File System...
         Starting udev Kernel Device Manager...
[[0;32m  OK  [0m] Mounted FUSE Control File System.
[    4.722530] systemd-journald[401]: Received request to flush runtime journal from PID 1
[[0;32m  OK  [0m] Started Flush Journal to Persistent Storage.
[[0;32m  OK  [0m] Started Apply Kernel Variables.
[[0;32m  OK  [0m] Started Monitoring of LVM2 mirrors,...ng dmeventd or progress polling.
[[0;32m  OK  [0m] Reached target Local File Systems (Pre).
[[0;32m  OK  [0m] Reached target Local File Systems.
         Starting Set console font and keymap...
         Starting LSB: AppArmor initialization...
         Starting Tell Plymouth To Write Out Runtime Data...
         Starting Commit a transient machine-id on disk...
         Starting Create Volatile Files and Directories...
         Starting Initial cloud-init job (pre-networking)...
[[0;32m  OK  [0m] Started Commit a transient machine-id on disk.
[[0;32m  OK  [0m] Started Create Volatile Files and Directories.
         Starting Update UTMP about System Boot/Shutdown...
[[0;32m  OK  [0m] Started Tell Plymouth To Write Out Runtime Data.
[[0;32m  OK  [0m] Started Update UTMP about System Boot/Shutdown.
[[0;32m  OK  [0m] Started udev Kernel Device Manager.
[[0;32m  OK  [0m] Started udev Coldplug all Devices.
[[0;32m  OK  [0m] Started Dispatch Password Requests to Console Directory Watch.
[[0;32m  OK  [0m] Found device /dev/ttyS0.
[[0;32m  OK  [0m] Listening on Load/Save RF Kill Switch Status /dev/rfkill Watch.
[[0;32m  OK  [0m] Started Set console font and keymap.
[[0;32m  OK  [0m] Created slice system-getty.slice.
[    6.268172] cloud-init[508]: Cloud-init v. 21.1-19-gbad84ad4-0ubuntu1~16.04.2 running 'init-local' at Mon, 25 Oct 2021 15:28:45 +0000. Up 5.72 seconds.
[[0;32m  OK  [0m] Started Initial cloud-init job (pre-networking).
[[0;32m  OK  [0m] Reached target Network (Pre).
[[0;32m  OK  [0m] Started LSB: AppArmor initialization.
         Starting Raise network interfaces...
         Starting Load AppArmor profiles managed internally by snapd...
[[0;32m  OK  [0m] Started Load AppArmor profiles managed internally by snapd.
[[0;32m  OK  [0m] Started Raise network interfaces.
[[0;32m  OK  [0m] Reached target Network.
         Starting Initial cloud-init job (metadata service crawler)...
[    7.557464] cloud-init[978]: Cloud-init v. 21.1-19-gbad84ad4-0ubuntu1~16.04.2 running 'init' at Mon, 25 Oct 2021 15:28:46 +0000. Up 7.06 seconds.
[    7.558836] cloud-init[978]: ci-info: ++++++++++++++++++++++++++++++++++++++Net device info+++++++++++++++++++++++++++++++++++++++
[    7.564407] cloud-init[978]: ci-info: +--------+-------+----------------------------+---------------+--------+-------------------+
[    7.572347] cloud-init[978]: ci-info: | Device |   Up  |          Address           |      Mask     | Scope  |     Hw-Address    |
[    7.580290] cloud-init[978]: ci-info: +--------+-------+----------------------------+---------------+--------+-------------------+
[    7.588319] cloud-init[978]: ci-info: | enp0s3 |  True |         10.0.2.15          | 255.255.255.0 | global | 02:be:82:6b:cc:1d |
[    7.590073] cloud-init[978]: ci-info: | enp0s3 |  True | fe80::be:82ff:fe6b:cc1d/64 |       .       |  link  | 02:be:82:6b:cc:1d |
[    7.591258] cloud-init[978]: ci-info: | enp0s8 | False |             .              |       .       |   .    | 08:00:27:50:6c:d9 |
[    7.600507] cloud-init[978]: ci-info: |   lo   |  True |         127.0.0.1          |   255.0.0.0   |  host  |         .         |
[    7.609205] cloud-init[978]: ci-info: |   lo   |  True |          ::1/128           |       .       |  host  |         .         |
[[0;32m  OK  [0m] Started Initial cloud-init job (metadata service crawler).
[[0;32m  OK  [0m] Reached target Network is Online.
         Starting iSCSI initiator daemon (iscsid)...
[[0;32m  OK  [0m] Reached target System Initialization.
[    7.618671] cloud-init[978]: ci-info: +--------+-------+----------------------------+---------------+--------+-------------------+
[    7.642026] cloud-init[978]: ci-info: +++++++++++++++++++++++++++Route IPv4 info++++++++++++++++++++++++++++
[    7.648256] cloud-init[978]: ci-info: +-------+-------------+----------+---------------+-----------+-------+
[    7.656182] cloud-init[978]: ci-info: | Route | Destination | Gateway  |    Genmask    | Interface | Flags |
[    7.656897] cloud-init[978]: ci-info: +-------+-------------+----------+---------------+-----------+-------+
[    7.664635] cloud-init[978]: ci-info: |   0   |   0.0.0.0   | 10.0.2.2 |    0.0.0.0    |   enp0s3  |   UG  |
         Starting LXD - unix socket.
[[0;32m  OK  [0m] Started Daily apt download activities.
[    7.667080] cloud-init[978]: ci-info: |   1   |   10.0.2.0  | 0.0.0.0  | 255.255.255.0 |   enp0s3  |   U   |
[    7.668620] cloud-init[978]: ci-info: +-------+-------------+----------+---------------+-----------+-------+
[    7.668920] cloud-init[978]: ci-info: +++++++++++++++++++Route IPv6 info+++++++++++++++++++
[    7.669172] cloud-init[978]: ci-info: +-------+-------------+---------+-----------+-------+
[    7.669522] cloud-init[978]: ci-info: | Route | Destination | Gateway | Interface | Flags |
[    7.669897] cloud-init[978]: ci-info: +-------+-------------+---------+-----------+-------+
[    7.670552] cloud-init[978]: ci-info: |   0   |  fe80::/64  |    ::   |   enp0s3  |   U   |
[    7.671013] cloud-init[978]: ci-info: |   3   |   ff00::/8  |    ::   |   enp0s3  |   U   |
[    7.671495] cloud-init[978]: ci-info: +-------+-------------+---------+-----------+-------+
[    7.671893] cloud-init[978]: Generating public/private rsa key pair.
[[0;32m  OK  [0m] Listening on UUID daemon activation socket.
[[0;32m  OK  [0m] Started Daily Cleanup of Temporary Directories.
[[0;32m  OK  [0m] Started Ubuntu Advantage update messaging.
[[0;32m  OK  [0m] Started Message of the Day.
[[0;32m  OK  [0m] Listening on D-Bus System Message Bus Socket.
         Starting Socket activation for snappy daemon.
[[0;32m  OK  [0m] Started Daily apt upgrade and clean activities.
[    7.672526] cloud-init[978]: Your identification has been saved in /etc/ssh/ssh_host_rsa_key.
[    7.729077] cloud-init[978]: Your public key has been saved in /etc/ssh/ssh_host_rsa_key.pub.
[    7.730251] cloud-init[978]: The key fingerprint is:
[    7.736163] cloud-init[978]: SHA256:w+LtgoLGCGe8Tq4N73AObFMEr1Rn0NZa9HmzrgHLFNQ root@ubuntu-xenial
[    7.744176] cloud-init[978]: The key's randomart image is:
[    7.752634] cloud-init[978]: +---[RSA 2048]----+
[    7.760534] cloud-init[978]: | . ooooo.        |
[[0;32m  OK  [0m] Started ACPI Events Check.
[[0;32m  OK  [0m] Reached target Paths.
[[0;32m  OK  [0m] Listening on ACPID Listen Socket.
[[0;32m  OK  [0m] Reached target Timers.
[    7.770193] cloud-init[978]: |  + oo.o.E.      |
[    7.794229] cloud-init[978]: | . o. o. o o     |
[    7.800316] cloud-init[978]: |. o  . .. . o    |
[    7.808204] cloud-init[978]: | o .  .oS  .     |
[[0;32m  OK  [0m] Reached target Cloud-config availability.
[    7.818480] cloud-init[978]: |o =  .ooo..      |
[    7.820006] cloud-init[978]: |BBo. ..o.. .     |
[    7.820874] cloud-init[978]: |+&+ . ..  o      |
[    7.822307] cloud-init[978]: |o+B.   ...       |
[[0;32m  OK  [0m] Listening on LXD - unix socket.
[[0;32m  OK  [0m] Listening on Socket activation for snappy daemon.
[[0;32m  OK  [0m] Started iSCSI initiator daemon (iscsid).
         Starting Login to default iSCSI targets...
[[0;32m  OK  [0m] Reached target Sockets.
[[0;32m  OK  [0m] Reached target Basic System.
         Starting Accounts Service...
[    7.824859] cloud-init[978]: +----[SHA256]-----+
[    7.833744] cloud-init[978]: Generating public/private dsa key pair.
[[0;32m  OK  [0m] Started Deferred execution scheduler.
[    7.836246] cloud-init[978]: Your identification has been saved in /etc/ssh/ssh_host_dsa_key.
[[0;32m  OK  [0m] Started ACPI event daemon.
[    7.840761] cloud-init[978]: Your public key has been saved in /etc/ssh/ssh_host_dsa_key.pub.
         Starting System Logging Service...
[    7.844971] cloud-init[978]: The key fingerprint is:
[    7.848191] cloud-init         Starting Login Service...
         Starting LSB: MD monitoring daemon...
[[0;32m  OK  [0m] Started Regular background program processing daemon.
         Starting Virtualbox guest utils...
[[0;32m  OK  [0m] Started FUSE filesystem for LXC.
         Starting /etc/rc.local Compatibility...
         Starting Pollinate to seed the pseudo random number generator...
         Starting LSB: Record successful boot for GRUB...
[[0;32m  OK  [0m] Started D-Bus System Message Bus.
[978]: SHA256:2mzxBLXTZu7K7pXDAxUacvIHABz8NwF6UDIksTAlLI8 root@ubuntu-xenial
[    7.892905] cloud-init[978]: The key's randomart image is:
[    7.895067] cloud-init[978]: +---[DSA 1024]----+
[    7.900393] cloud-init[978]: | .+.+=B+*o= .    |
[    7.908225] cloud-init[978]: |. .+ oo= *.* .   |
[    7.908866] cloud-init[978]: | +  . ..o =.*    |
[    7.909658] cloud-init[978]: |E .    ...oB     |
         Starting Snap Daemon...
         Starting LXD - container startup/shutdown...
[    7.919104] cloud-init[978]: |        S.o..    |
[[0;32m  OK  [0m] Started System Logging Service.
[    7.923901] cloud-init[978]: |       + + + .   |
[    7.926505] cloud-init[978]: |      . + . B    |
[    7.926711] cloud-init[978]: |       . . o o   |
[    7.927382] cloud-init[978]: |         o=      |
[    7.927593] cloud-init[978]: +----[SHA256]-----+
[    7.927714] cloud-init[978]: Generating public/private ecdsa key pair.
[[0;32m  OK  [0m] Started /etc/rc.local Compatibility.
[[0;32m  OK  [0m] Started Login Service.
[[0;32m  OK  [0m] Started Unattended Upgrades Shutdown.
[[0;32m  OK  [0m] Started Login to default iSCSI targets.
[[0;32m  OK  [0m] Reached target Remote File Systems (Pre).
[[0;32m  OK  [0m] Reached target Remote File Systems.
         Starting LSB: daemon to balance interrupts for SMP systems...
         Starting LSB: automatic crash report generation...
         Starting LSB: Set the CPU Frequency Scaling governor to "ondemand"...
[    7.962843] cloud-init[978]: Your identification has been saved in /etc/ssh/ssh_host_ecdsa_key.
         Starting Permit User Sessions...
         Starting Authenticate and Authorize Users to Run Privileged Tasks...
[[0;32m  OK  [0m] Started Permit User Sessions.
         Starting Hold until boot process finishes up...
         Starting Terminate Plymouth Boot Screen...
[[0;32m  OK  [0m] Started Hold until boot process finishes up.
[[0;32m  OK  [0m] Started Getty on tty1.
[[0;32m  OK  [0m] Started Serial Getty on ttyS0.
[[0;32m  OK  [0m] Reached target Login Prompts.
         Starting Set console scheme...
[[0;32m  OK  [0m] Started LSB: MD monitoring daemon.
[[0;32m  OK  [0m] Started Set console scheme.
[    8.023228] cloud-init[978]: Your public key has been saved in /etc/ssh/ssh_host_ecdsa_key.pub.[[0;32m  OK  [0m] Started Terminate Plymouth Boot Screen.
[[0;32m  OK  [0m] Started LSB: Record successful boot for GRUB.

[    8.044335] cloud-init[978]: The key fingerprint is:
[    8.045090] cloud-init[978]: SHA256:RMDQPC+ELq72fm6wQrU/2SrKMFTsyU9hcJCYp8bMnuo root@ubuntu-xenial
[    8.048804] cloud-init[978]: The key's randomart image is:
[    8.060052] cloud-init[978]: +---[ECDSA 256]---+
[    8.065171] cloud-init[978]: |  oo+B...        |
[    8.071225] cloud-init[978]: | o.o+ *.         |
[    8.077766] cloud-init[978]: |+ o+ + o.        |
[    8.079239] [[0;32m  OK  [0m] Started Authenticate and Authorize Users to Run Privileged Tasks.
[[0;32m  OK  [0m] Started Accounts Service.
cloud-init[978]: | *=.+ o..        |
[[0;32m  OK  [0m] Started LSB: automatic crash report generation.
[[0;32m  OK  [0m] Started LSB: Set the CPU Frequency Scaling governor to "ondemand".
[    8.089592] cloud-init[978]: |ooo=.. .S        |
[[0;32m  OK  [0m] Started LSB: daemon to balance interrupts for SMP systems.[    8.104615] cloud-init[978]: |.+.oo            |
[    8.105297] cloud-init[978]: |=.  +.o          |
[    8.105784] cloud-init[978]: |=+ o * .         |

[    8.109668] cloud-init[978]: |oE=o=oo          |
[    8.115234] cloud-init[978]: +----[SHA256]-----+
[    8.128321] cloud-init[978]: Generating public/private ed25519 key pair.
[    8.129462] cloud-init[978]: Your identification has been saved in /etc/ssh/ssh_host_ed25519_key.
[    8.140377] cloud-init[978]: Your public key has been saved in /etc/ssh/ssh_host_ed25519_key.pub.
[    8.149125] cloud-init[978]: The key fingerprint is:
[    8.150035] cloud-init[978]: SHA256:qfLUJlzv9vEr2KlQ6+XISZYx341d68NTJ8XWRcs7yIU root@ubuntu-xenial
[    8.151591] cloud-init[978]: The key's randomart image is:
[    8.152835] cloud-init[[0;32m  OK  [0m] Started LXD - container startup/shutdown.
[978]: +--[ED25519 256]--+
[    8.157616] cloud-init[978]: |               ..|
[    8.160581] cloud-init[978]: |              o o|
[    8.164554] cloud-init[978]: |             E =o|
[[0;32m  OK  [0m] Started Virtualbox guest utils.
[    8.181162] cloud-init[978]: |         .  . o *|
[    8.184134] cloud-init[978]: |        S +  o =.|
[    8.186216] cloud-init[978]: |     . + o * ..+*|
[    8.187368] cloud-init[978]: |    . = + *o+.+o=|
[    8.193521] cloud-init[978]: |     + o Bo=+o.+ |
[    8.196229] cloud-init[978]: |      .  .Boo.ooo|
[    8.197329] cloud-init[978]: +----[SHA256]-----+
[[0;32m  OK  [0m] Started Snap Daemon.
         Starting Wait until snapd is fully seeded...
[[0;32m  OK  [0m] Started Pollinate to seed the pseudo random number generator.
         Starting OpenBSD Secure Shell server...
[[0;32m  OK  [0m] Started OpenBSD Secure Shell server.
[[0;32m  OK  [0m] Started Wait until snapd is fully seeded.
         Starting Apply the settings specified in cloud-config...
[[0;32m  OK  [0m] Reached target Multi-User System.
[[0;32m  OK  [0m] Reached target Graphical Interface.
         Starting Update UTMP about System Runlevel Changes...
[[0;32m  OK  [0m] Started Update UTMP about System Runlevel Changes.
[    9.114166] cloud-init[1330]: Generating locales (this might take a while)...
[    9.698237] cloud-init[1330]:   en_US.UTF-8... done
[    9.700130] cloud-init[1330]: Generation complete.
[    9.938764] cloud-init[1330]: Cloud-init v. 21.1-19-gbad84ad4-0ubuntu1~16.04.2 running 'modules:config' at Mon, 25 Oct 2021 15:28:48 +0000. Up 9.03 seconds.
[[0;32m  OK  [0m] Started Apply the settings specified in cloud-config.
         Starting Execute cloud user/final scripts...
ci-info: no authorized SSH keys fingerprints found for user ubuntu.
<14>Oct 25 15:28:50 ec2: 
<14>Oct 25 15:28:50 ec2: #############################################################
<14>Oct 25 15:28:50 ec2: -----BEGIN SSH HOST KEY FINGERPRINTS-----
<14>Oct 25 15:28:50 ec2: 1024 SHA256:2mzxBLXTZu7K7pXDAxUacvIHABz8NwF6UDIksTAlLI8 root@ubuntu-xenial (DSA)
<14>Oct 25 15:28:50 ec2: 256 SHA256:RMDQPC+ELq72fm6wQrU/2SrKMFTsyU9hcJCYp8bMnuo root@ubuntu-xenial (ECDSA)
<14>Oct 25 15:28:50 ec2: 256 SHA256:qfLUJlzv9vEr2KlQ6+XISZYx341d68NTJ8XWRcs7yIU root@ubuntu-xenial (ED25519)
<14>Oct 25 15:28:50 ec2: 2048 SHA256:w+LtgoLGCGe8Tq4N73AObFMEr1Rn0NZa9HmzrgHLFNQ root@ubuntu-xenial (RSA)
<14>Oct 25 15:28:50 ec2: -----END SSH HOST KEY FINGERPRINTS-----
<14>Oct 25 15:28:50 ec2: #############################################################
-----BEGIN SSH HOST KEY KEYS-----
ecdsa-sha2-nistp256 AAAAE2VjZHNhLXNoYTItbmlzdHAyNTYAAAAIbmlzdHAyNTYAAABBBOxS95cIiV61E+4MgNWfg7IZLPCSshRwUaDe6N4f/oGrbxzNWsqe8SXsZI/Mvu7QtHWM7FwatzynSrmlBaj3W0o= root@ubuntu-xenial
ssh-ed25519 AAAAC3NzaC1lZDI1NTE5AAAAILS4rKhzUlhKeYlFSDmEXGkZ5LvCQMl5b60EAqwDKjZA root@ubuntu-xenial
ssh-rsa AAAAB3NzaC1yc2EAAAADAQABAAABAQDJbpKOHJAPTFDXy3aOo+++AKyByblOPZJ0PXXAmbGh8bBtRWNyvj8SLtX1Ca911B6pzysUg00ssO3T1TAKA+hiaDVEJACS7C58nUbMIqzyMZV+YBFDuC92dLIJ7OT5xlQHwWwzl5eCXp7OBa9p8jxwJ7JusnN+CXav+7dVDX0bE97bxuOFJs6wPttJFvhGO2Gm39hl1jlk7bQkbello0DzJ3jzc6/zXnjW4pRVNXGTHCsWWTpw7NFyq6FI13jSqcYei/dRnJAJZXlfKAv/TYqU13OprSrLvoSJwYU2wRzEKBosQJqwIswwrlm/WeX4ubOqUVy3HbBlzVFUwDWh40OH root@ubuntu-xenial
-----END SSH HOST KEY KEYS-----
[   10.318643] cloud-init[1375]: Cloud-init v. 21.1-19-gbad84ad4-0ubuntu1~16.04.2 running 'modules:final' at Mon, 25 Oct 2021 15:28:50 +0000. Up 10.19 seconds.
[   10.324352] cloud-init[1375]: ci-info: no authorized SSH keys fingerprints found for user ubuntu.
[   10.332352] cloud-init[1375]: Cloud-init v. 21.1-19-gbad84ad4-0ubuntu1~16.04.2 finished at Mon, 25 Oct 2021 15:28:50 +0000. Datasource DataSourceNoCloud [seed=/dev/sdb][dsmode=net].  Up 10.31 seconds
[[0;32m  OK  [0m] Started Execute cloud user/final scripts.
[[0;32m  OK  [0m] Reached target Cloud-init target.

Ubuntu 16.04.7 LTS ubuntu-xenial ttyS0

ubuntu-xenial login: 