[    0.000000] Initializing cgroup subsys cpuset
[    0.000000] Initializing cgroup subsys cpu
[    0.000000] Initializing cgroup subsys cpuacct
[    0.000000] Linux version 4.4.0-210-generic (buildd@lgw01-amd64-009) (gcc version 5.4.0 20160609 (Ubuntu 5.4.0-6ubuntu1~16.04.12) ) #242-Ubuntu SMP Fri Apr 16 09:57:56 UTC 2021 (Ubuntu 4.4.0-210.242-generic 4.4.262)
[    0.000000] Command line: BOOT_IMAGE=/boot/vmlinuz-4.4.0-210-generic root=LABEL=cloudimg-rootfs ro console=tty1 console=ttyS0
[    0.000000] KERNEL supported cpus:
[    0.000000]   Intel GenuineIntel
[    0.000000]   AMD AuthenticAMD
[    0.000000]   Centaur CentaurHauls
[    0.000000] x86/fpu: xstate_offset[2]:  576, xstate_sizes[2]:  256
[    0.000000] x86/fpu: Supporting XSAVE feature 0x01: 'x87 floating point registers'
[    0.000000] x86/fpu: Supporting XSAVE feature 0x02: 'SSE registers'
[    0.000000] x86/fpu: Supporting XSAVE feature 0x04: 'AVX registers'
[    0.000000] x86/fpu: Enabled xstate features 0x7, context size is 832 bytes, using 'standard' format.
[    0.000000] e820: BIOS-provided physical RAM map:
[    0.000000] BIOS-e820: [mem 0x0000000000000000-0x000000000009fbff] usable
[    0.000000] BIOS-e820: [mem 0x000000000009fc00-0x000000000009ffff] reserved
[    0.000000] BIOS-e820: [mem 0x00000000000f0000-0x00000000000fffff] reserved
[    0.000000] BIOS-e820: [mem 0x0000000000100000-0x000000007ffeffff] usable
[    0.000000] BIOS-e820: [mem 0x000000007fff0000-0x000000007fffffff] ACPI data
[    0.000000] BIOS-e820: [mem 0x00000000fec00000-0x00000000fec00fff] reserved
[    0.000000] BIOS-e820: [mem 0x00000000fee00000-0x00000000fee00fff] reserved
[    0.000000] BIOS-e820: [mem 0x00000000fffc0000-0x00000000ffffffff] reserved
[    0.000000] NX (Execute Disable) protection: active
[    0.000000] SMBIOS 2.5 present.
[    0.000000] Hypervisor detected: KVM
[    0.000000] Kernel/User page tables isolation: disabled
[    0.000000] e820: last_pfn = 0x7fff0 max_arch_pfn = 0x400000000
[    0.000000] MTRR: Disabled
[    0.000000] x86/PAT: MTRRs disabled, skipping PAT initialization too.
[    0.000000] CPU MTRRs all blank - virtualized system.
[    0.000000] x86/PAT: Configuration [0-7]: WB  WT  UC- UC  WB  WT  UC- UC  
[    0.000000] found SMP MP-table at [mem 0x0009fff0-0x0009ffff] mapped at [ffff88000009fff0]
[    0.000000] Scanning 1 areas for low memory corruption
[    0.000000] RAMDISK: [mem 0x362dc000-0x37165fff]
[    0.000000] ACPI: Early table checksum verification disabled
[    0.000000] ACPI: RSDP 0x00000000000E0000 000024 (v02 VBOX  )
[    0.000000] ACPI: XSDT 0x000000007FFF0030 00003C (v01 VBOX   VBOXXSDT 00000001 ASL  00000061)
[    0.000000] ACPI: FACP 0x000000007FFF00F0 0000F4 (v04 VBOX   VBOXFACP 00000001 ASL  00000061)
[    0.000000] ACPI: DSDT 0x000000007FFF0470 002325 (v02 VBOX   VBOXBIOS 00000002 INTL 20100528)
[    0.000000] ACPI: FACS 0x000000007FFF0200 000040
[    0.000000] ACPI: FACS 0x000000007FFF0200 000040
[    0.000000] ACPI: APIC 0x000000007FFF0240 00005C (v02 VBOX   VBOXAPIC 00000001 ASL  00000061)
[    0.000000] ACPI: SSDT 0x000000007FFF02A0 0001CC (v01 VBOX   VBOXCPUT 00000002 INTL 20100528)
[    0.000000] No NUMA configuration found
[    0.000000] Faking a node at [mem 0x0000000000000000-0x000000007ffeffff]
[    0.000000] NODE_DATA(0) allocated [mem 0x7ffeb000-0x7ffeffff]
[    0.000000] kvm-clock: Using msrs 4b564d01 and 4b564d00
[    0.000000] kvm-clock: cpu 0, msr 0:7ffe3001, primary cpu clock
[    0.000000] kvm-clock: using sched offset of 3343977789 cycles
[    0.000000] clocksource: kvm-clock: mask: 0xffffffffffffffff max_cycles: 0x1cd42e4dffb, max_idle_ns: 881590591483 ns
[    0.000000] Zone ranges:
[    0.000000]   DMA      [mem 0x0000000000001000-0x0000000000ffffff]
[    0.000000]   DMA32    [mem 0x0000000001000000-0x000000007ffeffff]
[    0.000000]   Normal   empty
[    0.000000]   Device   empty
[    0.000000] Movable zone start for each node
[    0.000000] Early memory node ranges
[    0.000000]   node   0: [mem 0x0000000000001000-0x000000000009efff]
[    0.000000]   node   0: [mem 0x0000000000100000-0x000000007ffeffff]
[    0.000000] Initmem setup node 0 [mem 0x0000000000001000-0x000000007ffeffff]
[    0.000000] ACPI: PM-Timer IO Port: 0x4008
[    0.000000] IOAPIC[0]: apic_id 2, version 32, address 0xfec00000, GSI 0-23
[    0.000000] ACPI: INT_SRC_OVR (bus 0 bus_irq 0 global_irq 2 dfl dfl)
[    0.000000] ACPI: INT_SRC_OVR (bus 0 bus_irq 9 global_irq 9 low level)
[    0.000000] Using ACPI (MADT) for SMP configuration information
[    0.000000] smpboot: Allowing 2 CPUs, 0 hotplug CPUs
[    0.000000] PM: Registered nosave memory: [mem 0x00000000-0x00000fff]
[    0.000000] PM: Registered nosave memory: [mem 0x0009f000-0x0009ffff]
[    0.000000] PM: Registered nosave memory: [mem 0x000a0000-0x000effff]
[    0.000000] PM: Registered nosave memory: [mem 0x000f0000-0x000fffff]
[    0.000000] e820: [mem 0x80000000-0xfebfffff] available for PCI devices
[    0.000000] Booting paravirtualized kernel on KVM
[    0.000000] clocksource: refined-jiffies: mask: 0xffffffff max_cycles: 0xffffffff, max_idle_ns: 7645519600211568 ns
[    0.000000] setup_percpu: NR_CPUS:512 nr_cpumask_bits:512 nr_cpu_ids:2 nr_node_ids:1
[    0.000000] PERCPU: Embedded 33 pages/cpu @ffff88007fc00000 s95192 r8192 d31784 u1048576
[    0.000000] Built 1 zonelists in Node order, mobility grouping on.  Total pages: 515960
[    0.000000] Policy zone: DMA32
[    0.000000] Kernel command line: BOOT_IMAGE=/boot/vmlinuz-4.4.0-210-generic root=LABEL=cloudimg-rootfs ro console=tty1 console=ttyS0
[    0.000000] PID hash table entries: 4096 (order: 3, 32768 bytes)
[    0.000000] Memory: 2029984K/2096696K available (8644K kernel code, 1332K rwdata, 4044K rodata, 1492K init, 1164K bss, 66712K reserved, 0K cma-reserved)
[    0.000000] SLUB: HWalign=64, Order=0-3, MinObjects=0, CPUs=2, Nodes=1
[    0.000000] Hierarchical RCU implementation.
[    0.000000] 	Build-time adjustment of leaf fanout to 64.
[    0.000000] 	RCU restricting CPUs from NR_CPUS=512 to nr_cpu_ids=2.
[    0.000000] RCU: Adjusting geometry for rcu_fanout_leaf=64, nr_cpu_ids=2
[    0.000000] NR_IRQS:33024 nr_irqs:440 16
[    0.000000] Console: colour VGA+ 80x25
[    0.000000] console [tty1] enabled
[    0.000000] console [ttyS0] enabled
[    0.000000] tsc: Detected 2903.994 MHz processor
[    0.176249] Calibrating delay loop (skipped) preset value.. 5807.98 BogoMIPS (lpj=11615976)
[    0.178054] pid_max: default: 32768 minimum: 301
[    0.178863] ACPI: Core revision 20150930
[    0.180373] ACPI: 2 ACPI AML tables successfully acquired and loaded
[    0.181886] Security Framework initialized
[    0.182654] Yama: becoming mindful.
[    0.183365] AppArmor: AppArmor initialized
[    0.186790] Dentry cache hash table entries: 262144 (order: 9, 2097152 bytes)
[    0.188454] Inode-cache hash table entries: 131072 (order: 8, 1048576 bytes)
[    0.190106] Mount-cache hash table entries: 4096 (order: 3, 32768 bytes)
[    0.191349] Mountpoint-cache hash table entries: 4096 (order: 3, 32768 bytes)
[    0.195095] Initializing cgroup subsys io
[    0.195904] Initializing cgroup subsys memory
[    0.196734] Initializing cgroup subsys devices
[    0.197873] Initializing cgroup subsys freezer
[    0.198730] Initializing cgroup subsys net_cls
[    0.199516] Initializing cgroup subsys perf_event
[    0.200296] Initializing cgroup subsys net_prio
[    0.201637] Initializing cgroup subsys hugetlb
[    0.202772] Initializing cgroup subsys pids
[    0.204651] mce: CPU supports 0 MCE banks
[    0.205488] Last level iTLB entries: 4KB 128, 2MB 8, 4MB 8
[    0.206668] Last level dTLB entries: 4KB 64, 2MB 0, 4MB 0, 1GB 4
[    0.207848] Spectre V1 : Mitigation: usercopy/swapgs barriers and __user pointer sanitization
[    0.209340] Spectre V2 : Mitigation: Full generic retpoline
[    0.210323] Spectre V2 : Spectre v2 / SpectreRSB mitigation: Filling RSB on context switch
[    0.211858] Speculative Store Bypass: Vulnerable
[    0.212640] SRBDS: Mitigation: TSX disabled
[    0.216226] Freeing SMP alternatives memory: 36K
[    0.222774] ftrace: allocating 32380 entries in 127 pages
[    0.279248] smpboot: APIC(0) Converting physical 0 to logical package 0
[    0.280930] smpboot: Max logical packages: 1
[    0.282112] x2apic enabled
[    0.283030] Switched APIC routing to physical x2apic.
[    0.285297] ..TIMER: vector=0x30 apic1=0 pin1=2 apic2=-1 pin2=-1
[    0.394764] smpboot: CPU0: Intel(R) Core(TM) i5-9400F CPU @ 2.90GHz (family: 0x6, model: 0x9e, stepping: 0xd)
[    0.397303] Performance Events: unsupported p6 CPU model 158 no PMU driver, software events only.
[    0.408118] KVM setup paravirtual spinlock
[    0.409880] x86: Booting SMP configuration:
[    0.410915] .... node  #0, CPUs:      #1
[    0.411962] kvm-clock: cpu 1, msr 0:7ffe3041, secondary cpu clock
[    0.414118] mce: CPU supports 0 MCE banks
[    0.416932] x86: Booted up 1 node, 2 CPUs
[    0.418380] smpboot: Total of 2 processors activated (11615.97 BogoMIPS)
[    0.420456] devtmpfs: initialized
[    0.423083] evm: security.selinux
[    0.423824] evm: security.SMACK64
[    0.424585] evm: security.SMACK64EXEC
[    0.425366] evm: security.SMACK64TRANSMUTE
[    0.426639] evm: security.SMACK64MMAP
[    0.427772] evm: security.ima
[    0.428356] evm: security.capability
[    0.429175] clocksource: jiffies: mask: 0xffffffff max_cycles: 0xffffffff, max_idle_ns: 7645041785100000 ns
[    0.431471] futex hash table entries: 512 (order: 3, 32768 bytes)
[    0.432925] pinctrl core: initialized pinctrl subsystem
[    0.434414] RTC time:  9:43:57, date: 11/06/21
[    0.435572] NET: Registered protocol family 16
[    0.447402] cpuidle: using governor ladder
[    0.460302] cpuidle: using governor menu
[    0.461290] PCCT header not found.
[    0.462153] ACPI: bus type PCI registered
[    0.463170] acpiphp: ACPI Hot Plug PCI Controller Driver version: 0.5
[    0.464990] PCI: Using configuration type 1 for base access
[    0.476330] ACPI: Added _OSI(Module Device)
[    0.477192] ACPI: Added _OSI(Processor Device)
[    0.478197] ACPI: Added _OSI(3.0 _SCP Extensions)
[    0.479199] ACPI: Added _OSI(Processor Aggregator Device)
[    0.480928] ACPI: Executed 1 blocks of module-level executable AML code
[    0.487349] ACPI: Interpreter enabled
[    0.489626] ACPI: (supports S0 S5)
[    0.490741] ACPI: Using IOAPIC for interrupt routing
[    0.492005] PCI: Using host bridge windows from ACPI; if necessary, use "pci=nocrs" and report a bug
[    0.497685] ACPI: PCI Root Bridge [PCI0] (domain 0000 [bus 00-ff])
[    0.499450] acpi PNP0A03:00: _OSC: OS supports [ASPM ClockPM Segments MSI]
[    0.501219] acpi PNP0A03:00: _OSC: not requesting OS control; OS requires [ExtendedConfig ASPM ClockPM MSI]
[    0.503100] acpi PNP0A03:00: fail to add MMCONFIG information, can't access extended PCI configuration space under this bridge.
[    0.505762] PCI host bridge to bus 0000:00
[    0.506901] pci_bus 0000:00: root bus resource [io  0x0000-0x0cf7 window]
[    0.508403] pci_bus 0000:00: root bus resource [io  0x0d00-0xffff window]
[    0.509758] pci_bus 0000:00: root bus resource [mem 0x000a0000-0x000bffff window]
[    0.511715] pci_bus 0000:00: root bus resource [mem 0x80000000-0xfdffffff window]
[    0.513103] pci_bus 0000:00: root bus resource [bus 00-ff]
[    0.516093] pci 0000:00:01.1: legacy IDE quirk: reg 0x10: [io  0x01f0-0x01f7]
[    0.517515] pci 0000:00:01.1: legacy IDE quirk: reg 0x14: [io  0x03f6]
[    0.518916] pci 0000:00:01.1: legacy IDE quirk: reg 0x18: [io  0x0170-0x0177]
[    0.520345] pci 0000:00:01.1: legacy IDE quirk: reg 0x1c: [io  0x0376]
[    0.563821] pci 0000:00:07.0: quirk: [io  0x4000-0x403f] claimed by PIIX4 ACPI
[    0.566126] pci 0000:00:07.0: quirk: [io  0x4100-0x410f] claimed by PIIX4 SMB
[    0.591915] ACPI: PCI Interrupt Link [LNKA] (IRQs 5 9 10 *11)
[    0.593575] ACPI: PCI Interrupt Link [LNKB] (IRQs 5 9 *10 11)
[    0.595218] ACPI: PCI Interrupt Link [LNKC] (IRQs 5 *9 10 11)
[    0.596565] ACPI: PCI Interrupt Link [LNKD] (IRQs 5 9 10 *11)
[    0.598621] ACPI: Enabled 2 GPEs in block 00 to 07
[    0.599844] vgaarb: setting as boot device: PCI:0000:00:02.0
[    0.600813] vgaarb: device added: PCI:0000:00:02.0,decodes=io+mem,owns=io+mem,locks=none
[    0.602506] vgaarb: loaded
[    0.603236] vgaarb: bridge control possible 0000:00:02.0
[    0.604358] SCSI subsystem initialized
[    0.605207] ACPI: bus type USB registered
[    0.606030] usbcore: registered new interface driver usbfs
[    0.607283] usbcore: registered new interface driver hub
[    0.608237] usbcore: registered new device driver usb
[    0.609477] PCI: Using ACPI for IRQ routing
[    0.610630] NetLabel: Initializing
[    0.611330] NetLabel:  domain hash size = 128
[    0.612175] NetLabel:  protocols = UNLABELED CIPSOv4
[    0.613040] NetLabel:  unlabeled traffic allowed by default
[    0.614203] amd_nb: Cannot enumerate AMD northbridges
[    0.615220] clocksource: Switched to clocksource kvm-clock
[    0.629216] AppArmor: AppArmor Filesystem Enabled
[    0.630520] pnp: PnP ACPI init
[    0.632868] pnp: PnP ACPI: found 3 devices
[    0.646310] clocksource: acpi_pm: mask: 0xffffff max_cycles: 0xffffff, max_idle_ns: 2085701024 ns
[    0.648175] NET: Registered protocol family 2
[    0.649271] TCP established hash table entries: 16384 (order: 5, 131072 bytes)
[    0.650589] TCP bind hash table entries: 16384 (order: 6, 262144 bytes)
[    0.651777] TCP: Hash tables configured (established 16384 bind 16384)
[    0.653098] UDP hash table entries: 1024 (order: 3, 32768 bytes)
[    0.654076] UDP-Lite hash table entries: 1024 (order: 3, 32768 bytes)
[    0.655168] NET: Registered protocol family 1
[    0.656052] pci 0000:00:00.0: Limiting direct PCI/PCI transfers
[    0.657427] pci 0000:00:01.0: Activating ISA DMA hang workarounds
[    0.658600] Unpacking initramfs...
[    0.911953] Freeing initrd memory: 14888K
[    0.912751] clocksource: tsc: mask: 0xffffffffffffffff max_cycles: 0x29dc0055a3d, max_idle_ns: 440795341144 ns
[    0.914884] platform rtc_cmos: registered platform RTC device (no PNP device found)
[    0.916415] Scanning for low memory corruption every 60 seconds
[    0.917692] audit: initializing netlink subsys (disabled)
[    0.918646] audit: type=2000 audit(1636191843.248:1): initialized
[    0.919912] Initialise system trusted keyring
[    0.920786] HugeTLB registered 2 MB page size, pre-allocated 0 pages
[    0.923394] zbud: loaded
[    0.924306] VFS: Disk quotas dquot_6.6.0
[    0.925031] VFS: Dquot-cache hash table entries: 512 (order 0, 4096 bytes)
[    0.926246] squashfs: version 4.0 (2009/01/31) Phillip Lougher
[    0.927644] fuse init (API version 7.23)
[    0.928464] Key type big_key registered
[    0.929171] Allocating IMA MOK and blacklist keyrings.
[    0.930621] Key type asymmetric registered
[    0.931385] Asymmetric key parser 'x509' registered
[    0.932448] Block layer SCSI generic (bsg) driver version 0.4 loaded (major 249)
[    0.933856] io scheduler noop registered
[    0.934550] io scheduler deadline registered (default)
[    0.935571] io scheduler cfq registered
[    0.936358] pci_hotplug: PCI Hot Plug PCI Core version: 0.5
[    0.937257] pciehp: PCI Express Hot Plug Controller Driver version: 0.4
[    0.938432] ACPI: AC Adapter [AC] (on-line)
[    0.939336] input: Power Button as /devices/LNXSYSTM:00/LNXPWRBN:00/input/input0
[    0.940707] ACPI: Power Button [PWRF]
[    0.941449] input: Sleep Button as /devices/LNXSYSTM:00/LNXSLPBN:00/input/input1
[    0.942727] ACPI: Sleep Button [SLPF]
[    0.943710] GHES: HEST is not enabled!
[    0.944523] Serial: 8250/16550 driver, 32 ports, IRQ sharing enabled
[    0.966040] 00:02: ttyS0 at I/O 0x3f8 (irq = 4, base_baud = 115200) is a 16550A
[    0.968571] Linux agpgart interface v0.103
[    0.970638] loop: module loaded
[    0.971911] scsi host0: ata_piix
[    0.972947] scsi host1: ata_piix
[    0.973664] ata1: PATA max UDMA/33 cmd 0x1f0 ctl 0x3f6 bmdma 0xd000 irq 14
[    0.974877] ata2: PATA max UDMA/33 cmd 0x170 ctl 0x376 bmdma 0xd008 irq 15
[    0.976233] libphy: Fixed MDIO Bus: probed
[    0.977128] tun: Universal TUN/TAP device driver, 1.6
[    0.978286] tun: (C) 1999-2004 Max Krasnyansky <maxk@qualcomm.com>
[    0.979348] PPP generic driver version 2.4.2
[    0.980182] ehci_hcd: USB 2.0 'Enhanced' Host Controller (EHCI) Driver
[    0.981545] ehci-pci: EHCI PCI platform driver
[    0.982651] ehci-platform: EHCI generic platform driver
[    0.983580] ohci_hcd: USB 1.1 'Open' Host Controller (OHCI) Driver
[    0.984728] ohci-pci: OHCI PCI platform driver
[    0.985777] ohci-platform: OHCI generic platform driver
[    0.986702] uhci_hcd: USB Universal Host Controller Interface driver
[    0.987865] i8042: PNP: PS/2 Controller [PNP0303:PS2K,PNP0f03:PS2M] at 0x60,0x64 irq 1,12
[    0.989853] serio: i8042 KBD port at 0x60,0x64 irq 1
[    0.990910] serio: i8042 AUX port at 0x60,0x64 irq 12
[    0.991988] mousedev: PS/2 mouse device common for all mice
[    0.993353] rtc_cmos rtc_cmos: rtc core: registered rtc_cmos as rtc0
[    0.994839] rtc_cmos rtc_cmos: alarms up to one day, 114 bytes nvram
[    0.995969] i2c /dev entries driver
[    0.995996] input: AT Translated Set 2 keyboard as /devices/platform/i8042/serio0/input/input2
[    0.998789] device-mapper: uevent: version 1.0.3
[    0.999776] device-mapper: ioctl: 4.34.0-ioctl (2015-10-28) initialised: dm-devel@redhat.com
[    1.001207] ledtrig-cpu: registered to indicate activity on CPUs
[    1.002862] NET: Registered protocol family 10
[    1.003816] NET: Registered protocol family 17
[    1.004745] Key type dns_resolver registered
[    1.006198] registered taskstats version 1
[    1.007058] Loading compiled-in X.509 certificates
[    1.008363] Loaded X.509 cert 'Build time autogenerated kernel key: cf00e047681d67edb2720680708b7d9498083038'
[    1.010067] zswap: loaded using pool lzo/zbud
[    1.012212] Key type trusted registered
[    1.015361] Key type encrypted registered
[    1.016090] AppArmor: AppArmor sha1 policy hashing enabled
[    1.016969] ima: No TPM chip found, activating TPM-bypass!
[    1.017866] ima: Allocated hash algorithm: sha1
[    1.018812] evm: HMAC attrs: 0x1
[    1.019718]   Magic number: 13:119:727
[    1.020391] block loop7: hash matches
[    1.021110] rtc_cmos rtc_cmos: setting system clock to 2021-11-06 09:43:58 UTC (1636191838)
[    1.022633] BIOS EDD facility v0.16 2004-Jun-25, 0 devices found
[    1.023816] EDD information not available.
[    1.156261] Freeing unused kernel memory: 1492K
[    1.157497] Write protecting the kernel read-only data: 14336k
[    1.159041] Freeing unused kernel memory: 1584K
[    1.160151] Freeing unused kernel memory: 52K
Loading, please wait...
starting version 229
[    1.172150] random: systemd-udevd: uninitialized urandom read (16 bytes read, 3 bits of entropy available)
[    1.172773] random: udevadm: uninitialized urandom read (16 bytes read, 3 bits of entropy available)
[    1.172790] random: udevadm: uninitialized urandom read (16 bytes read, 3 bits of entropy available)
[    1.178768] random: udevadm: uninitialized urandom read (16 bytes read, 3 bits of entropy available)
[    1.178800] random: udevadm: uninitialized urandom read (16 bytes read, 3 bits of entropy available)
[    1.178903] random: udevadm: uninitialized urandom read (16 bytes read, 3 bits of entropy available)
[    1.178936] random: udevadm: uninitialized urandom read (16 bytes read, 3 bits of entropy available)
[    1.178966] random: udevadm: uninitialized urandom read (16 bytes read, 3 bits of entropy available)
[    1.178996] random: udevadm: uninitialized urandom read (16 bytes read, 3 bits of entropy available)
[    1.179024] random: udevadm: uninitialized urandom read (16 bytes read, 3 bits of entropy available)
[    1.217523] e1000: Intel(R) PRO/1000 Network Driver - version 7.3.21-k8-NAPI
[    1.219167] e1000: Copyright (c) 1999-2006 Intel Corporation.
[    1.222132] Fusion MPT base driver 3.04.20
[    1.223094] Copyright (c) 1999-2008 LSI Corporation
[    1.245237] Fusion MPT SPI Host driver 3.04.20
[    1.249913] AVX2 version of gcm_enc/dec engaged.
[    1.250864] AES CTR mode by8 optimization enabled
[    1.433298] input: ImExPS/2 Generic Explorer Mouse as /devices/platform/i8042/serio1/input/input4
[    1.620446] e1000 0000:00:03.0 eth0: (PCI:33MHz:32-bit) 02:be:82:6b:cc:1d
[    1.621719] e1000 0000:00:03.0 eth0: Intel(R) PRO/1000 Network Connection
[    1.623766] mptbase: ioc0: Initiating bringup
[    1.688037] ioc0: LSI53C1030 A0: Capabilities={Initiator}
[    1.849717] scsi host2: ioc0: LSI53C1030 A0, FwRev=00000000h, Ports=1, MaxQ=256, IRQ=20
[    1.971858] scsi 2:0:0:0: Direct-Access     VBOX     HARDDISK         1.0  PQ: 0 ANSI: 5
[    1.974184] scsi target2:0:0: Beginning Domain Validation
[    1.977445] scsi target2:0:0: Domain Validation skipping write tests
[    1.978879] scsi target2:0:0: Ending Domain Validation
[    1.980278] scsi target2:0:0: asynchronous
[    1.981959] scsi 2:0:1:0: Direct-Access     VBOX     HARDDISK         1.0  PQ: 0 ANSI: 5
[    1.995406] scsi target2:0:1: Beginning Domain Validation
[    1.998536] scsi target2:0:1: Domain Validation skipping write tests
[    2.000171] scsi target2:0:1: Ending Domain Validation
[    2.001473] scsi target2:0:1: asynchronous
[    2.030720] sd 2:0:0:0: Attached scsi generic sg0 type 0
[    2.032277] sd 2:0:0:0: [sda] 83886080 512-byte logical blocks: (42.9 GB/40.0 GiB)
[    2.034871] sd 2:0:1:0: [sdb] 20480 512-byte logical blocks: (10.5 MB/10.0 MiB)
[    2.036794] sd 2:0:1:0: Attached scsi generic sg1 type 0
[    2.038301] sd 2:0:1:0: [sdb] Write Protect is off
[    2.039552] sd 2:0:0:0: [sda] Write Protect is off
[    2.040838] sd 2:0:1:0: [sdb] Incomplete mode parameter data
[    2.042079] sd 2:0:1:0: [sdb] Assuming drive cache: write through
[    2.043792] sd 2:0:0:0: [sda] Incomplete mode parameter data
[    2.045230] sd 2:0:0:0: [sda] Assuming drive cache: write through
[    2.049293]  sda: sda1
[    2.050932] sd 2:0:0:0: [sda] Attached SCSI disk
[    2.052166] sd 2:0:1:0: [sdb] Attached SCSI disk
[    2.331156] e1000 0000:00:08.0 eth1: (PCI:33MHz:32-bit) 08:00:27:3d:23:41
[    2.332758] e1000 0000:00:08.0 eth1: Intel(R) PRO/1000 Network Connection
[    2.334981] e1000 0000:00:03.0 enp0s3: renamed from eth0
[    2.607915] e1000 0000:00:08.0 enp0s8: renamed from eth1
Begin: Loading essential drivers ... [    3.891066] md: linear personality registered for level -1
[    3.894427] md: multipath personality registered for level -4
[    3.897608] md: raid0 personality registered for level 0
[    3.901807] md: raid1 personality registered for level 1
[    3.971281] raid6: sse2x1   gen() 11282 MB/s
[    4.039282] raid6: sse2x1   xor()  7666 MB/s
[    4.107286] raid6: sse2x2   gen() 15668 MB/s
[    4.175302] raid6: sse2x2   xor() 10401 MB/s
[    4.243283] raid6: sse2x4   gen() 17125 MB/s
[    4.311307] raid6: sse2x4   xor() 10461 MB/s
[    4.379278] raid6: avx2x1   gen() 22758 MB/s
[    4.447289] raid6: avx2x2   gen() 29092 MB/s
[    4.515256] raid6: avx2x4   gen() 32583 MB/s
[    4.516208] raid6: using algorithm avx2x4 gen() 32583 MB/s
[    4.517388] raid6: using avx2x2 recovery algorithm
[    4.519408] xor: automatically using best checksumming function:
[    4.559355]    avx       : 25041.000 MB/sec
[    4.561644] async_tx: api initialized (async)
[    4.570411] md: raid6 personality registered for level 6
[    4.571641] md: raid5 personality registered for level 5
[    4.572851] md: raid4 personality registered for level 4
[    4.578594] md: raid10 personality registered for level 10
done.
Begin: Running /scripts/init-premount ... done.
Begin: Mounting root file system ... Begin: Running /scripts/local-top ... done.
Begin: Running /scripts/local-premount ... [    4.604324] Btrfs loaded
Scanning for Btrfs filesystems
done.
Warning: fsck not present, so skipping root file system
[    4.631651] EXT4-fs (sda1): mounted filesystem with ordered data mode. Opts: (null)
done.
Begin: Running /scripts/local-bottom ... done.
Begin: Running /scripts/init-bottom ... done.
[    4.716202] systemd[1]: systemd 229 running in system mode. (+PAM +AUDIT +SELINUX +IMA +APPARMOR +SMACK +SYSVINIT +UTMP +LIBCRYPTSETUP +GCRYPT +GNUTLS +ACL +XZ -LZ4 +SECCOMP +BLKID +ELFUTILS +KMOD -IDN)
[    4.720139] systemd[1]: Detected virtualization oracle.
[    4.721267] systemd[1]: Detected architecture x86-64.

Welcome to [1mUbuntu 16.04.7 LTS[0m!

[    4.731907] systemd[1]: Set hostname to <ubuntu>.
[    4.735112] systemd[1]: Initializing machine ID from random generator.
[    4.736451] systemd[1]: Installed transient /etc/machine-id file.
[    4.858008] systemd[1]: Listening on fsck to fsckd communication Socket.
[[0;32m  OK  [0m] Listening on fsck to fsckd communication Socket.
[    4.859913] systemd[1]: Reached target Encrypted Volumes.
[[0;32m  OK  [0m] Reached target Encrypted Volumes.
[    4.861912] systemd[1]: Created slice User and Session Slice.
[[0;32m  OK  [0m] Created slice User and Session Slice.
[    4.863907] systemd[1]: Listening on /dev/initctl Compatibility Named Pipe.
[[0;32m  OK  [0m] Listening on /dev/initctl Compatibility Named Pipe.
[    4.871421] systemd[1]: Listening on LVM2 metadata daemon socket.
[[0;32m  OK  [0m] Listening on LVM2 metadata daemon socket.
[    4.873570] systemd[1]: Listening on Device-mapper event daemon FIFOs.
[[0;32m  OK  [0m] Listening on Device-mapper event daemon FIFOs.
[    4.883838] systemd[1]: Listening on Journal Socket (/dev/log).
[[0;32m  OK  [0m] Listening on Journal Socket (/dev/log).
[    4.912416] systemd[1]: Set up automount Arbitrary Executable File Formats File System Automount Point.
[[0;32m  OK  [0m] Set up automount Arbitrary Executab...ats File System Automount Point.
[    5.308406] systemd[1]: Created slice System Slice.
[[0;32m  OK  [0m] Created slice System Slice.
[    5.310655] systemd[1]: Created slice system-serial\x2dgetty.slice.
[[0;32m  OK  [0m] Created slice system-serial\x2dgetty.slice.
[    5.477920] systemd[1]: Listening on Journal Socket.
[[0;32m  OK  [0m] Listening on Journal Socket.
[    5.660202] systemd[1]: Starting Create list of required static device nodes for the current kernel...
         Starting Create list of required st... nodes for the current kernel...
[    5.668146] systemd[1]: Starting Nameserver information manager...
         Starting Nameserver information manager...
[    5.676571] systemd[1]: Starting Uncomplicated firewall...
         Starting Uncomplicated firewall...
[    5.684504] systemd[1]: Starting File System Check on Root Device...
         Starting File System Check on Root Device...
[    5.687621] systemd[1]: Starting Set console keymap...
         Starting Set console keymap...
[    5.689324] systemd[1]: Listening on LVM2 poll daemon socket.
[[0;32m  OK  [0m] Listening on LVM2 poll daemon socket.

    5.691562] systemd[1]: Listening on udev Control Socket.
[[0;32m  OK  [0m] Listening on udev Control Socket.
[    5.699581] systemd[1]: Listening on Journal Audit Socket.
[[0;32m  OK  [0m] Listening on Journal Audit Socket.
[    5.707375] systemd[1]: Reached target System Time Synchronized.
[[0;32m  OK  [0m] Reached target System Time Synchronized.
[    5.709369] systemd[1]: Reached target Swap.
[[0;32m  OK  [0m] Reached target Swap.
[    5.711229] systemd[1]: Started Forward Password Requests to Wall Directory Watch.
[[0;32m  OK  [0m] Started Forward Password Requests to Wall Directory Watch.
[    5.714136] systemd[1]: Mounting Debug File System...
         Mounting Debug File System...
[    5.716799] systemd[1]: Starting Monitoring of LVM2 mirrors, snapshots etc. using dmeventd or progress polling...
         Starting Monitoring of LVM2 mirrors... dmeventd or progress polling...
[    5.720565] systemd[1]: Listening on Syslog Socket.
[[0;32m  OK  [0m] Listening on Syslog Socket.
[    5.730647] systemd[1]: Starting Journal Service...
         Starting Journal Service...
[    5.740199] systemd[1]: Mounting Huge Pages File System...
         Mounting Huge Pages File System...
[    5.745870] systemd[1]: Listening on udev Kernel Socket.
[[0;32m  OK  [0m] Listening on udev Kernel Socket.
[    5.751392] systemd[1]: Reached target Slices.
[[0;32m  OK  [0m] Reached target Slices.
[    5.763846] systemd[1]: Mounting POSIX Message Queue File System...
         Mounting POSIX Message Queue File System...
[    5.772068] systemd[1]: Reached target User and Group Name Lookups.
[[0;32m  OK  [0m] Reached target User and Group Name Lookups.
[    5.795741] systemd[1]: Starting Load Kernel Modules...
         Starting Load Kernel Modules...
[    5.803049] Loading iSCSI transport class v2.0-870.
[    5.807492] systemd[1]: Started Trigger resolvconf update for networkd DNS.
[[0;32m  OK  [0m] Started Trigger resolvconf update for networkd DNS.
[    5.810741] iscsi: registered transport (tcp)
[    5.816542] systemd[1]: Mounted Huge Pages File System.
[[0;32m  OK  [0m] Mounted Huge Pages File System.
[    5.823488] systemd[1]: Mounted POSIX Message Queue File System.
[[0;32m  OK  [0m] Mounted POSIX Message Queue File System.
[    5.825686] systemd[1]: Mounted Debug File System.
[[0;32m  OK  [0m] Mounted Debug File System.
[    5.831545] systemd[1]: Started Journal Service.
[[0;32m  OK  [0m] Started Journal Service.
[    5.833980] iscsi: registered transport (iser)
[[0;32m  OK  [0m] Started Create list of required sta...ce nodes for the current kernel.
[[0;32m  OK  [0m] Started Uncomplicated firewall.
[[0;32m  OK  [0m] Started File System Check on Root Device.
[[0;32m  OK  [0m] Started Set console keymap.
[[0;32m  OK  [0m] Started Load Kernel Modules.
[[0;32m  OK  [0m] Started Nameserver information manager.
[[0;32m  OK  [0m] Started LVM2 metadata daemon.
[[0;32m  OK  [0m] Started File System Check Daemon to report status.
         Mounting FUSE Control File System...
         Starting Apply Kernel Variables...
         Starting Remount Root and Kernel File Systems...
[    5.902506] EXT4-fs (sda1): re-mounted. Opts: (null)
         Starting Create Static Device Nodes in /dev...
[[0;32m  OK  [0m] Mounted FUSE Control File System.
[[0;32m  OK  [0m] Started Apply Kernel Variables.
[[0;32m  OK  [0m] Started Remount Root and Kernel File Systems.
[[0;32m  OK  [0m] Started Create Static Device Nodes in /dev.
         Starting udev Kernel Device Manager...
         Starting udev Coldplug all Devices...
         Starting Load/Save Random Seed...
         Starting Flush Journal to Persistent Storage...
[[0;32m  OK  [0m] Started Load/Save Random Seed.
[[0;32m  OK  [0m] Started Flush Journal to Persistent Storage.
[[0;32m  OK  [0m] Started udev Kernel Device Manager.
[[0;32m  OK  [0m] Started udev Coldplug all Devices.
[[0;32m  OK  [0m] Started Dispatch Password Requests to Console Directory Watch.
[[0;32m  OK  [0m] Found device /dev/ttyS0.
[[0;32m  OK  [0m] Listening on Load/Save RF Kill Switch Status /dev/rfkill Watch.
[[0;32m  OK  [0m] Started Monitoring of LVM2 mirrors,...ng dmeventd or progress polling.
[[0;32m  OK  [0m] Reached target Local File Systems (Pre).
[[0;32m  OK  [0m] Reached target Local File Systems.
         Starting Tell Plymouth To Write Out Runtime Data...
         Starting Set console font and keymap...
         Starting LSB: AppArmor initialization...
         Starting Initial cloud-init job (pre-networking)...
         Starting Commit a transient machine-id on disk...
         Starting Create Volatile Files and Directories...
[[0;32m  OK  [0m] Started Tell Plymouth To Write Out Runtime Data.
[[0;32m  OK  [0m] Started Commit a transient machine-id on disk.
[[0;32m  OK  [0m] Started Create Volatile Files and Directories.
         Starting Update UTMP about System Boot/Shutdown...
[[0;32m  OK  [0m] Started Update UTMP about System Boot/Shutdown.
[[0;32m  OK  [0m] Started Set console font and keymap.
[[0;32m  OK  [0m] Created slice system-getty.slice.
[[0;32m  OK  [0m] Started LSB: AppArmor initialization.
         Starting Load AppArmor profiles managed internally by snapd...
[[0;32m  OK  [0m] Started Load AppArmor profiles managed internally by snapd.
[    7.188744] cloud-init[617]: Cloud-init v. 21.1-19-gbad84ad4-0ubuntu1~16.04.2 running 'init-local' at Sat, 06 Nov 2021 09:44:04 +0000. Up 6.91 seconds.
[[0;32m  OK  [0m] Started Initial cloud-init job (pre-networking).
[[0;32m  OK  [0m] Reached target Network (Pre).
         Starting Raise network interfaces...
[[0;32m  OK  [0m] Started Raise network interfaces.
[[0;32m  OK  [0m] Reached target Network.
         Starting Initial cloud-init job (metadata service crawler)...
[    8.235187] cloud-init[956]: Cloud-init v. 21.1-19-gbad84ad4-0ubuntu1~16.04.2 running 'init' at Sat, 06 Nov 2021 09:44:05 +0000. Up 7.65 seconds.
[    8.240429] cloud-init[956]: ci-info: ++++++++++++++++++++++++++++++++++++++Net device info+++++++++++++++++++++++++++++++++++++++
[    8.248389] cloud-init[956]: ci-info: +--------+-------+----------------------------+---------------+--------+-------------------+
[    8.256307] cloud-init[956]: ci-info: | Device |   Up  |          Address           |      Mask     | Scope  |     Hw-Address    |
[    8.257353] cloud-init[956]: ci-info: +--------+-------+----------------------------+---------------+--------+-------------------+
[    8.264356] cloud-init[956]: ci-info: | enp0s3 |  True |         10.0.2.15          | 255.255.255.0 | global | 02:be:82:6b:cc:1d |
[    8.272498] [cloud-init[0;32m  OK  [0m[956]: ] ci-info: | enp0s3 |  True | fe80::be:82ff:fe6b:cc1d/64 |       .       |  link  | 02:be:82:6b:cc:1d |Started Initial cloud-init job (metadata service crawler).

[    8.273614] cloud-init[956]: ci-info: | enp0s8 | False |             .              |       .       |   .    | 08:00:27:3d:23:41 |
[    8.280435] [cloud-init[0;32m  OK  [0m[956]: ] ci-info: |   lo   |  True |         127.0.0.1          |   255.0.0.0   |  host  |         .         |Reached target Cloud-config availability.

[[0;32m  OK  [0m] Reached target Network is Online.
[    8.288428] cloud-init[956]: ci-info: |   lo   |  True |          ::1/128           |       .       |  host  |         .         |
[    8.296566]          cloud-initStarting iSCSI initiator daemon (iscsid)...[956]: 
ci-info: +--------+-------+----------------------------+---------------+--------+-------------------+
[[0;32m  OK  [0m] Reached target System Initialization.
[[0;32m  OK  [0m] Listening on ACPID Listen Socket.
[    8.305302] cloud-init[956]: ci-info: +++++++++++++++++++++++++++Route IPv4 info++++++++++++++++++++++++++++
[    8.320279] [[0;32m  OK  [0m] Started Message of the Day.
cloud-init[956]: ci-info: +-------+-------------+----------+---------------+-----------+-------+
[    8.328204] [cloud-init[0;32m  OK  [0m[956]: ] ci-info: | Route | Destination | Gateway  |    Genmask    | Interface | Flags |Started ACPI Events Check.

[    8.336650] [[0;32m  OK  [0m] Reached target Paths.
[[0;32m  OK  [0m] Started Daily Cleanup of Temporary Directories.
[[0;32m  OK  [0m] Started Ubuntu Advantage update messaging.
cloud-init[956]: ci-info: +-------+-------------+----------+---------------+-----------+-------+
[    8.344239] cloud-init         Starting Socket activation for snappy daemon.
[[0;32m  OK  [0m] Listening on UUID daemon activation socket.
[956]: ci-info: |   0   |   0.0.0.0   | 10.0.2.2 |    0.0.0.0    |   enp0s3  |   UG  |
[    8.346868]          cloud-initStarting LXD - unix socket.[956]: 
ci-info: |   1   |   10.0.2.0  | 0.0.0.0  | 255.255.255.0 |   enp0s3  |   U   |
[    8.347969] cloud-init[[0;32m  OK  [0m] Listening on D-Bus System Message Bus Socket.
[956]: ci-info: +-------+-------------+----------+---------------+-----------+-------+
[    8.349825] [[0;32m  OK  [0m] Started Daily apt download activities.
cloud-init[956]: ci-info: +++++++++++++++++++Route IPv6 info+++++++++++++++++++
[    8.356575] [[0;32m  OK  [0m] Started Daily apt upgrade and clean activities.
[[0;32m  OK  [0m] Reached target Timers.
cloud-init[956]: ci-info: +-------+-------------+---------+-----------+-------+
[    8.358649] cloud-init[956]: ci-info: | Route | Destination | Gateway | Interface | Flags |
[    8.364488] cloud-init[956]: ci-info: +-------+-------------+---------+-----------+-------+
[    8.372413] cloud-init[956]: ci-info: |   0   |  fe80::/64  |    ::   |   enp0s3  |   U   |
[    8.384453] [cloud-init[0;32m  OK  [0m[956]: ] ci-info: |   3   |   ff00::/8  |    ::   |   enp0s3  |   U   |Listening on Socket activation for snappy daemon.

[    8.392348] [cloud-init[0;32m  OK  [0m[956]: ] ci-info: +-------+-------------+---------+-----------+-------+Listening on LXD - unix socket.

[    8.400191] [cloud-init[0;32m  OK  [0m[956]: ] Generating public/private rsa key pair.Started iSCSI initiator daemon (iscsid).

[    8.408624] cloud-init[956]: Your identification has been saved in /etc/ssh/ssh_host_rsa_key.
[    8.416582]          cloud-initStarting Login to default iSCSI targets...[956]: 
Your public key has been saved in /etc/ssh/ssh_host_rsa_key.pub.
[[0;32m  OK  [0m] Reached target Sockets.
[[0;32m  OK  [0m] Reached target Basic System.
[    8.416906] cloud-init[956]: The key fingerprint is:
[    8.432198] [cloud-init[0;32m  OK  [0m[956]: ] SHA256:J+xETDw3nZBDnjLt26wVH2CZJovpmu5QBtFqu2oJdHY root@ubuntu-xenialStarted Regular background program processing daemon.

[    8.440210]          Starting /etc/rc.local Compatibility...
cloud-init[956]: The key's randomart image is:
[    8.448378]          Starting Virtualbox guest utils...
cloud-init[956]: +---[RSA 2048]----+
[    8.449428]          cloud-initStarting Accounts Service...[956]: 
|    .. ...o+ .   |
[    8.450534]          Starting System Logging Service...
cloud-init[956]: |     ..ooo=.oo   |
[    8.451410] [[0;32m  OK  [0m] Started Deferred execution scheduler.
[[0;32m  OK  [0m] Started FUSE filesystem for LXC.
[[0;32m  OK  [0m] Started D-Bus System Message Bus.
cloud-init[956]: |    ..  =o=o*    |
[    8.456297] cloud-init[956]: | . ooE o * = .   |
[    8.457845] cloud-init[956]: |. o...o S + . .  |
[    8.458912] cloud-init[956]: |.   .o + o + o . |
[    8.459709] cloud-init[956]: | . ...  o . + .  |
[    8.460447] cloud-init[956]: |  o .. o   o     |
[    8.461216] cloud-init[956]: | ... o=   .      |
[    8.463756] cloud-init[956]: +----[SHA256]-----+
[    8.465205] cloud-init[956]: Generating public/private dsa key pair.
[    8.472196] cloud-init[956]: Your identification has been saved in /etc/ssh/ssh_host_dsa_key.
[    8.472871] cloud-init[956]: Your public key has been saved in /etc/ssh/ssh_host_dsa_key.pub.
[    8.474079] cloud-init[956]: The key fingerprint is:
[    8.480304] cloud-init[956]: SHA256:+s4iqVWW6dosf0yqREkYJes43+quEbn7tY9lfh7o7i4 root@ubuntu-xenial
[    8.481514] cloud-init[956]: The key's randomart image is:
[    8.488301] cloud-init[956]: +---[DSA 1024]----+
[    8.497607]          cloud-initStarting LXD - container startup/shutdown...[956]: 
|  o..            |
[    8.498794] cloud-init         [956]: Starting LSB: MD monitoring daemon...|   =             |

[    8.508447]          Starting Login Service...
cloud-init[956]: |  o .            |
[    8.516365]          cloud-initStarting LSB: Record successful boot for GRUB...[956]: 
| + . . o         |
[    8.517064] cloud-init[956]: |= . o = S        |
[    8.524276]          cloud-initStarting Pollinate to seed the pseudo random number generator...[956]: 
| = o + o.        |
[    8.525286] [[0;32m  OK  [0m] Started ACPI event daemon.
cloud-init[956]: |o . =.*+.        |
[    8.526210] cloud-init[956]: | o =E@oo+.       |
[    8.526865]          cloud-initStarting Snap Daemon...[956]: 
|o=*.=@@*=        |
[[0;32m  OK  [0m] Started System Logging Service.
[    8.528702] [[0;32m  OK  [0m] Started /etc/rc.local Compatibility.
cloud-init[956]: +----[SHA256]-----+
[    8.540173] cloud-init[956]: Generating public/private ecdsa key pair.
         Starting Authenticate and Authorize Users to Run Privileged Tasks...
[[0;32m  OK  [0m] Started LSB: MD monitoring daemon.
[    8.570400] cloud-init[956]: Your identification has been saved in /etc/ssh/ssh_host_ecdsa_key.
[    8.580995] cloud-init[956]: Your public key has been saved in /etc/ssh/ssh_host_ecdsa_key.pub.
[    8.582264] [cloud-init[0;32m  OK  [0m[956]: ] The key fingerprint is:Started LSB: Record successful boot for GRUB.

[    8.583360] cloud-init[956]: SHA256:yX+GRNNYfbkPNp78TegXdyr2eoNqIt4W6lo94C4UL2s root@ubuntu-xenial
[    8.584309] cloud-init[956]: The key's randomart image is:
[    8.592940] [cloud-init[0;32m  OK  [0m[956]: ] +---[ECDSA 256]---+Started Login Service.

[    8.597418] [cloud-init[0;32m  OK  [0m[956]: ] |            ..  .|Started Unattended Upgrades Shutdown.

[[0;32m  OK  [0m] Started Login to default iSCSI targets.
[    8.609086] cloud-init[956]: |           +  ...|
[    8.610012] [cloud-init[0;32m  OK  [0m[956]: ] |          + .  ..|Reached target Remote File Systems (Pre).

[[0;32m  OK  [0m] Reached target Remote File Systems.
[    8.610563] cloud-init[956]: |    .  . o .  +. |
[    8.636500] cloud-init[956]: |     o. S .  + =.|
[    8.637532] cloud-init[956]: |    o..o.o .  =.=|
[    8.638587] cloud-init[956]: |   . oo.o.o oo +=|
[    8.639168]          Starting LSB: daemon to balance interrupts for SMP systems...
         Starting Permit User Sessions...
cloud-init[956]: |    Eoo.o..o+ = +|
[    8.643484]          Starting LSB: Set the CPU Frequency Scaling governor to "ondemand"...
         Starting LSB: automatic crash report generation...
[[0;32m  OK  [0m] Started Authenticate and Authorize Users to Run Privileged Tasks.
[[0;32m  OK  [0m] Started Accounts Service.
cloud-init[956]: |   ..=+o.o.o.=.o |
[[0;32m  OK  [0m] Started Permit User Sessions.
[    8.660733] cloud-init[956]: +----[SHA256]-----+
[    8.676470] cloud-init[956]: Generating public/private ed25519 key pair.
[    8.677244] cloud-init[956]: Your identification has been saved in /etc/ssh/ssh_host_ed25519_key.
[    8.678749] cloud-init[956]: Your public key has been saved in /etc/ssh/ssh_host_ed25519_key.pub.
[    8.679851] cloud-init[956]: The key fingerprint is:
[    8.680461] cloud-init[956]: SHA256:60+EuyTpwiJydfmid7d3M1TR7hKjeP+Lpts9meyVcdM root@ubuntu-xenial
[    8.681103] cloud-init[956]: The key's randomart image is:
[    8.681556] cloud-init[956]: +--[ED25519 256]--+
[    8.682141] cloud-init[956]: |                .|
[    8.686277]          cloud-initStarting Hold until boot process finishes up...[956]: 
|               ..|
         Starting Terminate Plymouth Boot Screen...
[    8.688087] cloud-init[956]: |               ..|
[[0;32m  OK  [0m] Started Hold until boot process finishes up.
[[0;32m  OK  [0m] Started LXD - container startup/shutdown.
[    8.692178] cloud-init[956]: |         .    o +|
[[0;32m  OK  [0m] Started Serial Getty on ttyS0.
[    8.693302] cloud-init[956]: |       .S .. . BE|
         Starting Set console scheme...
[    8.701049] cloud-init[956]: |    . o. +. o o *|
[[0;32m  OK  [0m] Started Getty on tty1.
[[0;32m  OK  [0m] Reached target Login Prompts.
[[0;32m  OK  [0m] Started LSB: Set the CPU Frequency Scaling governor to "ondemand".
[[0;32m  OK  [0m] Started LSB: automatic crash report generation.
[[0;32m  OK  [0m] Started Terminate Plymouth Boot Screen.
[    8.703896] cloud-init[956]: |   o .o.+ .. o.o+|
[    8.712456] cloud-init[956]: |o o o.o+oo. o.B=.|
[    8.713427] cloud-init[956]: |.o ..+.oooo=++.B+|
[[0;32m  OK  [0m] Started Set console scheme.
[[0;32m  OK  [0m] Started Virtualbox guest utils.
[[0;32m  OK  [0m] Started LSB: daemon to balance interrupts for SMP systems.
[    8.716783] cloud-init[956]: +----[SHA256]-----+
[[0;32m  OK  [0m] Started Snap Daemon.
         Starting Wait until snapd is fully seeded...
[[0;32m  OK  [0m] Started Pollinate to seed the pseudo random number generator.
         Starting OpenBSD Secure Shell server...
[[0;32m  OK  [0m] Started OpenBSD Secure Shell server.
[[0;32m  OK  [0m] Started Wait until snapd is fully seeded.
         Starting Apply the settings specified in cloud-config...
[[0;32m  OK  [0m] Reached target Multi-User System.
[[0;32m  OK  [0m] Reached target Graphical Interface.
         Starting Update UTMP about System Runlevel Changes...
[[0;32m  OK  [0m] Started Update UTMP about System Runlevel Changes.
[    9.738656] cloud-init[1302]: Generating locales (this might take a while)...
[   10.403661] cloud-init[1302]:   en_US.UTF-8... done
[   10.408305] cloud-init[1302]: Generation complete.
[   10.649560] cloud-init[1302]: Cloud-init v. 21.1-19-gbad84ad4-0ubuntu1~16.04.2 running 'modules:config' at Sat, 06 Nov 2021 09:44:07 +0000. Up 9.65 seconds.
[[0;32m  OK  [0m] Started Apply the settings specified in cloud-config.
         Starting Execute cloud user/final scripts...
ci-info: no authorized SSH keys fingerprints found for user ubuntu.
<14>Nov  6 09:44:08 ec2: 
<14>Nov  6 09:44:08 ec2: #############################################################
<14>Nov  6 09:44:08 ec2: -----BEGIN SSH HOST KEY FINGERPRINTS-----
<14>Nov  6 09:44:08 ec2: 1024 SHA256:+s4iqVWW6dosf0yqREkYJes43+quEbn7tY9lfh7o7i4 root@ubuntu-xenial (DSA)
<14>Nov  6 09:44:08 ec2: 256 SHA256:yX+GRNNYfbkPNp78TegXdyr2eoNqIt4W6lo94C4UL2s root@ubuntu-xenial (ECDSA)
<14>Nov  6 09:44:08 ec2: 256 SHA256:60+EuyTpwiJydfmid7d3M1TR7hKjeP+Lpts9meyVcdM root@ubuntu-xenial (ED25519)
<14>Nov  6 09:44:08 ec2: 2048 SHA256:J+xETDw3nZBDnjLt26wVH2CZJovpmu5QBtFqu2oJdHY root@ubuntu-xenial (RSA)
<14>Nov  6 09:44:08 ec2: -----END SSH HOST KEY FINGERPRINTS-----
<14>Nov  6 09:44:08 ec2: #############################################################
-----BEGIN SSH HOST KEY KEYS-----
ecdsa-sha2-nistp256 AAAAE2VjZHNhLXNoYTItbmlzdHAyNTYAAAAIbmlzdHAyNTYAAABBBA3Cg5dwxQM+unOvGaeS3Xx6VSEv+1B4Fx+2NWTjdlgxLchfuGfjQe/0NgAKX0/zFhuXBDQ4Yi6LKAFdg5FdqIs= root@ubuntu-xenial
ssh-ed25519 AAAAC3NzaC1lZDI1NTE5AAAAIBOtGj6jCVBASz4wd+Sv4eN4ROzxerZQrsaEtTRuXInG root@ubuntu-xenial
ssh-rsa AAAAB3NzaC1yc2EAAAADAQABAAABAQC/W4BV0Me/SgAffuVYqnuMLXGuK7Kzcmgw7Qq3qySe5z9nsEdw1XwzP+P+9KwjlAq8AN3N7RbH8H8iK5ibqM00eUoLQkscvmECcDU9AeDzfLRjOlxMC/OIujKWz5+yDSuxD02ihv5xLo4RG6dJ0nQjSbs2fzzbX0KJnNXW9q5VqchV3P9toXdusr6zllJV0dT7tew6iLwWBcjbwjiS/mqK9xwZd/h7vvwgSO4J14pX0mOu2hEmpVnPGLmMlx8TgWjj1QuUa39HQJ/Ml3OWEmto2jn5pHBQ8Lh25HrxT6lEYx4jfCMZMaFk3yj6kodWu2p4r4MRMF5PspsKu6lqh6M7 root@ubuntu-xenial
-----END SSH HOST KEY KEYS-----
[   11.016966] cloud-init[1346]: Cloud-init v. 21.1-19-gbad84ad4-0ubuntu1~16.04.2 running 'modules:final' at Sat, 06 Nov 2021 09:44:08 +0000. Up 10.90 seconds.
[   11.024353] cloud-init[1346]: ci-info: no authorized SSH keys fingerprints found for user ubuntu.
[   11.032363] cloud-init[1346]: Cloud-init v. 21.1-19-gbad84ad4-0ubuntu1~16.04.2 finished at Sat, 06 Nov 2021 09:44:08 +0000. Datasource DataSourceNoCloud [seed=/dev/sdb][dsmode=net].  Up 11.01 seconds
[[0;32m  OK  [0m] Started Execute cloud user/final scripts.
[[0;32m  OK  [0m] Reached target Cloud-init target.

Ubuntu 16.04.7 LTS ubuntu-xenial ttyS0

ubuntu-xenial login: 