[    0.000000] Initializing cgroup subsys cpuset
[    0.000000] Initializing cgroup subsys cpu
[    0.000000] Initializing cgroup subsys cpuacct
[    0.000000] Linux version 4.4.0-210-generic (buildd@lgw01-amd64-009) (gcc version 5.4.0 20160609 (Ubuntu 5.4.0-6ubuntu1~16.04.12) ) #242-Ubuntu SMP Fri Apr 16 09:57:56 UTC 2021 (Ubuntu 4.4.0-210.242-generic 4.4.262)
[    0.000000] Command line: BOOT_IMAGE=/boot/vmlinuz-4.4.0-210-generic root=LABEL=cloudimg-rootfs ro console=tty1 console=ttyS0
[    0.000000] KERNEL supported cpus:
[    0.000000]   Intel GenuineIntel
[    0.000000]   AMD AuthenticAMD
[    0.000000]   Centaur CentaurHauls
[    0.000000] x86/fpu: xstate_offset[2]:  576, xstate_sizes[2]:  256
[    0.000000] x86/fpu: Supporting XSAVE feature 0x01: 'x87 floating point registers'
[    0.000000] x86/fpu: Supporting XSAVE feature 0x02: 'SSE registers'
[    0.000000] x86/fpu: Supporting XSAVE feature 0x04: 'AVX registers'
[    0.000000] x86/fpu: Enabled xstate features 0x7, context size is 832 bytes, using 'standard' format.
[    0.000000] e820: BIOS-provided physical RAM map:
[    0.000000] BIOS-e820: [mem 0x0000000000000000-0x000000000009fbff] usable
[    0.000000] BIOS-e820: [mem 0x000000000009fc00-0x000000000009ffff] reserved
[    0.000000] BIOS-e820: [mem 0x00000000000f0000-0x00000000000fffff] reserved
[    0.000000] BIOS-e820: [mem 0x0000000000100000-0x000000003ffeffff] usable
[    0.000000] BIOS-e820: [mem 0x000000003fff0000-0x000000003fffffff] ACPI data
[    0.000000] BIOS-e820: [mem 0x00000000fec00000-0x00000000fec00fff] reserved
[    0.000000] BIOS-e820: [mem 0x00000000fee00000-0x00000000fee00fff] reserved
[    0.000000] BIOS-e820: [mem 0x00000000fffc0000-0x00000000ffffffff] reserved
[    0.000000] NX (Execute Disable) protection: active
[    0.000000] SMBIOS 2.5 present.
[    0.000000] Hypervisor detected: KVM
[    0.000000] Kernel/User page tables isolation: disabled
[    0.000000] e820: last_pfn = 0x3fff0 max_arch_pfn = 0x400000000
[    0.000000] MTRR: Disabled
[    0.000000] x86/PAT: MTRRs disabled, skipping PAT initialization too.
[    0.000000] CPU MTRRs all blank - virtualized system.
[    0.000000] x86/PAT: Configuration [0-7]: WB  WT  UC- UC  WB  WT  UC- UC  
[    0.000000] found SMP MP-table at [mem 0x0009fff0-0x0009ffff] mapped at [ffff88000009fff0]
[    0.000000] Scanning 1 areas for low memory corruption
[    0.000000] RAMDISK: [mem 0x362dc000-0x37165fff]
[    0.000000] ACPI: Early table checksum verification disabled
[    0.000000] ACPI: RSDP 0x00000000000E0000 000024 (v02 VBOX  )
[    0.000000] ACPI: XSDT 0x000000003FFF0030 00003C (v01 VBOX   VBOXXSDT 00000001 ASL  00000061)
[    0.000000] ACPI: FACP 0x000000003FFF00F0 0000F4 (v04 VBOX   VBOXFACP 00000001 ASL  00000061)
[    0.000000] ACPI: DSDT 0x000000003FFF0470 002325 (v02 VBOX   VBOXBIOS 00000002 INTL 20100528)
[    0.000000] ACPI: FACS 0x000000003FFF0200 000040
[    0.000000] ACPI: FACS 0x000000003FFF0200 000040
[    0.000000] ACPI: APIC 0x000000003FFF0240 000054 (v02 VBOX   VBOXAPIC 00000001 ASL  00000061)
[    0.000000] ACPI: SSDT 0x000000003FFF02A0 0001CC (v01 VBOX   VBOXCPUT 00000002 INTL 20100528)
[    0.000000] No NUMA configuration found
[    0.000000] Faking a node at [mem 0x0000000000000000-0x000000003ffeffff]
[    0.000000] NODE_DATA(0) allocated [mem 0x3ffeb000-0x3ffeffff]
[    0.000000] kvm-clock: Using msrs 4b564d01 and 4b564d00
[    0.000000] kvm-clock: cpu 0, msr 0:3ffe3001, primary cpu clock
[    0.000000] kvm-clock: using sched offset of 3292303237 cycles
[    0.000000] clocksource: kvm-clock: mask: 0xffffffffffffffff max_cycles: 0x1cd42e4dffb, max_idle_ns: 881590591483 ns
[    0.000000] Zone ranges:
[    0.000000]   DMA      [mem 0x0000000000001000-0x0000000000ffffff]
[    0.000000]   DMA32    [mem 0x0000000001000000-0x000000003ffeffff]
[    0.000000]   Normal   empty
[    0.000000]   Device   empty
[    0.000000] Movable zone start for each node
[    0.000000] Early memory node ranges
[    0.000000]   node   0: [mem 0x0000000000001000-0x000000000009efff]
[    0.000000]   node   0: [mem 0x0000000000100000-0x000000003ffeffff]
[    0.000000] Initmem setup node 0 [mem 0x0000000000001000-0x000000003ffeffff]
[    0.000000] ACPI: PM-Timer IO Port: 0x4008
[    0.000000] IOAPIC[0]: apic_id 1, version 32, address 0xfec00000, GSI 0-23
[    0.000000] ACPI: INT_SRC_OVR (bus 0 bus_irq 0 global_irq 2 dfl dfl)
[    0.000000] ACPI: INT_SRC_OVR (bus 0 bus_irq 9 global_irq 9 low level)
[    0.000000] Using ACPI (MADT) for SMP configuration information
[    0.000000] smpboot: Allowing 1 CPUs, 0 hotplug CPUs
[    0.000000] PM: Registered nosave memory: [mem 0x00000000-0x00000fff]
[    0.000000] PM: Registered nosave memory: [mem 0x0009f000-0x0009ffff]
[    0.000000] PM: Registered nosave memory: [mem 0x000a0000-0x000effff]
[    0.000000] PM: Registered nosave memory: [mem 0x000f0000-0x000fffff]
[    0.000000] e820: [mem 0x40000000-0xfebfffff] available for PCI devices
[    0.000000] Booting paravirtualized kernel on KVM
[    0.000000] clocksource: refined-jiffies: mask: 0xffffffff max_cycles: 0xffffffff, max_idle_ns: 7645519600211568 ns
[    0.000000] setup_percpu: NR_CPUS:512 nr_cpumask_bits:512 nr_cpu_ids:1 nr_node_ids:1
[    0.000000] PERCPU: Embedded 33 pages/cpu @ffff88003fc00000 s95192 r8192 d31784 u2097152
[    0.000000] Built 1 zonelists in Node order, mobility grouping on.  Total pages: 257912
[    0.000000] Policy zone: DMA32
[    0.000000] Kernel command line: BOOT_IMAGE=/boot/vmlinuz-4.4.0-210-generic root=LABEL=cloudimg-rootfs ro console=tty1 console=ttyS0
[    0.000000] PID hash table entries: 4096 (order: 3, 32768 bytes)
[    0.000000] Memory: 997924K/1048120K available (8644K kernel code, 1332K rwdata, 4044K rodata, 1492K init, 1164K bss, 50196K reserved, 0K cma-reserved)
[    0.000000] SLUB: HWalign=64, Order=0-3, MinObjects=0, CPUs=1, Nodes=1
[    0.000000] Hierarchical RCU implementation.
[    0.000000] 	Build-time adjustment of leaf fanout to 64.
[    0.000000] 	RCU restricting CPUs from NR_CPUS=512 to nr_cpu_ids=1.
[    0.000000] RCU: Adjusting geometry for rcu_fanout_leaf=64, nr_cpu_ids=1
[    0.000000] NR_IRQS:33024 nr_irqs:256 16
[    0.000000] Console: colour VGA+ 80x25
[    0.000000] console [tty1] enabled
[    0.000000] console [ttyS0] enabled
[    0.000000] tsc: Detected 2904.002 MHz processor
[    0.121926] Calibrating delay loop (skipped) preset value.. 5808.00 BogoMIPS (lpj=11616008)
[    0.123358] pid_max: default: 32768 minimum: 301
[    0.124604] ACPI: Core revision 20150930
[    0.126275] ACPI: 2 ACPI AML tables successfully acquired and loaded
[    0.127651] Security Framework initialized
[    0.128381] Yama: becoming mindful.
[    0.129302] AppArmor: AppArmor initialized
[    0.130129] Dentry cache hash table entries: 131072 (order: 8, 1048576 bytes)
[    0.131583] Inode-cache hash table entries: 65536 (order: 7, 524288 bytes)
[    0.133034] Mount-cache hash table entries: 2048 (order: 2, 16384 bytes)
[    0.134108] Mountpoint-cache hash table entries: 2048 (order: 2, 16384 bytes)
[    0.135305] Initializing cgroup subsys io
[    0.136056] Initializing cgroup subsys memory
[    0.136924] Initializing cgroup subsys devices
[    0.137665] Initializing cgroup subsys freezer
[    0.138493] Initializing cgroup subsys net_cls
[    0.139341] Initializing cgroup subsys perf_event
[    0.140604] Initializing cgroup subsys net_prio
[    0.141339] Initializing cgroup subsys hugetlb
[    0.142330] Initializing cgroup subsys pids
[    0.144416] mce: CPU supports 0 MCE banks
[    0.145137] process: using mwait in idle threads
[    0.146032] Last level iTLB entries: 4KB 128, 2MB 8, 4MB 8
[    0.147085] Last level dTLB entries: 4KB 64, 2MB 0, 4MB 0, 1GB 4
[    0.148209] Spectre V1 : Mitigation: usercopy/swapgs barriers and __user pointer sanitization
[    0.149986] Spectre V2 : Mitigation: Full generic retpoline
[    0.151019] Spectre V2 : Spectre v2 / SpectreRSB mitigation: Filling RSB on context switch
[    0.152674] Speculative Store Bypass: Vulnerable
[    0.153800] SRBDS: Mitigation: TSX disabled
[    0.171202] Freeing SMP alternatives memory: 36K
[    0.177557] ftrace: allocating 32380 entries in 127 pages
[    0.231934] smpboot: APIC(0) Converting physical 0 to logical package 0
[    0.233453] smpboot: Max logical packages: 1
[    0.234348] x2apic enabled
[    0.235045] Switched APIC routing to physical x2apic.
[    0.236908] ..TIMER: vector=0x30 apic1=0 pin1=2 apic2=-1 pin2=-1
[    0.346236] smpboot: CPU0: Intel(R) Core(TM) i5-9400F CPU @ 2.90GHz (family: 0x6, model: 0x9e, stepping: 0xd)
[    0.348106] Performance Events: unsupported p6 CPU model 158 no PMU driver, software events only.
[    0.357680] KVM setup paravirtual spinlock
[    0.359146] x86: Booted up 1 node, 1 CPUs
[    0.360030] smpboot: Total of 1 processors activated (5808.00 BogoMIPS)
[    0.361794] devtmpfs: initialized
[    0.363960] evm: security.selinux
[    0.364682] evm: security.SMACK64
[    0.365354] evm: security.SMACK64EXEC
[    0.366097] evm: security.SMACK64TRANSMUTE
[    0.366781] evm: security.SMACK64MMAP
[    0.367607] evm: security.ima
[    0.368244] evm: security.capability
[    0.369223] clocksource: jiffies: mask: 0xffffffff max_cycles: 0xffffffff, max_idle_ns: 7645041785100000 ns
[    0.371038] futex hash table entries: 256 (order: 2, 16384 bytes)
[    0.372018] pinctrl core: initialized pinctrl subsystem
[    0.372985] RTC time: 16:43:23, date: 10/23/21
[    0.374209] NET: Registered protocol family 16
[    0.375057] cpuidle: using governor ladder
[    0.375731] cpuidle: using governor menu
[    0.376412] PCCT header not found.
[    0.377156] ACPI: bus type PCI registered
[    0.378101] acpiphp: ACPI Hot Plug PCI Controller Driver version: 0.5
[    0.379379] PCI: Using configuration type 1 for base access
[    0.381711] ACPI: Added _OSI(Module Device)
[    0.382696] ACPI: Added _OSI(Processor Device)
[    0.383679] ACPI: Added _OSI(3.0 _SCP Extensions)
[    0.384422] ACPI: Added _OSI(Processor Aggregator Device)
[    0.385799] ACPI: Executed 1 blocks of module-level executable AML code
[    0.388491] ACPI: Interpreter enabled
[    0.389349] ACPI: (supports S0 S5)
[    0.389993] ACPI: Using IOAPIC for interrupt routing
[    0.391190] PCI: Using host bridge windows from ACPI; if necessary, use "pci=nocrs" and report a bug
[    0.395954] ACPI: PCI Root Bridge [PCI0] (domain 0000 [bus 00-ff])
[    0.396948] acpi PNP0A03:00: _OSC: OS supports [ASPM ClockPM Segments MSI]
[    0.398253] acpi PNP0A03:00: _OSC: not requesting OS control; OS requires [ExtendedConfig ASPM ClockPM MSI]
[    0.400097] acpi PNP0A03:00: fail to add MMCONFIG information, can't access extended PCI configuration space under this bridge.
[    0.402159] PCI host bridge to bus 0000:00
[    0.402985] pci_bus 0000:00: root bus resource [io  0x0000-0x0cf7 window]
[    0.404260] pci_bus 0000:00: root bus resource [io  0x0d00-0xffff window]
[    0.405534] pci_bus 0000:00: root bus resource [mem 0x000a0000-0x000bffff window]
[    0.406967] pci_bus 0000:00: root bus resource [mem 0x40000000-0xfdffffff window]
[    0.408236] pci_bus 0000:00: root bus resource [bus 00-ff]
[    0.410515] pci 0000:00:01.1: legacy IDE quirk: reg 0x10: [io  0x01f0-0x01f7]
[    0.412107] pci 0000:00:01.1: legacy IDE quirk: reg 0x14: [io  0x03f6]
[    0.413430] pci 0000:00:01.1: legacy IDE quirk: reg 0x18: [io  0x0170-0x0177]
[    0.414804] pci 0000:00:01.1: legacy IDE quirk: reg 0x1c: [io  0x0376]
[    0.425646] pci 0000:00:07.0: quirk: [io  0x4000-0x403f] claimed by PIIX4 ACPI
[    0.435548] pci 0000:00:07.0: quirk: [io  0x4100-0x410f] claimed by PIIX4 SMB
[    0.442231] ACPI: PCI Interrupt Link [LNKA] (IRQs 5 9 10 *11)
[    0.443952] ACPI: PCI Interrupt Link [LNKB] (IRQs 5 9 *10 11)
[    0.445572] ACPI: PCI Interrupt Link [LNKC] (IRQs 5 *9 10 11)
[    0.447219] ACPI: PCI Interrupt Link [LNKD] (IRQs 5 9 10 *11)
[    0.448790] ACPI: Enabled 2 GPEs in block 00 to 07
[    0.449839] vgaarb: setting as boot device: PCI:0000:00:02.0
[    0.451091] vgaarb: device added: PCI:0000:00:02.0,decodes=io+mem,owns=io+mem,locks=none
[    0.452796] vgaarb: loaded
[    0.453515] vgaarb: bridge control possible 0000:00:02.0
[    0.454556] SCSI subsystem initialized
[    0.455272] ACPI: bus type USB registered
[    0.456053] usbcore: registered new interface driver usbfs
[    0.456997] usbcore: registered new interface driver hub
[    0.457981] usbcore: registered new device driver usb
[    0.458894] PCI: Using ACPI for IRQ routing
[    0.459839] NetLabel: Initializing
[    0.460437] NetLabel:  domain hash size = 128
[    0.461551] NetLabel:  protocols = UNLABELED CIPSOv4
[    0.462355] NetLabel:  unlabeled traffic allowed by default
[    0.463318] amd_nb: Cannot enumerate AMD northbridges
[    0.464151] clocksource: Switched to clocksource kvm-clock
[    0.469235] AppArmor: AppArmor Filesystem Enabled
[    0.470193] pnp: PnP ACPI init
[    0.471373] pnp: PnP ACPI: found 3 devices
[    0.477426] clocksource: acpi_pm: mask: 0xffffff max_cycles: 0xffffff, max_idle_ns: 2085701024 ns
[    0.479258] NET: Registered protocol family 2
[    0.480070] TCP established hash table entries: 8192 (order: 4, 65536 bytes)
[    0.481207] TCP bind hash table entries: 8192 (order: 5, 131072 bytes)
[    0.482321] TCP: Hash tables configured (established 8192 bind 8192)
[    0.483491] UDP hash table entries: 512 (order: 2, 16384 bytes)
[    0.484408] UDP-Lite hash table entries: 512 (order: 2, 16384 bytes)
[    0.485478] NET: Registered protocol family 1
[    0.486376] pci 0000:00:00.0: Limiting direct PCI/PCI transfers
[    0.487475] pci 0000:00:01.0: Activating ISA DMA hang workarounds
[    0.488598] Unpacking initramfs...
[    0.675655] Freeing initrd memory: 14888K
[    0.676693] clocksource: tsc: mask: 0xffffffffffffffff max_cycles: 0x29dc079b5d9, max_idle_ns: 440795223751 ns
[    0.678816] platform rtc_cmos: registered platform RTC device (no PNP device found)
[    0.680176] Scanning for low memory corruption every 60 seconds
[    0.681313] audit: initializing netlink subsys (disabled)
[    0.682184] audit: type=2000 audit(1635007409.062:1): initialized
[    0.683449] Initialise system trusted keyring
[    0.684249] HugeTLB registered 2 MB page size, pre-allocated 0 pages
[    0.686111] zbud: loaded
[    0.687282] VFS: Disk quotas dquot_6.6.0
[    0.688183] VFS: Dquot-cache hash table entries: 512 (order 0, 4096 bytes)
[    0.689643] squashfs: version 4.0 (2009/01/31) Phillip Lougher
[    0.691219] fuse init (API version 7.23)
[    0.692112] Key type big_key registered
[    0.693045] Allocating IMA MOK and blacklist keyrings.
[    0.694355] Key type asymmetric registered
[    0.695177] Asymmetric key parser 'x509' registered
[    0.696095] Block layer SCSI generic (bsg) driver version 0.4 loaded (major 249)
[    0.697819] io scheduler noop registered
[    0.698816] io scheduler deadline registered (default)
[    0.699882] io scheduler cfq registered
[    0.700702] pci_hotplug: PCI Hot Plug PCI Core version: 0.5
[    0.701563] pciehp: PCI Express Hot Plug Controller Driver version: 0.4
[    0.702740] ACPI: AC Adapter [AC] (on-line)
[    0.703540] input: Power Button as /devices/LNXSYSTM:00/LNXPWRBN:00/input/input0
[    0.705032] ACPI: Power Button [PWRF]
[    0.705886] input: Sleep Button as /devices/LNXSYSTM:00/LNXSLPBN:00/input/input1
[    0.707199] ACPI: Sleep Button [SLPF]
[    0.707993] GHES: HEST is not enabled!
[    0.708733] Serial: 8250/16550 driver, 32 ports, IRQ sharing enabled
[    0.730327] 00:02: ttyS0 at I/O 0x3f8 (irq = 4, base_baud = 115200) is a 16550A
[    0.732569] Linux agpgart interface v0.103
[    0.734623] loop: module loaded
[    0.735667] scsi host0: ata_piix
[    0.736583] scsi host1: ata_piix
[    0.737337] ata1: PATA max UDMA/33 cmd 0x1f0 ctl 0x3f6 bmdma 0xd000 irq 14
[    0.738360] ata2: PATA max UDMA/33 cmd 0x170 ctl 0x376 bmdma 0xd008 irq 15
[    0.739629] libphy: Fixed MDIO Bus: probed
[    0.740435] tun: Universal TUN/TAP device driver, 1.6
[    0.741269] tun: (C) 1999-2004 Max Krasnyansky <maxk@qualcomm.com>
[    0.742487] PPP generic driver version 2.4.2
[    0.743273] ehci_hcd: USB 2.0 'Enhanced' Host Controller (EHCI) Driver
[    0.744423] ehci-pci: EHCI PCI platform driver
[    0.745307] ehci-platform: EHCI generic platform driver
[    0.746522] ohci_hcd: USB 1.1 'Open' Host Controller (OHCI) Driver
[    0.747505] ohci-pci: OHCI PCI platform driver
[    0.748334] ohci-platform: OHCI generic platform driver
[    0.749507] uhci_hcd: USB Universal Host Controller Interface driver
[    0.750720] i8042: PNP: PS/2 Controller [PNP0303:PS2K,PNP0f03:PS2M] at 0x60,0x64 irq 1,12
[    0.752565] serio: i8042 KBD port at 0x60,0x64 irq 1
[    0.753479] serio: i8042 AUX port at 0x60,0x64 irq 12
[    0.754491] mousedev: PS/2 mouse device common for all mice
[    0.755556] input: AT Translated Set 2 keyboard as /devices/platform/i8042/serio0/input/input2
[    0.757502] rtc_cmos rtc_cmos: rtc core: registered rtc_cmos as rtc0
[    0.758520] rtc_cmos rtc_cmos: alarms up to one day, 114 bytes nvram
[    0.759541] i2c /dev entries driver
[    0.760185] device-mapper: uevent: version 1.0.3
[    0.761676] device-mapper: ioctl: 4.34.0-ioctl (2015-10-28) initialised: dm-devel@redhat.com
[    0.763287] ledtrig-cpu: registered to indicate activity on CPUs
[    0.764422] NET: Registered protocol family 10
[    0.765448] NET: Registered protocol family 17
[    0.766537] Key type dns_resolver registered
[    0.767406] registered taskstats version 1
[    0.768099] Loading compiled-in X.509 certificates
[    0.769400] Loaded X.509 cert 'Build time autogenerated kernel key: cf00e047681d67edb2720680708b7d9498083038'
[    0.771069] zswap: loaded using pool lzo/zbud
[    0.772734] Key type trusted registered
[    0.774924] Key type encrypted registered
[    0.775726] AppArmor: AppArmor sha1 policy hashing enabled
[    0.776837] ima: No TPM chip found, activating TPM-bypass!
[    0.778086] ima: Allocated hash algorithm: sha1
[    0.779017] evm: HMAC attrs: 0x1
[    0.779945]   Magic number: 9:136:743
[    0.780679] rtc_cmos rtc_cmos: setting system clock to 2021-10-23 16:43:24 UTC (1635007404)
[    0.782360] BIOS EDD facility v0.16 2004-Jun-25, 0 devices found
[    0.783297] EDD information not available.
[    0.916818] Freeing unused kernel memory: 1492K
[    0.918032] Write protecting the kernel read-only data: 14336k
[    0.919536] Freeing unused kernel memory: 1584K
[    0.920596] Freeing unused kernel memory: 52K
Loading, please wait...
starting version 229
[    0.928668] random: udevadm: uninitialized urandom read (16 bytes read, 3 bits of entropy available)
[    0.930573] random: udevadm: uninitialized urandom read (16 bytes read, 3 bits of entropy available)
[    0.933013] random: systemd-udevd: uninitialized urandom read (16 bytes read, 3 bits of entropy available)
[    0.935348] random: systemd-udevd: uninitialized urandom read (16 bytes read, 3 bits of entropy available)
[    0.937635] random: systemd-udevd: uninitialized urandom read (16 bytes read, 3 bits of entropy available)
[    0.939712] random: systemd-udevd: uninitialized urandom read (16 bytes read, 3 bits of entropy available)
[    0.946581] random: systemd-udevd: uninitialized urandom read (16 bytes read, 3 bits of entropy available)
[    0.949794] random: udevadm: uninitialized urandom read (16 bytes read, 3 bits of entropy available)
[    0.952006] random: udevadm: uninitialized urandom read (16 bytes read, 3 bits of entropy available)
[    0.954104] random: systemd-udevd: uninitialized urandom read (16 bytes read, 3 bits of entropy available)
[    0.994629] e1000: Intel(R) PRO/1000 Network Driver - version 7.3.21-k8-NAPI
[    0.995931] e1000: Copyright (c) 1999-2006 Intel Corporation.
[    1.000260] Fusion MPT base driver 3.04.20
[    1.001116] Copyright (c) 1999-2008 LSI Corporation
[    1.008052] Fusion MPT SPI Host driver 3.04.20
[    1.022389] mptbase: ioc0: Initiating bringup
[    1.034857] AVX2 version of gcm_enc/dec engaged.
[    1.035798] AES CTR mode by8 optimization enabled
[    1.084405] ioc0: LSI53C1030 A0: Capabilities={Initiator}
[    1.209663] input: ImExPS/2 Generic Explorer Mouse as /devices/platform/i8042/serio1/input/input4
[    1.246224] scsi host2: ioc0: LSI53C1030 A0, FwRev=00000000h, Ports=1, MaxQ=256, IRQ=20
[    1.361985] scsi 2:0:0:0: Direct-Access     VBOX     HARDDISK         1.0  PQ: 0 ANSI: 5
[    1.363921] scsi target2:0:0: Beginning Domain Validation
[    1.367018] scsi target2:0:0: Domain Validation skipping write tests
[    1.368363] scsi target2:0:0: Ending Domain Validation
[    1.369482] scsi target2:0:0: asynchronous
[    1.371168] scsi 2:0:1:0: Direct-Access     VBOX     HARDDISK         1.0  PQ: 0 ANSI: 5
[    1.373000] scsi target2:0:1: Beginning Domain Validation
[    1.375682] scsi target2:0:1: Domain Validation skipping write tests
[    1.376852] scsi target2:0:1: Ending Domain Validation
[    1.377951] scsi target2:0:1: asynchronous
[    1.383448] sd 2:0:0:0: Attached scsi generic sg0 type 0
[    1.385152] sd 2:0:0:0: [sda] 83886080 512-byte logical blocks: (42.9 GB/40.0 GiB)
[    1.387326] sd 2:0:0:0: [sda] Write Protect is off
[    1.392496] sd 2:0:1:0: [sdb] 20480 512-byte logical blocks: (10.5 MB/10.0 MiB)
[    1.402041] sd 2:0:1:0: Attached scsi generic sg1 type 0
[    1.403189] sd 2:0:0:0: [sda] Incomplete mode parameter data
[    1.404277] sd 2:0:0:0: [sda] Assuming drive cache: write through
[    1.420138]  sda: sda1
[    1.421087] sd 2:0:1:0: [sdb] Write Protect is off
[    1.426477] sd 2:0:0:0: [sda] Attached SCSI disk
[    1.431669] sd 2:0:1:0: [sdb] Incomplete mode parameter data
[    1.432819] sd 2:0:1:0: [sdb] Assuming drive cache: write through
[    1.476627] sd 2:0:1:0: [sdb] Attached SCSI disk
[    1.748613] e1000 0000:00:03.0 eth0: (PCI:33MHz:32-bit) 02:be:82:6b:cc:1d
[    1.750190] e1000 0000:00:03.0 eth0: Intel(R) PRO/1000 Network Connection
[    2.104402] e1000 0000:00:08.0 eth1: (PCI:33MHz:32-bit) 08:00:27:2b:96:78
[    2.105878] e1000 0000:00:08.0 eth1: Intel(R) PRO/1000 Network Connection
[    2.107901] e1000 0000:00:08.0 enp0s8: renamed from eth1
[    2.110151] e1000 0000:00:03.0 enp0s3: renamed from eth0
Begin: Loading essential drivers ... [    3.356135] md: linear personality registered for level -1
[    3.359177] md: multipath personality registered for level -4
[    3.362163] md: raid0 personality registered for level 0
[    3.365540] md: raid1 personality registered for level 1
[    3.436172] raid6: sse2x1   gen() 10909 MB/s
[    3.504209] raid6: sse2x1   xor()  7187 MB/s
[    3.572266] raid6: sse2x2   gen() 15622 MB/s
[    3.640244] raid6: sse2x2   xor() 10112 MB/s
[    3.708198] raid6: sse2x4   gen() 16398 MB/s
[    3.776250] raid6: sse2x4   xor() 10038 MB/s
[    3.844187] raid6: avx2x1   gen() 22368 MB/s
[    3.912201] raid6: avx2x2   gen() 29590 MB/s
[    3.980611] raid6: avx2x4   gen() 32254 MB/s
[    3.981592] raid6: using algorithm avx2x4 gen() 32254 MB/s
[    3.982551] raid6: using avx2x2 recovery algorithm
[    3.984557] xor: automatically using best checksumming function:
[    4.024245]    avx       : 25188.000 MB/sec
[    4.026094] async_tx: api initialized (async)
[    4.036279] md: raid6 personality registered for level 6
[    4.037191] md: raid5 personality registered for level 5
[    4.038028] md: raid4 personality registered for level 4
[    4.042791] md: raid10 personality registered for level 10
done.
Begin: Running /scripts/init-premount ... done.
Begin: Mounting root file system ... Begin: Running /scripts/local-top ... done.
Begin: Running /scripts/local-premount ... [    4.071898] Btrfs loaded
Scanning for Btrfs filesystems
done.
Warning: fsck not present, so skipping root file system
[    4.098122] EXT4-fs (sda1): mounted filesystem with ordered data mode. Opts: (null)
done.
Begin: Running /scripts/local-bottom ... done.
Begin: Running /scripts/init-bottom ... done.
[    4.181411] systemd[1]: systemd 229 running in system mode. (+PAM +AUDIT +SELINUX +IMA +APPARMOR +SMACK +SYSVINIT +UTMP +LIBCRYPTSETUP +GCRYPT +GNUTLS +ACL +XZ -LZ4 +SECCOMP +BLKID +ELFUTILS +KMOD -IDN)
[    4.185065] systemd[1]: Detected virtualization oracle.
[    4.186232] systemd[1]: Detected architecture x86-64.

Welcome to [1mUbuntu 16.04.7 LTS[0m!

[    4.196739] systemd[1]: Set hostname to <ubuntu>.
[    4.199967] systemd[1]: Initializing machine ID from random generator.
[    4.201409] systemd[1]: Installed transient /etc/machine-id file.
[    4.317680] systemd[1]: Reached target Encrypted Volumes.
[[0;32m  OK  [0m] Reached target Encrypted Volumes.
[    4.319831] systemd[1]: Reached target Swap.
[[0;32m  OK  [0m] Reached target Swap.
[    4.321455] systemd[1]: Listening on LVM2 metadata daemon socket.
[[0;32m  OK  [0m] Listening on LVM2 metadata daemon socket.
[    4.328312] systemd[1]: Listening on Device-mapper event daemon FIFOs.
[[0;32m  OK  [0m] Listening on Device-mapper event daemon FIFOs.
[    4.336713] systemd[1]: Listening on /dev/initctl Compatibility Named Pipe.
[[0;32m  OK  [0m] Listening on /dev/initctl Compatibility Named Pipe.
[    4.344642] systemd[1]: Listening on fsck to fsckd communication Socket.
[[0;32m  OK  [0m] Listening on fsck to fsckd communication Socket.
[    4.352425] systemd[1]: Listening on Journal Socket (/dev/log).
[[0;32m  OK  [0m] Listening on Journal Socket (/dev/log).
[    4.354267] systemd[1]: Reached target User and Group Name Lookups.
[[0;32m  OK  [0m] Reached target User and Group Name Lookups.
[    4.360597] systemd[1]: Listening on Journal Socket.
[[0;32m  OK  [0m] Listening on Journal Socket.
[    4.362505] systemd[1]: Listening on LVM2 poll daemon socket.
[[0;32m  OK  [0m] Listening on LVM2 poll daemon socket.
[    4.364060] systemd[1]: Listening on udev Kernel Socket.
[[0;32m  OK  [0m] Listening on udev Kernel Socket.
[    4.366278] systemd[1]: Created slice System Slice.
[[0;32m  OK  [0m] Created slice System Slice.
[    4.369055] systemd[1]: Starting Load Kernel Modules...
         Starting Load Kernel Modules...
[    4.371057] systemd[1]: Starting Create list of required static device nodes for the current kernel...
         Starting Create list of required st... nodes for the current kernel...
[    4.374873] systemd[1]: Starting Nameserver information manager...
         Starting Nameserver information manager...
[    4.381538] Loading iSCSI transport class v2.0-870.
[    4.384684] systemd[1]: Mounting POSIX Message Queue File System...
         Mounting POSIX Message Queue File System...
[    4.386908] systemd[1]: Mounting Huge Pages File System...
         Mounting Huge Pages File System...
[    4.392523] systemd[1]: Starting File System Check on Root Device...
         Starting File System Check on Root Device...
[    4.395857] iscsi: registered transport (tcp)
[    4.399107] systemd[1]: Starting Set console keymap...
         Starting Set console keymap...
[    4.404355] systemd[1]: Starting Monitoring of LVM2 mirrors, snapshots etc. using dmeventd or progress polling...
         Starting Monitoring of LVM2 mirrors... dmeventd or progress polling...
[    4.409570] systemd[1]: Set up automount Arbitrary Executable File Formats File System Automount Point.
[[0;32m  OK  [0m] Set up automount Arbitrary Executab...ats File System Automount Point.
[    4.417153] systemd[1]: Listening on Journal Audit Socket.
[[0;32m  OK  [0m] Listening on Journal Audit Socket.
[    4.419967] systemd[1]: Starting Uncomplicated firewall...
         Starting Uncomplicated firewall...
[    4.424322] systemd[1]: Started Trigger resolvconf update for networkd DNS.
[[0;32m  OK  [0m] Started Trigger resolvconf update for networkd DNS.
[    4.428256] systemd[1]: Listening on udev Control Socket.
[[0;32m  OK  [0m] Listening on udev Control Socket.
[    4.431871] systemd[1]: Created slice system-serial\x2dgetty.slice.
[[0;32m  OK  [0m] Created slice system-serial\x2dgetty.slice.
[    4.437634] systemd[1]: Listening on Syslog Socket.
[[0;32m  OK  [0m] Listening on Syslog Socket.
[    4.439414] systemd[1]: Starting Journal Service...
         Starting Journal Service...
[    4.452391] systemd[1]: Started Forward Password Requests to Wall Directory Watch.
[[0;32m  OK  [0m] Started Forward Password Requests to Wall Directory Watch.
[    4.460669] systemd[1]: Mounting Debug File System...
         Mounting Debug File System...
[    4.462676] systemd[1]: Created slice User and Session Slice.
[[0;32m  OK  [0m] Created slice User and Session Slice.
[    4.466767] systemd[1]: Reached target Slices.
[[0;32m  OK  [0m] Reached target Slices.
[    4.468625] systemd[1]: Reached target System Time Synchronized.
[[0;32m  OK  [0m] Reached target System Time Synchronized.
[    4.473873] systemd[1]: Mounted Huge Pages File System.
[[0;32m  OK  [0m] Mounted Huge Pages File System.
[    4.480348] systemd[1]: Mounted POSIX Message Queue File System.
[[0;32m  OK  [0m] Mounted POSIX Message Queue File System.
[    4.482594] systemd[1]: Mounted Debug File System.
[[0;32m  OK  [0m] Mounted Debug File System.
[    4.484650] systemd[1]: Started Create list of required static device nodes for the current kernel.
[[0;32m  OK  [0m] Started Create list of required sta...ce nodes for the current kernel.
[    4.491977] systemd[1]: Started File System Check on Root Device.
[[0;32m  OK  [0m] Started File System Check on Root Device.
[    4.494669] systemd[1]: Started Uncomplicated firewall.
[[0;32m  OK  [0m] Started Uncomplicated firewall.
[    4.496849] systemd[1]: Started Journal Service.
[[0;32m  OK  [0m] Started Journal Service.
[    4.501455] iscsi: registered transport (iser)
[[0;32m  OK  [0m] Started Set console keymap.
[[0;32m  OK  [0m] Started Nameserver information manager.
[[0;32m  OK  [0m] Started Load Kernel Modules.
[[0;32m  OK  [0m] Started LVM2 metadata daemon.
[[0;32m  OK  [0m] Started File System Check Daemon to report status.
         Mounting FUSE Control File System...
         Starting Apply Kernel Variables...
         Starting Remount Root and Kernel File Systems...
         Starting Create Static Device Nodes in /dev...
[    4.535791] EXT4-fs (sda1): re-mounted. Opts: (null)
[[0;32m  OK  [0m] Mounted FUSE Control File System.
[[0;32m  OK  [0m] Started Remount Root and Kernel File Systems.
         Starting Flush Journal to Persistent Storage...
         Starting Load/Save Random Seed...
         Starting udev Coldplug all Devices...
[[0;32m  OK  [0m] Started Apply Kernel Variables.
[[0;32m  OK  [0m] Started Load/Save Random Seed.
[[0;32m  OK  [0m] Started Flush Journal to Persistent Storage.
[[0;32m  OK  [0m] Started Create Static Device Nodes in /dev.
         Starting udev Kernel Device Manager...
[[0;32m  OK  [0m] Started udev Kernel Device Manager.
[[0;32m  OK  [0m] Started udev Coldplug all Devices.
[[0;32m  OK  [0m] Started Dispatch Password Requests to Console Directory Watch.
[[0;32m  OK  [0m] Started Monitoring of LVM2 mirrors,...ng dmeventd or progress polling.
[[0;32m  OK  [0m] Reached target Local File Systems (Pre).
[[0;32m  OK  [0m] Reached target Local File Systems.
         Starting Initial cloud-init job (pre-networking)...
         Starting Commit a transient machine-id on disk...
         Starting Tell Plymouth To Write Out Runtime Data...
         Starting Create Volatile Files and Directories...
         Starting LSB: AppArmor initialization...
         Starting Set console font and keymap...
[[0;32m  OK  [0m] Started Commit a transient machine-id on disk.
[[0;32m  OK  [0m] Started Tell Plymouth To Write Out Runtime Data.
[[0;32m  OK  [0m] Started Create Volatile Files and Directories.
         Starting Update UTMP about System Boot/Shutdown...
[[0;32m  OK  [0m] Started Update UTMP about System Boot/Shutdown.
[[0;32m  OK  [0m] Found device /dev/ttyS0.
[[0;32m  OK  [0m] Listening on Load/Save RF Kill Switch Status /dev/rfkill Watch.
[    6.041970] cloud-init[501]: Cloud-init v. 21.1-19-gbad84ad4-0ubuntu1~16.04.2 running 'init-local' at Sat, 23 Oct 2021 16:43:29 +0000. Up 5.55 seconds.
[[0;32m  OK  [0m] Started Initial cloud-init job (pre-networking).
[[0;32m  OK  [0m] Reached target Network (Pre).
[[0;32m  OK  [0m] Started Set console font and keymap.
[[0;32m  OK  [0m] Created slice system-getty.slice.
[[0;32m  OK  [0m] Started LSB: AppArmor initialization.
         Starting Load AppArmor profiles managed internally by snapd...
         Starting Raise network interfaces...
[[0;32m  OK  [0m] Started Load AppArmor profiles managed internally by snapd.
[[0;32m  OK  [0m] Started Raise network interfaces.
         Starting Initial cloud-init job (metadata service crawler)...
[[0;32m  OK  [0m] Reached target Network.
[    7.280189] cloud-init[973]: Cloud-init v. 21.1-19-gbad84ad4-0ubuntu1~16.04.2 running 'init' at Sat, 23 Oct 2021 16:43:30 +0000. Up 6.83 seconds.
[    7.288312] cloud-init[973]: ci-info: ++++++++++++++++++++++++++++++++++++++Net device info+++++++++++++++++++++++++++++++++++++++
[    7.296340] cloud-init[973]: ci-info: +--------+-------+----------------------------+---------------+--------+-------------------+
[    7.304309] cloud-init[973]: ci-info: | Device |   Up  |          Address           |      Mask     | Scope  |     Hw-Address    |
[    7.312281] cloud-init[973]: ci-info: +--------+-------+----------------------------+---------------+--------+-------------------+
[    7.320682] cloud-init[973]: ci-info: | enp0s3 |  True |         10.0.2.15          | 255.255.255.0 | global | 02:be:82:6b:cc:1d |
[    7.321699] cloud-init[973]: ci-info: | enp0s3 |  True | fe80::be:82ff:fe6b:cc1d/64 |       .       |  link  | 02:be:82:6b:cc:1d |
[    7.328328] cloud-init[973]: ci-info: | enp0s8 | False |             .              |       .       |   .    | 08:00:27:2b:96:78 |
[[0;32m  OK  [0m] Started Initial cloud-init job (metadata service crawler).
[[0;32m  OK  [0m] Reached target System Initialization.
[[0;32m  OK  [0m] Started Message of the Day.
[    7.338218] cloud-init[973]: ci-info: |   lo   |  True |         127.0.0.1          |   255.0.0.0   |  host  |         .         |
[    7.346920] cloud-init[973]: ci-info: |   lo   |  True |          ::1/128           |       .       |  host  |         .         |
[    7.352402] cloud-init[973]: ci-info: +--------+-------+----------------------------+---------------+--------+-------------------+
[    7.353400] cloud-init[973]: ci-info: +++++++++++++++++++++++++++Route IPv4 info++++++++++++++++++++++++++++
[    7.354552] cloud-init[973]: ci-info: +-------+-------------+----------+---------------+-----------+-------+
[    7.360343] cloud-init[973]: ci-info: | Route | Destination | Gateway  |    Genmask    | Interface | Flags |
[[0;32m  OK  [0m] Started ACPI Events Check.
[    7.370747] cloud-init[973]: ci-info: +-------+-------------+----------+---------------+-----------+-------+
[    7.376181] cloud-init[973]: ci-info: |   0   |   0.0.0.0   | 10.0.2.2 |    0.0.0.0    |   enp0s3  |   UG  |
[    7.384288] cloud-init[973]: ci-info: |   1   |   10.0.2.0  | 0.0.0.0  | 255.255.255.0 |   enp0s3  |   U   |
[    7.392613] cloud-init[973]: ci-info: +-------+-------------+----------+---------------+-----------+-------+
[    7.401072] cloud-init[973]: ci-info: +++++++++++++++++++Route IPv6 info+++++++++++++++++++
[    7.408172] cloud-init[973]: ci-info: +-------+-------------+---------+-----------+-------+
[[0;32m  OK  [0m] Reached target Paths.
[[0;32m  OK  [0m] Listening on ACPID Listen Socket.
[[0;32m  OK  [0m] Started Daily Cleanup of Temporary Directories.
[[0;32m  OK  [0m] Listening on UUID daemon activation socket.
[    7.418653] cloud-init[973]: ci-info: | Route | Destination | Gateway | Interface | Flags |
[    7.435049] cloud-init[973]: ci-info: +-------+-------------+---------+-----------+-------+
[    7.440278] cloud-init[973]: ci-info: |   0   |  fe80::/64  |    ::   |   enp0s3  |   U   |
[    7.448192] cloud-init[973]: ci-info: |   3   |   ff00::/8  |    ::   |   enp0s3  |   U   |
[[0;32m  OK  [0m] Listening on D-Bus System Message Bus Socket.
[[0;32m  OK  [0m] Started Ubuntu Advantage update messaging.
         Starting Socket activation for snappy daemon.
[[0;32m  OK  [0m] Started Daily apt download activities.
[    7.457848] cloud-init[973]: ci-info: +-------+-------------+---------+-----------+-------+
[    7.482837] cloud-init[973]: Generating public/private rsa key pair.
[    7.488354] cloud-init[973]: Your identification has been saved in /etc/ssh/ssh_host_rsa_key.
[    7.496173] cloud-init[973]: Your public key has been saved in /etc/ssh/ssh_host_rsa_key.pub.
[    7.504329] cloud-init[973]: The key fingerprint is:
[[0;32m  OK  [0m] Started Daily apt upgrade and clean activities.
[[0;32m  OK  [0m] Reached target Timers.
[    7.513886] cloud-init[973]: SHA256:2oi0hRioGAjFMAn6YeluW2yJBnNsm2WJYahb2mEmek4 root@ubuntu-xenial
[    7.528461] cloud-init[973]: The key's randomart image is:
[    7.536859] cloud-init[973]: +---[RSA 2048]----+
[    7.544286] cloud-init[973]: |*=.              |
         Starting LXD - unix socket.
[[0;32m  OK  [0m] Reached target Network is Online.
         Starting iSCSI initiator daemon (iscsid)...
[[0;32m  OK  [0m] Reached target Cloud-config availability.
[[0;32m  OK  [0m] Listening on Socket activation for snappy daemon.
[    7.553737] cloud-init[973]: |=+..             |
[    7.578075] cloud-init[973]: |* B              |
[    7.584219] cloud-init[973]: |+B * o           |
[    7.592182] cloud-init[973]: |B & * . S        |
[[0;32m  OK  [0m] Listening on LXD - unix socket.
[    7.601991] cloud-init[973]: |.# X = +         |
[    7.603169] cloud-init[973]: |+ E B o .        |
[    7.603964] cloud-init[973]: | * +             |
[    7.604650] [[0;32m  OK  [0m] Reached target Sockets.
[[0;32m  OK  [0m] Reached target Basic System.
         Starting Login Service...
[[0;32m  OK  [0m] Started Deferred execution scheduler.
[[0;32m  OK  [0m] Started FUSE filesystem for LXC.
cloud-init[973]: |  o              |
[    7.608743] cloud-init[973]: +----[SHA256]-----+
[    7.611452] cloud-init[973]: Generating public/private dsa key pair.
[[0;32m  OK  [0m] Started ACPI event daemon.
         Starting LSB: Record successful boot for GRUB...
[[0;32m  OK  [0m] Started D-Bus System Message Bus.
[    7.623792] cloud-init[973]: Your identification has been saved in /etc/ssh/ssh_host_dsa_key.
[    7.637642] cloud-init[973]: Your public key has been saved in /etc/ssh/ssh_host_dsa_key.pub.
[    7.638538] cloud-init[973]: The key fingerprint is:
[    7.639442] cloud-init[973]: SHA256:pP8G8As/Ob0X87uxb6UMgb1MTqx5dW4iUDGcd5e2Zbo root@ubuntu-xenial
[    7.640408] cloud-init[973]: The key's randomart image is:
[    7.641517] cloud-init[973]: +---[DSA 1024]----+
[    7.642286] cloud-init[973]: |           .oo  .|
[    7.643231] cloud-init[973]: |            +..o=|
[    7.643722] cloud-init[973]: |        .  = ..++|
[    7.644237] cloud-init[973]: |      .o  o * o..|
         Starting System Logging Service...
         Starting LSB: MD monitoring daemon...
         Starting /etc/rc.local Compatibility...
         Starting Virtualbox guest utils...
[    7.653699] cloud-init[973]: |      .oS  O + + |
[    7.677981]          Starting Pollinate to seed the pseudo random number generator...
         Starting Accounts Service...
         Starting LXD - container startup/shutdown...
cloud-init[973]: |      ..o o X E +|
[[0;32m  OK  [0m] Started Regular background program processing daemon.
         Starting Snap Daemon...
[[0;32m  OK  [0m] Started System Logging Service.
[[0;32m  OK  [0m] Started iSCSI initiator daemon (iscsid).
[[0;32m  OK  [0m] Started /etc/rc.local Compatibility.
[    7.683817] cloud-init[973]: |       o.= . B.+.|
[    7.709658] cloud-init[973]: |        *.o . +o.|
         Starting Login to default iSCSI targets...
[[0;32m  OK  [0m] Started Login Service.
[[0;32m  OK  [0m] Started Unattended Upgrades Shutdown.
[    7.727813] cloud-init[973]: |         +oo  +=.|
[    7.738999] cloud-init[973]: +----[SHA256]-----+
[[0;32m  OK  [0m] Started Login to default iSCSI targets.
[[0;32m  OK  [0m] Reached target Remote File Systems (Pre).
[[0;32m  OK  [0m] Reached target Remote File Systems.
         Starting LSB: Set the CPU Frequency Scaling governor to "ondemand"...
[    7.759123] cloud-init[973]: Generating public/private ecdsa key pair.
         Starting LSB: automatic crash report generation...
         Starting Permit User Sessions...
[    7.780392] cloud-init[973]: Your identification has been saved in /etc/ssh/ssh_host_ecdsa_key.
         Starting LSB: daemon to balance interrupts for SMP systems...
[    7.784580] cloud-init[973]: Your public key has been saved in /etc/ssh/ssh_host_ecdsa_key.pub.
[[0;32m  OK  [0m] Started LSB: Record successful boot for GRUB.
[[0;32m  OK  [0m] Started LSB: MD monitoring daemon.
[[0;32m  OK  [0m] Started Permit User Sessions.
         Starting Hold until boot process finishes up...
[    7.808391] cloud-init[973]: The key fingerprint is:
         Starting Terminate Plymouth Boot Screen...
[    7.823800] [[0;32m  OK  [0m] Started Hold until boot process finishes up.
[[0;32m  OK  [0m] Started Terminate Plymouth Boot Screen.
cloud-init[973]: SHA256:vc9c3nLE8zoxZkeF/Bs5NsJfHX0TBQAajyiRUcE035k root@ubuntu-xenial
[    7.828899]          Starting Authenticate and Authorize Users to Run Privileged Tasks...
[[0;32m  OK  [0m] Started Serial Getty on ttyS0.
[[0;32m  OK  [0m] Started Getty on tty1.
[[0;32m  OK  [0m] Reached target Login Prompts.
         Starting Set console scheme...
[[0;32m  OK  [0m] Started Set console scheme.
[[0;32m  OK  [0m] Started LSB: Set the CPU Frequency Scaling governor to "ondemand".
cloud-init[973]: The key's randomart image is:
[    7.865528] cloud-init[973]: +---[ECDSA 256]---+
[    7.869293] [[0;32m  OK  [0m] Started Authenticate and Authorize Users to Run Privileged Tasks.
[[0;32m  OK  [0m] Started Accounts Service.
[[0;32m  OK  [0m] Started LSB: automatic crash report generation.
cloud-init[973]: |    o*=.. ...o.+=|
[[0;32m  OK  [0m] Started LSB: daemon to balance interrupts for SMP systems.
[    7.885607] cloud-init[973]: |    ...+ * o  oo+|
[    7.894319] cloud-init[973]: |    . . + E .  .B|
[    7.899349] cloud-init[973]: |     .   .   o *=|
[    7.905744] cloud-init[973]: [[0;32m  OK  [0m] Started LXD - container startup/shutdown.
|        S .   +o*|
[    7.917059] cloud-init[973]: |           .  =++|
[    7.917903] cloud-init[973]: |          .  o.=o|
[    7.919045] cloud-init[973]: |           + oo.o|
[    7.922214] cloud-init[973]: |            + o=.|
[    7.923730] cloud-init[973]: +----[SHA256]-----+
[    7.932298] cloud-init[973]: Generating public/private ed25519 key pair.
[    7.933255] cloud-init[973]: Your identification has been saved in /etc/ssh/ssh_host_ed25519_key.
[    7.936242] cloud-init[973]: Your public key has been saved in /etc/ssh/ssh_host_ed25519_key.pub.
[    7.938062] cloud-init[973]: The key fingerprint is:
[    7.939048] cloud-init[973]: SHA256:rMXFpObN2GO9R9z3BvcEcj6yp1/EkB7c6Uchqw4BbJE root@ubuntu-xenial
[    7.943265] cloud-init[973]: The key's randomart image is:
[    7.952087] cloud-init[973]: +--[ED25519 256]--+
[    7.961811] cloud-init[973]: |      .oo .  . . |
[    7.970294] cloud-init[973]: |       E.+   .ooo|
[[0;32m  OK  [0m] Started Virtualbox guest utils.
[    7.980262] cloud-init[973]: |      . o.o ..B.o|
[    7.990025] cloud-init[973]: |       = *...*.B |
[    7.991893] cloud-init[973]: |        S.*.o B.O|
[    7.996306] cloud-init[973]: |       o .o. = *=|
[    7.999376] cloud-init[973]: |      .    .o o =|
[    8.000760] cloud-init[973]: |             + o |
[    8.001876] cloud-init[973]: |            ...  |
[    8.003445] cloud-init[973]: +----[SHA256]-----+
[[0;32m  OK  [0m] Started Snap Daemon.
         Starting Wait until snapd is fully seeded...
[[0;32m  OK  [0m] Started Pollinate to seed the pseudo random number generator.
         Starting OpenBSD Secure Shell server...
[[0;32m  OK  [0m] Started OpenBSD Secure Shell server.
[[0;32m  OK  [0m] Started Wait until snapd is fully seeded.
[[0;32m  OK  [0m] Reached target Multi-User System.
[[0;32m  OK  [0m] Reached target Graphical Interface.
         Starting Update UTMP about System Runlevel Changes...
         Starting Apply the settings specified in cloud-config...
[[0;32m  OK  [0m] Started Update UTMP about System Runlevel Changes.
[    9.404443] cloud-init[1327]: Generating locales (this might take a while)...
[    9.930393] cloud-init[1327]:   en_US.UTF-8... done
[    9.931434] cloud-init[1327]: Generation complete.
[   10.188271] cloud-init[1327]: Cloud-init v. 21.1-19-gbad84ad4-0ubuntu1~16.04.2 running 'modules:config' at Sat, 23 Oct 2021 16:43:33 +0000. Up 9.33 seconds.
[[0;32m  OK  [0m] Started Apply the settings specified in cloud-config.
         Starting Execute cloud user/final scripts...
ci-info: no authorized SSH keys fingerprints found for user ubuntu.
<14>Oct 23 16:43:34 ec2: 
<14>Oct 23 16:43:34 ec2: #############################################################
<14>Oct 23 16:43:34 ec2: -----BEGIN SSH HOST KEY FINGERPRINTS-----
<14>Oct 23 16:43:34 ec2: 1024 SHA256:pP8G8As/Ob0X87uxb6UMgb1MTqx5dW4iUDGcd5e2Zbo root@ubuntu-xenial (DSA)
<14>Oct 23 16:43:34 ec2: 256 SHA256:vc9c3nLE8zoxZkeF/Bs5NsJfHX0TBQAajyiRUcE035k root@ubuntu-xenial (ECDSA)
<14>Oct 23 16:43:34 ec2: 256 SHA256:rMXFpObN2GO9R9z3BvcEcj6yp1/EkB7c6Uchqw4BbJE root@ubuntu-xenial (ED25519)
<14>Oct 23 16:43:34 ec2: 2048 SHA256:2oi0hRioGAjFMAn6YeluW2yJBnNsm2WJYahb2mEmek4 root@ubuntu-xenial (RSA)
<14>Oct 23 16:43:34 ec2: -----END SSH HOST KEY FINGERPRINTS-----
<14>Oct 23 16:43:34 ec2: #############################################################
-----BEGIN SSH HOST KEY KEYS-----
ecdsa-sha2-nistp256 AAAAE2VjZHNhLXNoYTItbmlzdHAyNTYAAAAIbmlzdHAyNTYAAABBBIhfPs5BcFcoLe5EU1cSnd7InsFE+3c1Fie6FlUTXWD86Blvunf0KN0VfWZGvyCweQL8MgWadnSq8KB+h0Ix3X4= root@ubuntu-xenial
ssh-ed25519 AAAAC3NzaC1lZDI1NTE5AAAAIIwS8AghpmEHSXVDDcA++eMxTZWvSPcu8iXXsLvP22fw root@ubuntu-xenial
ssh-rsa AAAAB3NzaC1yc2EAAAADAQABAAABAQC+zUobE5LfSp9kipaRRohtpPb7Rmu7Bb/rYReJumWVEsevN2DQ4bdpacPezRHfxxKBr0+dqbjgkrxm8dGpaG+IiNLSLUa9YQrlKoy2sLC6lrn+kt2vhkxoBPxUTMGy6ofnrFz1ZBbwVrFSpxusEPAJgnvHQrKIZDgsZdt5eTvGgDu4jiPSxt3WIVxDHv5hqVhYu3Zr8dOOehx2An++p3EVC4mOx3AcK1rMR1YWxuXP2bLA6Z04V9YkIRLNvk7CaJVENE/Iz/qJHCREgSeBp799lqIjEmC3faWxDZl+ESq6ZDf8MVuKt0vm4U6lDhPCTrlHIzMgPjJ2N9k4f7l8f0Hp root@ubuntu-xenial
-----END SSH HOST KEY KEYS-----
[   10.567302] cloud-init[1370]: Cloud-init v. 21.1-19-gbad84ad4-0ubuntu1~16.04.2 running 'modules:final' at Sat, 23 Oct 2021 16:43:34 +0000. Up 10.44 seconds.
[   10.568826] cloud-init[1370]: ci-info: no authorized SSH keys fingerprints found for user ubuntu.
[   10.570013] cloud-init[1370]: Cloud-init v. 21.1-19-gbad84ad4-0ubuntu1~16.04.2 finished at Sat, 23 Oct 2021 16:43:34 +0000. Datasource DataSourceNoCloud [seed=/dev/sdb][dsmode=net].  Up 10.56 seconds
[[0;32m  OK  [0m] Started Execute cloud user/final scripts.
[[0;32m  OK  [0m] Reached target Cloud-init target.

Ubuntu 16.04.7 LTS ubuntu-xenial ttyS0

ubuntu-xenial login:                                                                                                                                                                                                                                                                                                                                                                                                  