[    0.000000] Initializing cgroup subsys cpuset
[    0.000000] Initializing cgroup subsys cpu
[    0.000000] Initializing cgroup subsys cpuacct
[    0.000000] Linux version 4.4.0-210-generic (buildd@lgw01-amd64-009) (gcc version 5.4.0 20160609 (Ubuntu 5.4.0-6ubuntu1~16.04.12) ) #242-Ubuntu SMP Fri Apr 16 09:57:56 UTC 2021 (Ubuntu 4.4.0-210.242-generic 4.4.262)
[    0.000000] Command line: BOOT_IMAGE=/boot/vmlinuz-4.4.0-210-generic root=LABEL=cloudimg-rootfs ro console=tty1 console=ttyS0
[    0.000000] KERNEL supported cpus:
[    0.000000]   Intel GenuineIntel
[    0.000000]   AMD AuthenticAMD
[    0.000000]   Centaur CentaurHauls
[    0.000000] x86/fpu: xstate_offset[2]:  576, xstate_sizes[2]:  256
[    0.000000] x86/fpu: Supporting XSAVE feature 0x01: 'x87 floating point registers'
[    0.000000] x86/fpu: Supporting XSAVE feature 0x02: 'SSE registers'
[    0.000000] x86/fpu: Supporting XSAVE feature 0x04: 'AVX registers'
[    0.000000] x86/fpu: Enabled xstate features 0x7, context size is 832 bytes, using 'standard' format.
[    0.000000] e820: BIOS-provided physical RAM map:
[    0.000000] BIOS-e820: [mem 0x0000000000000000-0x000000000009fbff] usable
[    0.000000] BIOS-e820: [mem 0x000000000009fc00-0x000000000009ffff] reserved
[    0.000000] BIOS-e820: [mem 0x00000000000f0000-0x00000000000fffff] reserved
[    0.000000] BIOS-e820: [mem 0x0000000000100000-0x000000007ffeffff] usable
[    0.000000] BIOS-e820: [mem 0x000000007fff0000-0x000000007fffffff] ACPI data
[    0.000000] BIOS-e820: [mem 0x00000000fec00000-0x00000000fec00fff] reserved
[    0.000000] BIOS-e820: [mem 0x00000000fee00000-0x00000000fee00fff] reserved
[    0.000000] BIOS-e820: [mem 0x00000000fffc0000-0x00000000ffffffff] reserved
[    0.000000] NX (Execute Disable) protection: active
[    0.000000] SMBIOS 2.5 present.
[    0.000000] Hypervisor detected: KVM
[    0.000000] Kernel/User page tables isolation: disabled
[    0.000000] e820: last_pfn = 0x7fff0 max_arch_pfn = 0x400000000
[    0.000000] MTRR: Disabled
[    0.000000] x86/PAT: MTRRs disabled, skipping PAT initialization too.
[    0.000000] CPU MTRRs all blank - virtualized system.
[    0.000000] x86/PAT: Configuration [0-7]: WB  WT  UC- UC  WB  WT  UC- UC  
[    0.000000] found SMP MP-table at [mem 0x0009fff0-0x0009ffff] mapped at [ffff88000009fff0]
[    0.000000] Scanning 1 areas for low memory corruption
[    0.000000] RAMDISK: [mem 0x362dc000-0x37165fff]
[    0.000000] ACPI: Early table checksum verification disabled
[    0.000000] ACPI: RSDP 0x00000000000E0000 000024 (v02 VBOX  )
[    0.000000] ACPI: XSDT 0x000000007FFF0030 00003C (v01 VBOX   VBOXXSDT 00000001 ASL  00000061)
[    0.000000] ACPI: FACP 0x000000007FFF00F0 0000F4 (v04 VBOX   VBOXFACP 00000001 ASL  00000061)
[    0.000000] ACPI: DSDT 0x000000007FFF0470 002325 (v02 VBOX   VBOXBIOS 00000002 INTL 20100528)
[    0.000000] ACPI: FACS 0x000000007FFF0200 000040
[    0.000000] ACPI: FACS 0x000000007FFF0200 000040
[    0.000000] ACPI: APIC 0x000000007FFF0240 000054 (v02 VBOX   VBOXAPIC 00000001 ASL  00000061)
[    0.000000] ACPI: SSDT 0x000000007FFF02A0 0001CC (v01 VBOX   VBOXCPUT 00000002 INTL 20100528)
[    0.000000] No NUMA configuration found
[    0.000000] Faking a node at [mem 0x0000000000000000-0x000000007ffeffff]
[    0.000000] NODE_DATA(0) allocated [mem 0x7ffeb000-0x7ffeffff]
[    0.000000] kvm-clock: Using msrs 4b564d01 and 4b564d00
[    0.000000] kvm-clock: cpu 0, msr 0:7ffe3001, primary cpu clock
[    0.000000] kvm-clock: using sched offset of 3368150056 cycles
[    0.000000] clocksource: kvm-clock: mask: 0xffffffffffffffff max_cycles: 0x1cd42e4dffb, max_idle_ns: 881590591483 ns
[    0.000000] Zone ranges:
[    0.000000]   DMA      [mem 0x0000000000001000-0x0000000000ffffff]
[    0.000000]   DMA32    [mem 0x0000000001000000-0x000000007ffeffff]
[    0.000000]   Normal   empty
[    0.000000]   Device   empty
[    0.000000] Movable zone start for each node
[    0.000000] Early memory node ranges
[    0.000000]   node   0: [mem 0x0000000000001000-0x000000000009efff]
[    0.000000]   node   0: [mem 0x0000000000100000-0x000000007ffeffff]
[    0.000000] Initmem setup node 0 [mem 0x0000000000001000-0x000000007ffeffff]
[    0.000000] ACPI: PM-Timer IO Port: 0x4008
[    0.000000] IOAPIC[0]: apic_id 1, version 32, address 0xfec00000, GSI 0-23
[    0.000000] ACPI: INT_SRC_OVR (bus 0 bus_irq 0 global_irq 2 dfl dfl)
[    0.000000] ACPI: INT_SRC_OVR (bus 0 bus_irq 9 global_irq 9 low level)
[    0.000000] Using ACPI (MADT) for SMP configuration information
[    0.000000] smpboot: Allowing 1 CPUs, 0 hotplug CPUs
[    0.000000] PM: Registered nosave memory: [mem 0x00000000-0x00000fff]
[    0.000000] PM: Registered nosave memory: [mem 0x0009f000-0x0009ffff]
[    0.000000] PM: Registered nosave memory: [mem 0x000a0000-0x000effff]
[    0.000000] PM: Registered nosave memory: [mem 0x000f0000-0x000fffff]
[    0.000000] e820: [mem 0x80000000-0xfebfffff] available for PCI devices
[    0.000000] Booting paravirtualized kernel on KVM
[    0.000000] clocksource: refined-jiffies: mask: 0xffffffff max_cycles: 0xffffffff, max_idle_ns: 7645519600211568 ns
[    0.000000] setup_percpu: NR_CPUS:512 nr_cpumask_bits:512 nr_cpu_ids:1 nr_node_ids:1
[    0.000000] PERCPU: Embedded 33 pages/cpu @ffff88007fc00000 s95192 r8192 d31784 u2097152
[    0.000000] Built 1 zonelists in Node order, mobility grouping on.  Total pages: 515960
[    0.000000] Policy zone: DMA32
[    0.000000] Kernel command line: BOOT_IMAGE=/boot/vmlinuz-4.4.0-210-generic root=LABEL=cloudimg-rootfs ro console=tty1 console=ttyS0
[    0.000000] PID hash table entries: 4096 (order: 3, 32768 bytes)
[    0.000000] Memory: 2030116K/2096696K available (8644K kernel code, 1332K rwdata, 4044K rodata, 1492K init, 1164K bss, 66580K reserved, 0K cma-reserved)
[    0.000000] SLUB: HWalign=64, Order=0-3, MinObjects=0, CPUs=1, Nodes=1
[    0.000000] Hierarchical RCU implementation.
[    0.000000] 	Build-time adjustment of leaf fanout to 64.
[    0.000000] 	RCU restricting CPUs from NR_CPUS=512 to nr_cpu_ids=1.
[    0.000000] RCU: Adjusting geometry for rcu_fanout_leaf=64, nr_cpu_ids=1
[    0.000000] NR_IRQS:33024 nr_irqs:256 16
[    0.000000] Console: colour VGA+ 80x25
[    0.000000] console [tty1] enabled
[    0.000000] console [ttyS0] enabled
[    0.000000] tsc: Detected 2903.994 MHz processor
[    0.157646] Calibrating delay loop (skipped) preset value.. 5807.98 BogoMIPS (lpj=11615976)
[    0.159669] pid_max: default: 32768 minimum: 301
[    0.160423] ACPI: Core revision 20150930
[    0.161994] ACPI: 2 ACPI AML tables successfully acquired and loaded
[    0.163506] Security Framework initialized
[    0.164209] Yama: becoming mindful.
[    0.164827] AppArmor: AppArmor initialized
[    0.168150] Dentry cache hash table entries: 262144 (order: 9, 2097152 bytes)
[    0.170240] Inode-cache hash table entries: 131072 (order: 8, 1048576 bytes)
[    0.172213] Mount-cache hash table entries: 4096 (order: 3, 32768 bytes)
[    0.173275] Mountpoint-cache hash table entries: 4096 (order: 3, 32768 bytes)
[    0.174415] Initializing cgroup subsys io
[    0.175220] Initializing cgroup subsys memory
[    0.176115] Initializing cgroup subsys devices
[    0.176886] Initializing cgroup subsys freezer
[    0.177690] Initializing cgroup subsys net_cls
[    0.178415] Initializing cgroup subsys perf_event
[    0.179162] Initializing cgroup subsys net_prio
[    0.180181] Initializing cgroup subsys hugetlb
[    0.180987] Initializing cgroup subsys pids
[    0.182899] mce: CPU supports 0 MCE banks
[    0.183853] process: using mwait in idle threads
[    0.184971] Last level iTLB entries: 4KB 128, 2MB 8, 4MB 8
[    0.186317] Last level dTLB entries: 4KB 64, 2MB 0, 4MB 0, 1GB 4
[    0.187652] Spectre V1 : Mitigation: usercopy/swapgs barriers and __user pointer sanitization
[    0.189401] Spectre V2 : Mitigation: Full generic retpoline
[    0.190288] Spectre V2 : Spectre v2 / SpectreRSB mitigation: Filling RSB on context switch
[    0.191727] Speculative Store Bypass: Vulnerable
[    0.192647] SRBDS: Mitigation: TSX disabled
[    0.215743] Freeing SMP alternatives memory: 36K
[    0.222944] ftrace: allocating 32380 entries in 127 pages
[    0.280045] smpboot: APIC(0) Converting physical 0 to logical package 0
[    0.281060] smpboot: Max logical packages: 1
[    0.282059] x2apic enabled
[    0.282751] Switched APIC routing to physical x2apic.
[    0.284584] ..TIMER: vector=0x30 apic1=0 pin1=2 apic2=-1 pin2=-1
[    0.394057] smpboot: CPU0: Intel(R) Core(TM) i5-9400F CPU @ 2.90GHz (family: 0x6, model: 0x9e, stepping: 0xd)
[    0.396104] Performance Events: unsupported p6 CPU model 158 no PMU driver, software events only.
[    0.407229] KVM setup paravirtual spinlock
[    0.408578] x86: Booted up 1 node, 1 CPUs
[    0.409898] smpboot: Total of 1 processors activated (5807.98 BogoMIPS)
[    0.411330] devtmpfs: initialized
[    0.413929] evm: security.selinux
[    0.414782] evm: security.SMACK64
[    0.415510] evm: security.SMACK64EXEC
[    0.416255] evm: security.SMACK64TRANSMUTE
[    0.417386] evm: security.SMACK64MMAP
[    0.418250] evm: security.ima
[    0.418944] evm: security.capability
[    0.419764] clocksource: jiffies: mask: 0xffffffff max_cycles: 0xffffffff, max_idle_ns: 7645041785100000 ns
[    0.421821] futex hash table entries: 256 (order: 2, 16384 bytes)
[    0.423106] pinctrl core: initialized pinctrl subsystem
[    0.424215] RTC time: 17:07:52, date: 11/06/21
[    0.425262] NET: Registered protocol family 16
[    0.426630] cpuidle: using governor ladder
[    0.427475] cpuidle: using governor menu
[    0.428315] PCCT header not found.
[    0.429164] ACPI: bus type PCI registered
[    0.430164] acpiphp: ACPI Hot Plug PCI Controller Driver version: 0.5
[    0.431524] PCI: Using configuration type 1 for base access
[    0.433468] ACPI: Added _OSI(Module Device)
[    0.434952] ACPI: Added _OSI(Processor Device)
[    0.435909] ACPI: Added _OSI(3.0 _SCP Extensions)
[    0.436818] ACPI: Added _OSI(Processor Aggregator Device)
[    0.438708] ACPI: Executed 1 blocks of module-level executable AML code
[    0.441605] ACPI: Interpreter enabled
[    0.442509] ACPI: (supports S0 S5)
[    0.443311] ACPI: Using IOAPIC for interrupt routing
[    0.444467] PCI: Using host bridge windows from ACPI; if necessary, use "pci=nocrs" and report a bug
[    0.449198] ACPI: PCI Root Bridge [PCI0] (domain 0000 [bus 00-ff])
[    0.450438] acpi PNP0A03:00: _OSC: OS supports [ASPM ClockPM Segments MSI]
[    0.452214] acpi PNP0A03:00: _OSC: not requesting OS control; OS requires [ExtendedConfig ASPM ClockPM MSI]
[    0.454255] acpi PNP0A03:00: fail to add MMCONFIG information, can't access extended PCI configuration space under this bridge.
[    0.456999] PCI host bridge to bus 0000:00
[    0.457861] pci_bus 0000:00: root bus resource [io  0x0000-0x0cf7 window]
[    0.459445] pci_bus 0000:00: root bus resource [io  0x0d00-0xffff window]
[    0.461060] pci_bus 0000:00: root bus resource [mem 0x000a0000-0x000bffff window]
[    0.462609] pci_bus 0000:00: root bus resource [mem 0x80000000-0xfdffffff window]
[    0.464439] pci_bus 0000:00: root bus resource [bus 00-ff]
[    0.466990] pci 0000:00:01.1: legacy IDE quirk: reg 0x10: [io  0x01f0-0x01f7]
[    0.468701] pci 0000:00:01.1: legacy IDE quirk: reg 0x14: [io  0x03f6]
[    0.470224] pci 0000:00:01.1: legacy IDE quirk: reg 0x18: [io  0x0170-0x0177]
[    0.471926] pci 0000:00:01.1: legacy IDE quirk: reg 0x1c: [io  0x0376]
[    0.496462] pci 0000:00:07.0: quirk: [io  0x4000-0x403f] claimed by PIIX4 ACPI
[    0.506211] pci 0000:00:07.0: quirk: [io  0x4100-0x410f] claimed by PIIX4 SMB
[    0.524338] ACPI: PCI Interrupt Link [LNKA] (IRQs 5 9 10 *11)
[    0.526596] ACPI: PCI Interrupt Link [LNKB] (IRQs 5 9 *10 11)
[    0.528238] ACPI: PCI Interrupt Link [LNKC] (IRQs 5 *9 10 11)
[    0.530267] ACPI: PCI Interrupt Link [LNKD] (IRQs 5 9 10 *11)
[    0.532074] ACPI: Enabled 2 GPEs in block 00 to 07
[    0.533275] vgaarb: setting as boot device: PCI:0000:00:02.0
[    0.535389] vgaarb: device added: PCI:0000:00:02.0,decodes=io+mem,owns=io+mem,locks=none
[    0.537366] vgaarb: loaded
[    0.538081] vgaarb: bridge control possible 0000:00:02.0
[    0.539389] SCSI subsystem initialized
[    0.542797] ACPI: bus type USB registered
[    0.543625] usbcore: registered new interface driver usbfs
[    0.544667] usbcore: registered new interface driver hub
[    0.545841] usbcore: registered new device driver usb
[    0.547392] PCI: Using ACPI for IRQ routing
[    0.548541] NetLabel: Initializing
[    0.549296] NetLabel:  domain hash size = 128
[    0.550243] NetLabel:  protocols = UNLABELED CIPSOv4
[    0.551456] NetLabel:  unlabeled traffic allowed by default
[    0.552836] amd_nb: Cannot enumerate AMD northbridges
[    0.553996] clocksource: Switched to clocksource kvm-clock
[    0.564840] AppArmor: AppArmor Filesystem Enabled
[    0.565782] pnp: PnP ACPI init
[    0.567101] pnp: PnP ACPI: found 3 devices
[    0.573475] clocksource: acpi_pm: mask: 0xffffff max_cycles: 0xffffff, max_idle_ns: 2085701024 ns
[    0.575751] NET: Registered protocol family 2
[    0.576835] TCP established hash table entries: 16384 (order: 5, 131072 bytes)
[    0.578442] TCP bind hash table entries: 16384 (order: 6, 262144 bytes)
[    0.580188] TCP: Hash tables configured (established 16384 bind 16384)
[    0.581322] UDP hash table entries: 1024 (order: 3, 32768 bytes)
[    0.582573] UDP-Lite hash table entries: 1024 (order: 3, 32768 bytes)
[    0.583853] NET: Registered protocol family 1
[    0.584923] pci 0000:00:00.0: Limiting direct PCI/PCI transfers
[    0.586122] pci 0000:00:01.0: Activating ISA DMA hang workarounds
[    0.587395] Unpacking initramfs...
[    0.829253] Freeing initrd memory: 14888K
[    0.830283] clocksource: tsc: mask: 0xffffffffffffffff max_cycles: 0x29dc0055a3d, max_idle_ns: 440795341144 ns
[    0.832240] platform rtc_cmos: registered platform RTC device (no PNP device found)
[    0.833561] Scanning for low memory corruption every 60 seconds
[    0.835170] audit: initializing netlink subsys (disabled)
[    0.836112] audit: type=2000 audit(1636218478.287:1): initialized
[    0.837274] Initialise system trusted keyring
[    0.838226] HugeTLB registered 2 MB page size, pre-allocated 0 pages
[    0.840196] zbud: loaded
[    0.840979] VFS: Disk quotas dquot_6.6.0
[    0.841656] VFS: Dquot-cache hash table entries: 512 (order 0, 4096 bytes)
[    0.843290] squashfs: version 4.0 (2009/01/31) Phillip Lougher
[    0.844414] fuse init (API version 7.23)
[    0.845163] Key type big_key registered
[    0.845852] Allocating IMA MOK and blacklist keyrings.
[    0.847054] Key type asymmetric registered
[    0.847831] Asymmetric key parser 'x509' registered
[    0.848660] Block layer SCSI generic (bsg) driver version 0.4 loaded (major 249)
[    0.849911] io scheduler noop registered
[    0.850713] io scheduler deadline registered (default)
[    0.851796] io scheduler cfq registered
[    0.852871] pci_hotplug: PCI Hot Plug PCI Core version: 0.5
[    0.853726] pciehp: PCI Express Hot Plug Controller Driver version: 0.4
[    0.855094] ACPI: AC Adapter [AC] (on-line)
[    0.855958] input: Power Button as /devices/LNXSYSTM:00/LNXPWRBN:00/input/input0
[    0.857183] ACPI: Power Button [PWRF]
[    0.857864] input: Sleep Button as /devices/LNXSYSTM:00/LNXSLPBN:00/input/input1
[    0.859228] ACPI: Sleep Button [SLPF]
[    0.860088] GHES: HEST is not enabled!
[    0.860860] Serial: 8250/16550 driver, 32 ports, IRQ sharing enabled
[    0.882364] 00:02: ttyS0 at I/O 0x3f8 (irq = 4, base_baud = 115200) is a 16550A
[    0.884656] Linux agpgart interface v0.103
[    0.886336] loop: module loaded
[    0.887507] scsi host0: ata_piix
[    0.888345] scsi host1: ata_piix
[    0.889204] ata1: PATA max UDMA/33 cmd 0x1f0 ctl 0x3f6 bmdma 0xd000 irq 14
[    0.890279] ata2: PATA max UDMA/33 cmd 0x170 ctl 0x376 bmdma 0xd008 irq 15
[    0.891612] libphy: Fixed MDIO Bus: probed
[    0.892332] tun: Universal TUN/TAP device driver, 1.6
[    0.893299] tun: (C) 1999-2004 Max Krasnyansky <maxk@qualcomm.com>
[    0.894649] PPP generic driver version 2.4.2
[    0.895394] ehci_hcd: USB 2.0 'Enhanced' Host Controller (EHCI) Driver
[    0.896343] ehci-pci: EHCI PCI platform driver
[    0.897508] ehci-platform: EHCI generic platform driver
[    0.898469] ohci_hcd: USB 1.1 'Open' Host Controller (OHCI) Driver
[    0.899392] ohci-pci: OHCI PCI platform driver
[    0.900161] ohci-platform: OHCI generic platform driver
[    0.901182] uhci_hcd: USB Universal Host Controller Interface driver
[    0.902626] i8042: PNP: PS/2 Controller [PNP0303:PS2K,PNP0f03:PS2M] at 0x60,0x64 irq 1,12
[    0.904347] serio: i8042 KBD port at 0x60,0x64 irq 1
[    0.905360] serio: i8042 AUX port at 0x60,0x64 irq 12
[    0.906435] mousedev: PS/2 mouse device common for all mice
[    0.907533] input: AT Translated Set 2 keyboard as /devices/platform/i8042/serio0/input/input2
[    0.909399] rtc_cmos rtc_cmos: rtc core: registered rtc_cmos as rtc0
[    0.910560] rtc_cmos rtc_cmos: alarms up to one day, 114 bytes nvram
[    0.911519] i2c /dev entries driver
[    0.912315] device-mapper: uevent: version 1.0.3
[    0.913154] device-mapper: ioctl: 4.34.0-ioctl (2015-10-28) initialised: dm-devel@redhat.com
[    0.914914] ledtrig-cpu: registered to indicate activity on CPUs
[    0.916040] NET: Registered protocol family 10
[    0.916849] NET: Registered protocol family 17
[    0.917936] Key type dns_resolver registered
[    0.918874] registered taskstats version 1
[    0.919561] Loading compiled-in X.509 certificates
[    0.920775] Loaded X.509 cert 'Build time autogenerated kernel key: cf00e047681d67edb2720680708b7d9498083038'
[    0.922754] zswap: loaded using pool lzo/zbud
[    0.924564] Key type trusted registered
[    0.927987] Key type encrypted registered
[    0.928676] AppArmor: AppArmor sha1 policy hashing enabled
[    0.930775] ima: No TPM chip found, activating TPM-bypass!
[    0.932078] ima: Allocated hash algorithm: sha1
[    0.933067] evm: HMAC attrs: 0x1
[    0.933915]   Magic number: 13:349:137
[    0.935021] rtc_cmos rtc_cmos: setting system clock to 2021-11-06 17:07:53 UTC (1636218473)
[    0.936467] BIOS EDD facility v0.16 2004-Jun-25, 0 devices found
[    0.937360] EDD information not available.
[    1.071992] Freeing unused kernel memory: 1492K
[    1.073284] Write protecting the kernel read-only data: 14336k
[    1.074895] Freeing unused kernel memory: 1584K
[    1.076155] Freeing unused kernel memory: 52K
Loading, please wait...
starting version 229
[    1.086323] random: udevadm: uninitialized urandom read (16 bytes read, 3 bits of entropy available)
[    1.088712] random: udevadm: uninitialized urandom read (16 bytes read, 3 bits of entropy available)
[    1.091131] random: systemd-udevd: uninitialized urandom read (16 bytes read, 3 bits of entropy available)
[    1.093720] random: systemd-udevd: uninitialized urandom read (16 bytes read, 3 bits of entropy available)
[    1.096428] random: systemd-udevd: uninitialized urandom read (16 bytes read, 3 bits of entropy available)
[    1.102080] random: systemd-udevd: uninitialized urandom read (16 bytes read, 3 bits of entropy available)
[    1.106091] random: systemd-udevd: uninitialized urandom read (16 bytes read, 3 bits of entropy available)
[    1.108110] random: systemd-udevd: uninitialized urandom read (16 bytes read, 3 bits of entropy available)
[    1.110386] random: systemd-udevd: uninitialized urandom read (16 bytes read, 3 bits of entropy available)
[    1.114206] random: udevadm: uninitialized urandom read (16 bytes read, 3 bits of entropy available)
[    1.157552] e1000: Intel(R) PRO/1000 Network Driver - version 7.3.21-k8-NAPI
[    1.159271] e1000: Copyright (c) 1999-2006 Intel Corporation.
[    1.164661] Fusion MPT base driver 3.04.20
[    1.165590] Copyright (c) 1999-2008 LSI Corporation
[    1.184401] Fusion MPT SPI Host driver 3.04.20
[    1.218468] AVX2 version of gcm_enc/dec engaged.
[    1.219742] AES CTR mode by8 optimization enabled
[    1.383146] input: ImExPS/2 Generic Explorer Mouse as /devices/platform/i8042/serio1/input/input4
[    1.554064] e1000 0000:00:03.0 eth0: (PCI:33MHz:32-bit) 02:be:82:6b:cc:1d
[    1.555490] e1000 0000:00:03.0 eth0: Intel(R) PRO/1000 Network Connection
[    1.557292] mptbase: ioc0: Initiating bringup
[    1.622600] ioc0: LSI53C1030 A0: Capabilities={Initiator}
[    1.784136] scsi host2: ioc0: LSI53C1030 A0, FwRev=00000000h, Ports=1, MaxQ=256, IRQ=20
[    1.899393] scsi 2:0:0:0: Direct-Access     VBOX     HARDDISK         1.0  PQ: 0 ANSI: 5
[    1.900947] scsi target2:0:0: Beginning Domain Validation
[    1.904237] scsi target2:0:0: Domain Validation skipping write tests
[    1.905388] scsi target2:0:0: Ending Domain Validation
[    1.906822] scsi target2:0:0: asynchronous
[    1.908576] scsi 2:0:1:0: Direct-Access     VBOX     HARDDISK         1.0  PQ: 0 ANSI: 5
[    1.910493] scsi target2:0:1: Beginning Domain Validation
[    1.913694] scsi target2:0:1: Domain Validation skipping write tests
[    1.915222] scsi target2:0:1: Ending Domain Validation
[    1.916394] scsi target2:0:1: asynchronous
[    1.921544] sd 2:0:0:0: Attached scsi generic sg0 type 0
[    1.923050] sd 2:0:0:0: [sda] 83886080 512-byte logical blocks: (42.9 GB/40.0 GiB)
[    1.936952] sd 2:0:1:0: Attached scsi generic sg1 type 0
[    1.937980] sd 2:0:1:0: [sdb] 20480 512-byte logical blocks: (10.5 MB/10.0 MiB)
[    1.944368] sd 2:0:1:0: [sdb] Write Protect is off
[    1.945634] sd 2:0:1:0: [sdb] Incomplete mode parameter data
[    1.946660] sd 2:0:1:0: [sdb] Assuming drive cache: write through
[    1.970631] sd 2:0:0:0: [sda] Write Protect is off
[    1.971955] sd 2:0:0:0: [sda] Incomplete mode parameter data
[    1.973401] sd 2:0:0:0: [sda] Assuming drive cache: write through
[    1.983401] sd 2:0:1:0: [sdb] Attached SCSI disk
[    1.989714]  sda: sda1
[    2.004070] sd 2:0:0:0: [sda] Attached SCSI disk
[    2.299177] e1000 0000:00:08.0 eth1: (PCI:33MHz:32-bit) 08:00:27:8f:97:a1
[    2.300658] e1000 0000:00:08.0 eth1: Intel(R) PRO/1000 Network Connection
[    2.303508] e1000 0000:00:08.0 enp0s8: renamed from eth1
[    2.305769] e1000 0000:00:03.0 enp0s3: renamed from eth0
Begin: Loading essential drivers ... [    3.560876] md: linear personality registered for level -1
[    3.564739] md: multipath personality registered for level -4
[    3.568510] md: raid0 personality registered for level 0
[    3.572717] md: raid1 personality registered for level 1
[    3.642026] raid6: sse2x1   gen() 10788 MB/s
[    3.710071] raid6: sse2x1   xor()  7267 MB/s
[    3.778118] raid6: sse2x2   gen() 15571 MB/s
[    3.846053] raid6: sse2x2   xor() 10240 MB/s
[    3.914061] raid6: sse2x4   gen() 16870 MB/s
[    3.982036] raid6: sse2x4   xor() 10195 MB/s
[    4.050043] raid6: avx2x1   gen() 22048 MB/s
[    4.118048] raid6: avx2x2   gen() 28822 MB/s
[    4.186079] raid6: avx2x4   gen() 31885 MB/s
[    4.187290] raid6: using algorithm avx2x4 gen() 31885 MB/s
[    4.188337] raid6: using avx2x2 recovery algorithm
[    4.190507] xor: automatically using best checksumming function:
[    4.230024]    avx       : 24675.000 MB/sec
[    4.232503] async_tx: api initialized (async)
[    4.243264] md: raid6 personality registered for level 6
[    4.244303] md: raid5 personality registered for level 5
[    4.245129] md: raid4 personality registered for level 4
[    4.250628] md: raid10 personality registered for level 10
done.
Begin: Running /scripts/init-premount ... done.
Begin: Mounting root file system ... Begin: Running /scripts/local-top ... done.
Begin: Running /scripts/local-premount ... [    4.279556] Btrfs loaded
Scanning for Btrfs filesystems
done.
Warning: fsck not present, so skipping root file system
[    4.307490] EXT4-fs (sda1): mounted filesystem with ordered data mode. Opts: (null)
done.
Begin: Running /scripts/local-bottom ... done.
Begin: Running /scripts/init-bottom ... done.
[    4.386741] systemd[1]: systemd 229 running in system mode. (+PAM +AUDIT +SELINUX +IMA +APPARMOR +SMACK +SYSVINIT +UTMP +LIBCRYPTSETUP +GCRYPT +GNUTLS +ACL +XZ -LZ4 +SECCOMP +BLKID +ELFUTILS +KMOD -IDN)
[    4.389517] systemd[1]: Detected virtualization oracle.
[    4.390454] systemd[1]: Detected architecture x86-64.

Welcome to [1mUbuntu 16.04.7 LTS[0m!

[    4.393854] systemd[1]: Set hostname to <ubuntu>.
[    4.396504] systemd[1]: Initializing machine ID from random generator.
[    4.397713] systemd[1]: Installed transient /etc/machine-id file.
[    4.508701] systemd[1]: Listening on LVM2 metadata daemon socket.
[[0;32m  OK  [0m] Listening on LVM2 metadata daemon socket.
[    4.518341] systemd[1]: Started Forward Password Requests to Wall Directory Watch.
[[0;32m  OK  [0m] Started Forward Password Requests to Wall Directory Watch.
[    4.520937] systemd[1]: Listening on Journal Socket (/dev/log).
[[0;32m  OK  [0m] Listening on Journal Socket (/dev/log).
[    4.530382] systemd[1]: Started Trigger resolvconf update for networkd DNS.
[[0;32m  OK  [0m] Started Trigger resolvconf update for networkd DNS.
[    4.538693] systemd[1]: Listening on LVM2 poll daemon socket.
[[0;32m  OK  [0m] Listening on LVM2 poll daemon socket.
[    4.546644] systemd[1]: Reached target System Time Synchronized.
[[0;32m  OK  [0m] Reached target System Time Synchronized.
[    4.555212] systemd[1]: Set up automount Arbitrary Executable File Formats File System Automount Point.
[[0;32m  OK  [0m] Set up automount Arbitrary Executab...ats File System Automount Point.
[    4.557875] systemd[1]: Listening on udev Kernel Socket.
[[0;32m  OK  [0m] Listening on udev Kernel Socket.
[    4.566561] systemd[1]: Listening on udev Control Socket.
[[0;32m  OK  [0m] Listening on udev Control Socket.
[    4.574429] systemd[1]: Reached target Encrypted Volumes.
[[0;32m  OK  [0m] Reached target Encrypted Volumes.
[    4.576314] systemd[1]: Listening on Device-mapper event daemon FIFOs.
[[0;32m  OK  [0m] Listening on Device-mapper event daemon FIFOs.
[    4.586537] systemd[1]: Listening on Syslog Socket.
[[0;32m  OK  [0m] Listening on Syslog Socket.
[    4.594778] systemd[1]: Listening on /dev/initctl Compatibility Named Pipe.
[[0;32m  OK  [0m] Listening on /dev/initctl Compatibility Named Pipe.
[    4.596834] systemd[1]: Created slice User and Session Slice.
[[0;32m  OK  [0m] Created slice User and Session Slice.
[    4.606178] systemd[1]: Reached target User and Group Name Lookups.
[[0;32m  OK  [0m] Reached target User and Group Name Lookups.
[    4.614608] systemd[1]: Listening on Journal Socket.
[[0;32m  OK  [0m] Listening on Journal Socket.
[    4.622651] systemd[1]: Listening on fsck to fsckd communication Socket.
[[0;32m  OK  [0m] Listening on fsck to fsckd communication Socket.
[    4.624798] systemd[1]: Reached target Swap.
[[0;32m  OK  [0m] Reached target Swap.
[    4.634744] systemd[1]: Created slice System Slice.
[[0;32m  OK  [0m] Created slice System Slice.
[    4.643027] systemd[1]: Mounting Huge Pages File System...
         Mounting Huge Pages File System...
[    4.650920] systemd[1]: Starting Create list of required static device nodes for the current kernel...
         Starting Create list of required st... nodes for the current kernel...
[    4.655428] systemd[1]: Mounting Debug File System...
         Mounting Debug File System...
[    4.661229] systemd[1]: Starting Load Kernel Modules...
         Starting Load Kernel Modules...
[    4.665291] systemd[1]: Starting Monitoring of LVM2 mirrors, snapshots etc. using dmeventd or progress polling...
         Starting Monitoring of LVM2 mirrors... dmeventd or progress polling...
[    4.670734] systemd[1]: Mounting POSIX Message Queue File System...
[    4.674786] Loading iSCSI transport class v2.0-870.
         Mounting POSIX Message Queue File System...
[    4.677867] systemd[1]: Starting File System Check on Root Device...
         Starting File System Check on Root Device...
[    4.683035] systemd[1]: Reached target Slices.
[[0;32m  OK  [0m] Reached target Slices.
[    4.688819] systemd[1]: Starting Set console keymap...
         Starting Set console keymap...
[    4.694633] systemd[1]: Starting Uncomplicated firewall...
         Starting Uncomplicated firewall...
[    4.700738] systemd[1]: Starting Nameserver information manager...
         Starting Nameserver information manager...
[    4.715325] systemd[1]: Created slice system-serial\x2dgetty.slice.
[[0;32m  OK  [0m] Created slice system-serial\x2dgetty.slice.
[    4.717258] iscsi: registered transport (tcp)
[    4.722285] systemd[1]: Listening on Journal Audit Socket.
[[0;32m  OK  [0m] Listening on Journal Audit Socket.
[    4.730687] systemd[1]: Starting Journal Service...
         Starting Journal Service...
[    4.734514] systemd[1]: Mounted Huge Pages File System.
[[0;32m  OK  [0m] Mounted Huge Pages File System.
[    4.736115] systemd[1]: Mounted POSIX Message Queue File System.
[[0;32m  OK  [0m] Mounted POSIX Message Queue File System.
[    4.738205] systemd[1]: Mounted Debug File System.
[[0;32m  OK  [0m] Mounted Debug File System.
[    4.742893] systemd[1]: Started Create list of required static device nodes for the current kernel.
[[0;32m  OK  [0m] Started Create list of required sta...ce nodes for the current kernel.
[    4.750829] systemd[1]: Started File System Check on Root Device.
[[0;32m  OK  [0m] Started File System Check on Root Device.
[    4.754109] systemd[1]: Started Uncomplicated firewall.
[[0;32m  OK  [0m] Started Uncomplicated firewall.
[    4.761346] systemd[1]: Started LVM2 metadata daemon.
[[0;32m  OK  [0m] Started LVM2 metadata daemon.
[    4.767688] systemd[1]: Started File System Check Daemon to report status.
[[0;32m  OK  [0m] Started File System Check Daemon to report status.
[    4.776910] systemd[1]: Starting Remount Root and Kernel File Systems...
         Starting Remount Root and Kernel File Systems...
[    4.782196] systemd[1]: Starting Create Static Device Nodes in /dev...
         Starting Create Static Device Nodes in /dev...
[    4.786734] EXT4-fs (sda1): re-mounted. Opts: (null)
[    4.790262] systemd[1]: Started Nameserver information manager.
[[0;32m  OK  [0m] Started Nameserver information manager.
[    4.795705] systemd[1]: Started Remount Root and Kernel File Systems.
[[0;32m  OK  [0m] Started Remount Root and Kernel File Systems.
[    4.801329] systemd[1]: Starting Load/Save Random Seed...
         Starting Load/Save Random Seed...
[    4.808405] systemd[1]: Starting udev Coldplug all Devices...
         Starting udev Coldplug all Devices...
[    4.814874] systemd[1]: Started Set console keymap.
[[0;32m  OK  [0m] Started Set console keymap.
[    4.819717] systemd[1]: Started Load/Save Random Seed.
[[0;32m  OK  [0m] Started Load/Save Random Seed.
[    4.828314] iscsi: registered transport (iser)
[    4.832336] systemd[1]: Started Create Static Device Nodes in /dev.
[[0;32m  OK  [0m] Started Create Static Device Nodes in /dev.
[    4.835308] systemd[1]: Started Load Kernel Modules.
[[0;32m  OK  [0m] Started Load Kernel Modules.
[    4.840074] systemd[1]: Starting Apply Kernel Variables...
         Starting Apply Kernel Variables...
[    4.847097] systemd[1]: Mounting FUSE Control File System...
         Mounting FUSE Control File System...
[    4.852590] systemd[1]: Starting udev Kernel Device Manager...
         Starting udev Kernel Device Manager...
[    4.863477] systemd[1]: Mounted FUSE Control File System.
[[0;32m  OK  [0m] Mounted FUSE Control File System.
[[0;32m  OK  [0m] Started Apply Kernel Variables.
[[0;32m  OK  [0m] Started Journal Service.
         Starting Flush Journal to Persistent Storage...
[[0;32m  OK  [0m] Started Flush Journal to Persistent Storage.
[[0;32m  OK  [0m] Started udev Kernel Device Manager.
[[0;32m  OK  [0m] Started udev Coldplug all Devices.
[[0;32m  OK  [0m] Started Dispatch Password Requests to Console Directory Watch.
[[0;32m  OK  [0m] Found device /dev/ttyS0.
[[0;32m  OK  [0m] Listening on Load/Save RF Kill Switch Status /dev/rfkill Watch.
[[0;32m  OK  [0m] Started Monitoring of LVM2 mirrors,...ng dmeventd or progress polling.
[[0;32m  OK  [0m] Reached target Local File Systems (Pre).
[[0;32m  OK  [0m] Reached target Local File Systems.
         Starting Commit a transient machine-id on disk...
         Starting Create Volatile Files and Directories...
         Starting LSB: AppArmor initialization...
         Starting Initial cloud-init job (pre-networking)...
         Starting Tell Plymouth To Write Out Runtime Data...
         Starting Set console font and keymap...
[[0;32m  OK  [0m] Started Commit a transient machine-id on disk.
[[0;32m  OK  [0m] Started Tell Plymouth To Write Out Runtime Data.
[[0;32m  OK  [0m] Started Create Volatile Files and Directories.
         Starting Update UTMP about System Boot/Shutdown...
[[0;32m  OK  [0m] Started Update UTMP about System Boot/Shutdown.
[[0;32m  OK  [0m] Started Set console font and keymap.
[[0;32m  OK  [0m] Created slice system-getty.slice.
[    6.724150] cloud-init[611]: Cloud-init v. 21.1-19-gbad84ad4-0ubuntu1~16.04.2 running 'init-local' at Sat, 06 Nov 2021 17:07:58 +0000. Up 6.20 seconds.
[[0;32m  OK  [0m] Started Initial cloud-init job (pre-networking).
[[0;32m  OK  [0m] Reached target Network (Pre).
[[0;32m  OK  [0m] Started LSB: AppArmor initialization.
         Starting Raise network interfaces...
         Starting Load AppArmor profiles managed internally by snapd...
[[0;32m  OK  [0m] Started Load AppArmor profiles managed internally by snapd.
[[0;32m  OK  [0m] Started Raise network interfaces.
[[0;32m  OK  [0m] Reached target Network.
         Starting Initial cloud-init job (metadata service crawler)...
[    7.767500] cloud-init[963]: Cloud-init v. 21.1-19-gbad84ad4-0ubuntu1~16.04.2 running 'init' at Sat, 06 Nov 2021 17:08:00 +0000. Up 7.27 seconds.
[    7.768703] cloud-init[963]: ci-info: ++++++++++++++++++++++++++++++++++++++Net device info+++++++++++++++++++++++++++++++++++++++
[    7.776363] cloud-init[963]: ci-info: +--------+-------+----------------------------+---------------+--------+-------------------+
[    7.777403] cloud-init[963]: ci-info: | Device |   Up  |          Address           |      Mask     | Scope  |     Hw-Address    |
[    7.784344] cloud-init[963]: ci-info: +--------+-------+----------------------------+---------------+--------+-------------------+
[    7.792307] cloud-init[963]: ci-info: | enp0s3 |  True |         10.0.2.15          | 255.255.255.0 | global | 02:be:82:6b:cc:1d |
[    7.800292] cloud-init[963]: ci-info: | enp0s3 |  True | fe80::be:82ff:fe6b:cc1d/64 |       .       |  link  | 02:be:82:6b:cc:1d |
[    7.808317] cloud-init[963]: ci-info: | enp0s8 | False |             .              |       .       |   .    | 08:00:27:8f:97:a1 |
[    7.816625] cloud-init[963]: ci-info: |   lo   |  True |         127.0.0.1          |   255.0.0.0   |  host  |         .         |
[    7.824617] cloud-init[963]: ci-info: |   lo   |  True |          ::1/128           |       .       |  host  |         .         |
[[0;32m  OK  [0m] Started Initial cloud-init job (metadata service crawler).
[[0;32m  OK  [0m] Reached target Network is Online.
         Starting iSCSI initiator daemon (iscsid)...
[[0;32m  OK  [0m] Reached target System Initialization.
[[0;32m  OK  [0m] Started Daily apt download activities.
[[0;32m  OK  [0m] Listening on ACPID Listen Socket.
[[0;32m  OK  [0m] Started Daily Cleanup of Temporary Directories.
[[0;32m  OK  [0m] Listening on UUID daemon activation socket.
[    7.833952] cloud-init[963]: ci-info: +--------+-------+----------------------------+---------------+--------+-------------------+
[    7.852289] cloud-init[963]: ci-info: +++++++++++++++++++++++++++Route IPv4 info++++++++++++++++++++++++++++
[    7.853077] cloud-init[963]: ci-info: +-------+-------------+----------+---------------+-----------+-------+
[    7.853754] cloud-init[963]: ci-info: | Route | Destination | Gateway  |    Genmask    | Interface | Flags |
[[0;32m  OK  [0m] Started Message of the Day.
[    7.862554] cloud-init[963]: ci-info: +-------+-------------+----------+---------------+-----------+-------+
[    7.864615] cloud-init[963]: ci-info: |   0   |   0.0.0.0   | 10.0.2.2 |    0.0.0.0    |   enp0s3  |   UG  |
[    7.872559] cloud-init[963]: ci-info: |   1   |   10.0.2.0  | 0.0.0.0  | 255.255.255.0 |   enp0s3  |   U   |
[    7.880652] cloud-init[963]: ci-info: +-------+-------------+----------+---------------+-----------+-------+
[    7.881642] cloud-init[963]: ci-info: +++++++++++++++++++Route IPv6 info+++++++++++++++++++
         Starting LXD - unix socket.
[    7.884083] cloud-init[963]: ci-info: +-------+-------------+---------+-----------+-------+
[    7.884974] cloud-init[963]: ci-info: | Route | Destination | Gateway | Interface | Flags |
[    7.886067] cloud-init[963]: ci-info: +-------+-------------+---------+-----------+-------+
[    7.892491] cloud-init[963]: ci-info: |   0   |  fe80::/64  |    ::   |   enp0s3  |   U   |
[    7.900502] cloud-init[963]: ci-info: |   3   |   ff00::/8  |    ::   |   enp0s3  |   U   |
[    7.908413] cloud-init[963]: ci-info: +-------+-------------+---------+-----------+-------+
[[0;32m  OK  [0m] Started ACPI Events Check.
[[0;32m  OK  [0m] Reached target Paths.
[[0;32m  OK  [0m] Started Daily apt upgrade and clean activities.
[[0;32m  OK  [0m] Listening on D-Bus System Message Bus Socket.
         Starting Socket activation for snappy daemon.
[    7.918361] cloud-init[963]: Generating public/private rsa key pair.
[    7.950653] cloud-init[963]: Your identification has been saved in /etc/ssh/ssh_host_rsa_key.
[    7.956213] cloud-init[963]: Your public key has been saved in /etc/ssh/ssh_host_rsa_key.pub.
[    7.964245] cloud-init[963]: The key fingerprint is:
[[0;32m  OK  [0m] Started Ubuntu Advantage update messaging.
[[0;32m  OK  [0m] Reached target Timers.
[[0;32m  OK  [0m] Reached target Cloud-config availability.
[    7.974385] cloud-init[963]: SHA256:t8qnB+HEe4dFnpxvlOPFLtiltH6iWZmJadNs2sjsOG4 root@ubuntu-xenial
[[0;32m  OK  [0m] Listening on LXD - unix socket.
[[0;32m  OK  [0m] Listening on Socket activation for snappy daemon.
[[0;32m  OK  [0m] Started iSCSI initiator daemon (iscsid).
         Starting Login to default iSCSI targets...
[[0;32m  OK  [0m] Reached target Sockets.
[[0;32m  OK  [0m] Reached target Basic System.
[    7.998193] cloud-init[963]: The key's randomart image is:
[    8.031073] cloud-init[963]: +---[RSA 2048]----+
[    8.031934] cloud-init[963]: |                 |
[    8.032907]          Starting Accounts Service...
cloud-init[963]: |            .    |
[[0;32m  OK  [0m] Started FUSE filesystem for LXC.
         Starting LSB: Record successful boot for GRUB...
         Starting Virtualbox guest utils...
         Starting /etc/rc.local Compatibility...
[[0;32m  OK  [0m] Started D-Bus System Message Bus.
[    8.052291] cloud-init[963]: |       .   + o o |
[    8.077724] cloud-init[963]: |        +   * = +|
[    8.078292] cloud-init[963]: |       oSo.o B B |
[    8.078882] cloud-init[963]: |        +.o.o=O+.|
[    8.079403] cloud-init[963]: |         o..=oO. |
[    8.079916] cloud-init[963]: |       . .E= Oo .|
[    8.088229] cloud-init[963]: |        +*ooO..o |
[    8.096197]          Starting System Logging Service...
[[0;32m  OK  [0m] Started Deferred execution scheduler.
         Starting Login Service...
cloud-init[963]: +----[SHA256]-----+
[[0;32m  OK  [0m] Started Regular background program processing daemon.
         Starting Snap Daemon...
         Starting Pollinate to seed the pseudo random number generator...
[[0;32m  OK  [0m] Started ACPI event daemon.
         Starting LSB: MD monitoring daemon...
[    8.102865] cloud-init[963]: Generating public/private dsa key pair.
         Starting LXD - container startup/shutdown...
[[0;32m  OK  [0m] Started /etc/rc.local Compatibility.
[[0;32m  OK  [0m] Started Login to default iSCSI targets.
[[0;32m  OK  [0m] Started System Logging Service.
[[0;32m  OK  [0m] Reached target Remote File Systems (Pre).
[[0;32m  OK  [0m] Reached target Remote File Systems.
         Starting Permit User Sessions...
         Starting LSB: daemon to balance interrupts for SMP systems...
         Starting LSB: automatic crash report generation...
         Starting LSB: Set the CPU Frequency Scaling governor to "ondemand"...
[[0;32m  OK  [0m] Started Permit User Sessions.
[    8.176307] cloud-init[963]: Your identification has been saved in /etc/ssh/ssh_host_dsa_key.
[    8.204254] cloud-init[963]: Your public key has been saved in /etc/ssh/ssh_host_dsa_key.pub.
         Starting Authenticate and Authorize Users to Run Privileged Tasks...
[    8.218413] cloud-init[963]: The key fingerprint is:
         Starting Hold until boot process finishes up...
         Starting Terminate Plymouth Boot Screen...
[[0;32m  OK  [0m] Started LSB: Record successful boot for GRUB.
[[0;32m  OK  [0m] Started Hold until boot process finishes up.
[[0;32m  OK  [0m] Started Serial Getty on ttyS0.
         Starting Set console scheme...
[[0;32m  OK  [0m] Started Getty on tty1.
[[0;32m  OK  [0m] Reached target Login Prompts.
[[0;32m  OK  [0m] Started LSB: Set the CPU Frequency Scaling governor to "ondemand".
[[0;32m  OK  [0m] Started Terminate Plymouth Boot Screen.
[[0;32m  OK  [0m[    8.238006] cloud-init[963]: SHA256:mhMNkcZg4/5fpt0MUSfVdUt8OuSzHWKbCAAq5EntVCE root@ubuntu-xenial
[    8.273054] cloud-init[963]: The key's randomart image is:
[    8.273369] cloud-init[963]: +---[DSA 1024]----+
[    8.273589] cloud-init[963]: | o.E=*+.      oo+|
[    8.273892] cloud-init[963]: |+ .=o.+o     .o.=|
[    8.274379] cloud-init[963]: | +o.... .   oo.o.|
[    8.275328] cloud-init[963]: |  .o   o . . ==. |
[    8.275885] cloud-init] Started Set console scheme.
[[0;32m  OK  [0m] Started Login Service.
[[0;32m  OK  [0m] Started Unattended Upgrades Shutdown.
[[0;32m  OK  [0m] Started LSB: automatic crash report generation.
[[0;32m  OK  [0m] Started LSB: MD monitoring daemon.
[[0;32m  OK  [0m] Started Authenticate and Authorize Users to Run Privileged Tasks.
[[0;32m  OK  [0m] Started Accounts Service.
[963]: |    . . S o o +=.|
[    8.319983] cloud-init[963]: |     . +   o o. .|
[    8.325784] cloud-init[963]: |      =   +      |
[    8.331729] cloud-init[963]: |       o = +     |
[    8.334662] cloud-init[963]: |        o . o    |
[    8.344913] cloud-init[963]: +----[SHA256]-----+
[    8.345832] cloud-init[963]: Generating public/private ecdsa key pair.
[    8.350380] cloud-init[963]: Your identification has been saved in /etc/ssh/ssh_host_ecdsa_key.[[0;32m  OK  [0m] Started LSB: daemon to balance interrupts for SMP systems.

[    8.364554] cloud-init[963]: Your public key has been saved in /etc/ssh/ssh_host_ecdsa_key.pub.
[    8.366348] cloud-init[963]: The key fingerprint is:
[    8.369629] cloud-init[963]: SHA256:PAu273FppKD67llU3tmUdIZpx4e0d7z6S04ceuSRCxk root@ubuntu-xenial
[    8.375880] cloud-init[963]: The key's randomart image is:
[    8.381313] cloud-init[963]: +---[ECDSA 256]---+
[    8.385878] cloud-init[963]: |            .=+. |
[    8.393148] cloud-init[963]: |           .+++o.|
[    8.400824] cloud-init[963]: |        .  .oE..+|
[    8.418511] cloud-init[963]: |       + . +  o.+|
[    8.419625] cloud-init[963]: |      = S + .o * |
[    8.422392] cloud-init[963]: |     + + = .  B +|
[    8.424891] cloud-init[963]: |    . o + +  o B |
[    8.426558] cloud-init[963]: |   . o . +    *  |
[    8.434170] [[0;32m  OK  [0m] Started LXD - container startup/shutdown.
cloud-init[963]: |  .+=  .o      +.|
[    8.441389] cloud-init[963]: +----[SHA256]-----+
[    8.445151] cloud-init[963]: Generating public/private ed25519 key pair.
[    8.450349] cloud-init[963]: Your identification has been saved in /etc/ssh/ssh_host_ed25519_key.
[    8.460342] cloud-init[963]: Your public key has been saved in /etc/ssh/ssh_host_ed25519_key.pub.
[    8.461491] cloud-init[963]: The key fingerprint is:
[    8.462732] cloud-init[963]: SHA256:mtx2asddb3P3Dn9SMb935yksGfrywp2vx1gxWt9OcN0 root@ubuntu-xenial
[    8.464243] cloud-init[963]: The key's randomart image is:
[[0;32m  OK  [0m] Started Virtualbox guest utils.
[    8.471589] cloud-init[963]: +--[ED25519 256]--+
[    8.475748] cloud-init[963]: |                 |
[    8.483669] cloud-init[963]: |                 |
[    8.492843] cloud-init[963]: |                o|
[    8.493619] cloud-init[963]: |             +.oE|
[    8.494731] cloud-init[963]: |        S   o +o=|
[    8.500397] cloud-init[963]: |     . +   o ...=|
[    8.501326] cloud-init[963]: |      + +.+.O..=.|
[    8.502523] cloud-init[963]: |       ..Bo*.=.=%|
[    8.509150] cloud-init[963]: |       ...=+=..*#|
[    8.514701] cloud-init[963]: +----[SHA256]-----+
[[0;32m  OK  [0m] Started Snap Daemon.
         Starting Wait until snapd is fully seeded...
[[0;32m  OK  [0m] Started Pollinate to seed the pseudo random number generator.
         Starting OpenBSD Secure Shell server...
[[0;32m  OK  [0m] Started OpenBSD Secure Shell server.
[[0;32m  OK  [0m] Started Wait until snapd is fully seeded.
         Starting Apply the settings specified in cloud-config...
[[0;32m  OK  [0m] Reached target Multi-User System.
[[0;32m  OK  [0m] Reached target Graphical Interface.
         Starting Update UTMP about System Runlevel Changes...
[[0;32m  OK  [0m] Started Update UTMP about System Runlevel Changes.
[    9.571874] cloud-init[1317]: Generating locales (this might take a while)...
[   10.234206] cloud-init[1317]:   en_US.UTF-8... done
[   10.235799] cloud-init[1317]: Generation complete.
[   10.483154] cloud-init[1317]: Cloud-init v. 21.1-19-gbad84ad4-0ubuntu1~16.04.2 running 'modules:config' at Sat, 06 Nov 2021 17:08:02 +0000. Up 9.48 seconds.
[[0;32m  OK  [0m] Started Apply the settings specified in cloud-config.
         Starting Execute cloud user/final scripts...
ci-info: no authorized SSH keys fingerprints found for user ubuntu.
<14>Nov  6 17:08:03 ec2: 
<14>Nov  6 17:08:03 ec2: #############################################################
<14>Nov  6 17:08:03 ec2: -----BEGIN SSH HOST KEY FINGERPRINTS-----
<14>Nov  6 17:08:03 ec2: 1024 SHA256:mhMNkcZg4/5fpt0MUSfVdUt8OuSzHWKbCAAq5EntVCE root@ubuntu-xenial (DSA)
<14>Nov  6 17:08:03 ec2: 256 SHA256:PAu273FppKD67llU3tmUdIZpx4e0d7z6S04ceuSRCxk root@ubuntu-xenial (ECDSA)
<14>Nov  6 17:08:03 ec2: 256 SHA256:mtx2asddb3P3Dn9SMb935yksGfrywp2vx1gxWt9OcN0 root@ubuntu-xenial (ED25519)
<14>Nov  6 17:08:03 ec2: 2048 SHA256:t8qnB+HEe4dFnpxvlOPFLtiltH6iWZmJadNs2sjsOG4 root@ubuntu-xenial (RSA)
<14>Nov  6 17:08:03 ec2: -----END SSH HOST KEY FINGERPRINTS-----
<14>Nov  6 17:08:03 ec2: #############################################################
-----BEGIN SSH HOST KEY KEYS-----
ecdsa-sha2-nistp256 AAAAE2VjZHNhLXNoYTItbmlzdHAyNTYAAAAIbmlzdHAyNTYAAABBBA94Of8/pUehz2ZKvJuN+aHX7+gN5xt5U9yG1g5wEPQlT2o83B+5muHVM9jahKy4EXrODVr/Oo5FhofxIza3t7s= root@ubuntu-xenial
ssh-ed25519 AAAAC3NzaC1lZDI1NTE5AAAAIG1nnq3aYJUPHo1s3HUXQRA8HnkhdFUvN82S92IuL0q9 root@ubuntu-xenial
ssh-rsa AAAAB3NzaC1yc2EAAAADAQABAAABAQDcp9nAGNgOv0zSeI/QdxLCJSndtQpzPaHcXK2IYOVxiqP219YW393wgEALzeURNJXo9U5Mslo+3G/YcJRvWoV+Mdupvzfc7jXTZ/H4di9QkYtOF5rJmALt75xg8TjAOt1lwTTzBpWgrBwgU+VnBwT+q1qCISPZkxRIHBl46nLIYZYUSAabxorBVmA2UDY5NLNuocP7F0tEr49Ew9LKEVX3+UA5VgMOtiBQnff9+/JOV4BxmL1ZjBEnZ6w98BT+Z7wL/gwO0A94nW3eSEhl0Zy5nEzvZoHdpDJRHEiZE+hHDO/UMA71EKFfNOZDVdSL/wfndqacKZvYANM3sKjNUReJ root@ubuntu-xenial
-----END SSH HOST KEY KEYS-----
[   10.875063] cloud-init[1361]: Cloud-init v. 21.1-19-gbad84ad4-0ubuntu1~16.04.2 running 'modules:final' at Sat, 06 Nov 2021 17:08:03 +0000. Up 10.75 seconds.
[   10.880352] cloud-init[1361]: ci-info: no authorized SSH keys fingerprints found for user ubuntu.
[   10.881344] cloud-init[1361]: Cloud-init v. 21.1-19-gbad84ad4-0ubuntu1~16.04.2 finished at Sat, 06 Nov 2021 17:08:03 +0000. Datasource DataSourceNoCloud [seed=/dev/sdb][dsmode=net].  Up 10.87 seconds
[[0;32m  OK  [0m] Started Execute cloud user/final scripts.
[[0;32m  OK  [0m] Reached target Cloud-init target.

Ubuntu 16.04.7 LTS ubuntu-xenial ttyS0

ubuntu-xenial login: 